#
# A fatal error has been detected by the Java Runtime Environment:
#
#  SIGBUS (0xa) at pc=0x0000000111dfdff8, pid=79258, tid=0x0000000000000307
#
# JRE version: Java(TM) SE Runtime Environment (8.0_221-b11) (build 1.8.0_221-b11)
# Java VM: Java HotSpot(TM) 64-Bit Server VM (25.221-b11 mixed mode bsd-amd64 compressed oops)
# Problematic frame:
# C  0x0000000111dfdff8
#
# Failed to write core dump. Core dumps have been disabled. To enable core dumping, try "ulimit -c unlimited" before starting Java again
#
# If you would like to submit a bug report, please visit:
#   http://bugreport.java.com/bugreport/crash.jsp
# The crash happened outside the Java Virtual Machine in native code.
# See problematic frame for where to report the bug.
#

---------------  T H R E A D  ---------------

Current thread (0x00007fd3d2001800):  JavaThread "Render thread" [_thread_in_native, id=775, stack(0x00007ffee4cf1000,0x00007ffee54f1000)]

siginfo: si_signo: 10 (SIGBUS), si_code: 2 (BUS_ADRERR), si_addr: 0x0000000111dfdff8

Registers:
RAX=0x00000001151178c0, RBX=0x000000012d040668, RCX=0x0000000111dfdff8, RDX=0x0000000115634730
RSP=0x00007ffee54ea818, RBP=0x00007ffee54ea880, RSI=0x00007ffee54ea890, RDI=0x0000000115634730
R8 =0x000000011590d4e8, R9 =0x00000000ffffffe8, R10=0x00000001158c463b, R11=0x000000010c4e9873
R12=0x0000000000000000, R13=0x000000012d040668, R14=0x00007ffee54ea8b8, R15=0x00007fd3d2001800
RIP=0x0000000111dfdff8, EFLAGS=0x0000000000010216, ERR=0x0000000000000015
  TRAPNO=0x000000000000000e

Top of Stack: (sp=0x00007ffee54ea818)
0x00007ffee54ea818:   00000001158c4667 00007ffee54ea880
0x00007ffee54ea828:   00000001158c43b9 0000000500000019
0x00007ffee54ea838:   00000001158c4382 00007ffee54ea840
0x00007ffee54ea848:   000000012d040668 00007ffee54ea8b8
0x00007ffee54ea858:   000000012d070508 0000000000000000
0x00007ffee54ea868:   000000012d040668 0000000000000000
0x00007ffee54ea878:   00007ffee54ea8a0 00007ffee54ea900
0x00007ffee54ea888:   00000001158b3d00 00000007b5334ad8
0x00007ffee54ea898:   00000001158bdd16 0000000111dfdff8
0x00007ffee54ea8a8:   00000001158cfa76 0000000115634730
0x00007ffee54ea8b8:   00000001158cfa3f 00007ffee54ea8c0
0x00007ffee54ea8c8:   0000000114fcc63e 00007ffee54ea928
0x00007ffee54ea8d8:   000000011505f428 0000000000000000
0x00007ffee54ea8e8:   0000000114fcc668 00007ffee54ea8a0
0x00007ffee54ea8f8:   00007ffee54ea920 00007ffee54ea970
0x00007ffee54ea908:   00000001158b3d00 0000000115634730
0x00007ffee54ea918:   0000000000000000 0000000111dfdff8
0x00007ffee54ea928:   00000007a1ad9c60 00007ffee54ea930
0x00007ffee54ea938:   0000000114fcc6ff 00007ffee54ea980
0x00007ffee54ea948:   000000011505f428 0000000000000000
0x00007ffee54ea958:   0000000114fcc720 00007ffee54ea920
0x00007ffee54ea968:   00007ffee54ea980 00007ffee54ea9c8
0x00007ffee54ea978:   00000001158b3d00 00000007b5334b88
0x00007ffee54ea988:   00007ffee54ea988 000000012cfda2e5
0x00007ffee54ea998:   00007ffee54eaa20 000000012cfdcdb0
0x00007ffee54ea9a8:   0000000000000000 000000012cfda3f0
0x00007ffee54ea9b8:   00007ffee54ea980 00007ffee54eaa20
0x00007ffee54ea9c8:   00007ffee54eaa68 00000001158b42bd
0x00007ffee54ea9d8:   0000000000000000 0000000000000000
0x00007ffee54ea9e8:   0000000000000000 0000000000000000
0x00007ffee54ea9f8:   0000000000000000 0000000000000000
0x00007ffee54eaa08:   00000007b5334b88 0000000000000000 

Instructions: (pc=0x0000000111dfdff8)
0x0000000111dfdfd8:   66 77 53 65 74 67 67 6c 66 67 6c 66 77 67 6c 66
0x0000000111dfdfe8:   77 47 65 74 50 72 6f 63 41 64 64 72 65 73 73 00
0x0000000111dfdff8:   00 00 00 00 00 00 00 00 00 72 b0 d6 d3 7f 00 00
0x0000000111dfe008:   00 00 01 00 00 00 00 00 c0 03 f2 d2 d3 7f 00 00 

Register to memory mapping:

RAX=0x00000001151178c0: <offset 0x38c0> in /Users/resetpower/Library/Application Support/minecraft/versions/1.15.2-forge-31.1.0/1.15.2-forge-31.1.0-natives/liblwjgl.dylib at 0x0000000115114000
RBX={method} {0x000000012d040668} 'invokePI' '(JJ)I' in 'org/lwjgl/system/JNI'
RCX=0x0000000111dfdff8 is an unknown value
RDX=0x0000000115634730: <offset 0x5730> in /Users/resetpower/Library/Application Support/minecraft/versions/1.15.2-forge-31.1.0/1.15.2-forge-31.1.0-natives/libglfw.dylib at 0x000000011562f000
RSP=0x00007ffee54ea818 is pointing into the stack for thread: 0x00007fd3d2001800
RBP=0x00007ffee54ea880 is pointing into the stack for thread: 0x00007fd3d2001800
RSI=0x00007ffee54ea890 is pointing into the stack for thread: 0x00007fd3d2001800
RDI=0x0000000115634730: <offset 0x5730> in /Users/resetpower/Library/Application Support/minecraft/versions/1.15.2-forge-31.1.0/1.15.2-forge-31.1.0-natives/libglfw.dylib at 0x000000011562f000
R8 =0x000000011590d4e8 is at code_begin+8 in 
[CodeBlob (0x000000011590d490)]
Framesize: 0
BufferBlob (0x000000011590d490) used for Signature Handler Temp Buffer
R9 =0x00000000ffffffe8 is an unknown value
R10=0x00000001158c463b is at code_begin+859 in an Interpreter codelet
method entry point (kind = native)  [0x00000001158c42e0, 0x00000001158c4c40]  2400 bytes
R11=0x000000010c4e9873: throw_unsatisfied_link_error+0 in /Library/Java/JavaVirtualMachines/jdk1.8.0_221.jdk/Contents/Home/jre/lib/server/libjvm.dylib at 0x000000010c000000
R12=0x0000000000000000 is an unknown value
R13={method} {0x000000012d040668} 'invokePI' '(JJ)I' in 'org/lwjgl/system/JNI'
R14=0x00007ffee54ea8b8 is pointing into the stack for thread: 0x00007fd3d2001800
R15=0x00007fd3d2001800 is a thread


Stack: [0x00007ffee4cf1000,0x00007ffee54f1000],  sp=0x00007ffee54ea818,  free space=8166k
Native frames: (J=compiled Java code, j=interpreted, Vv=VM code, C=native code)
C  0x0000000111dfdff8
j  org.lwjgl.glfw.GLFW.nglfwGetError(J)I+6
j  org.lwjgl.glfw.GLFW.glfwGetError(Lorg/lwjgl/PointerBuffer;)I+15
j  net.minecraft.client.MainWindow.func_211162_a(Ljava/util/function/BiConsumer;)V+21
j  com.mojang.blaze3d.platform.GLX._initGlfw()Ljava/util/function/LongSupplier;+13
j  com.mojang.blaze3d.systems.RenderSystem.initBackendSystem()Ljava/util/function/LongSupplier;+8
j  net.minecraft.client.Minecraft.<init>(Lnet/minecraft/client/GameConfiguration;)V+593
j  net.minecraft.client.main.Main.main([Ljava/lang/String;)V+1189
v  ~StubRoutines::call_stub
V  [libjvm.dylib+0x2f0d1e]
V  [libjvm.dylib+0x4d7790]
V  [libjvm.dylib+0x4d7cc4]
V  [libjvm.dylib+0x34926c]
j  sun.reflect.NativeMethodAccessorImpl.invoke0(Ljava/lang/reflect/Method;Ljava/lang/Object;[Ljava/lang/Object;)Ljava/lang/Object;+0
j  sun.reflect.NativeMethodAccessorImpl.invoke(Ljava/lang/Object;[Ljava/lang/Object;)Ljava/lang/Object;+100
j  sun.reflect.DelegatingMethodAccessorImpl.invoke(Ljava/lang/Object;[Ljava/lang/Object;)Ljava/lang/Object;+6
j  java.lang.reflect.Method.invoke(Ljava/lang/Object;[Ljava/lang/Object;)Ljava/lang/Object;+56
j  net.minecraftforge.fml.loading.FMLClientLaunchProvider.lambda$launchService$0(Lcpw/mods/modlauncher/api/ITransformingClassLoader;[Ljava/lang/String;)Ljava/lang/Void;+50
j  net.minecraftforge.fml.loading.FMLClientLaunchProvider$$Lambda$398.call()Ljava/lang/Object;+12
j  cpw.mods.modlauncher.LaunchServiceHandlerDecorator.launch([Ljava/lang/String;Lcpw/mods/modlauncher/api/ITransformingClassLoader;)V+11
j  cpw.mods.modlauncher.LaunchServiceHandler.launch(Ljava/lang/String;[Ljava/lang/String;Lcpw/mods/modlauncher/TransformingClassLoader;Lcpw/mods/modlauncher/LaunchPluginHandler;)V+57
j  cpw.mods.modlauncher.LaunchServiceHandler.launch(Lcpw/mods/modlauncher/ArgumentHandler;Lcpw/mods/modlauncher/TransformingClassLoader;Lcpw/mods/modlauncher/LaunchPluginHandler;)V+19
j  cpw.mods.modlauncher.Launcher.run([Ljava/lang/String;)V+116
j  cpw.mods.modlauncher.Launcher.main([Ljava/lang/String;)V+37
v  ~StubRoutines::call_stub
V  [libjvm.dylib+0x2f0d1e]
V  [libjvm.dylib+0x327cc5]
V  [libjvm.dylib+0x320a51]
C  [java+0x38c6]  JavaMain+0x9c4
C  [java+0x57ee]  __JVMInit_block_invoke_1+0x51
C  [Foundation+0x5603c]  __NSBLOCKOPERATION_IS_CALLING_OUT_TO_A_BLOCK__+0x7
C  [Foundation+0x55f44]  -[NSBlockOperation main]+0x44
C  [Foundation+0x2bcbd]  -[__NSOperationInternal _start:]+0x2ad
C  [Foundation+0xb0302]  __NSThreadPerformPerform+0x148
C  [CoreFoundation+0x57e33]  __CFRUNLOOP_IS_CALLING_OUT_TO_A_SOURCE0_PERFORM_FUNCTION__+0x11
C  [CoreFoundation+0x57dd9]  __CFRunLoopDoSource0+0x6c
C  [CoreFoundation+0x3b79b]  __CFRunLoopDoSources0+0xc3
C  [CoreFoundation+0x3ad65]  __CFRunLoopRun+0x4a5
C  [CoreFoundation+0x3a66e]  CFRunLoopRunSpecific+0x1c7
C  [java+0x646e]  CreateExecutionEnvironment+0x367
C  [java+0x203c]  JLI_Launch+0x7a0
C  [java+0x84cb]  main+0x65
C  [java+0x1894]  start+0x34
C  0x0000000000000022

Java frames: (J=compiled Java code, j=interpreted, Vv=VM code)
j  org.lwjgl.system.JNI.invokePI(JJ)I+0
j  org.lwjgl.glfw.GLFW.nglfwGetError(J)I+6
j  org.lwjgl.glfw.GLFW.glfwGetError(Lorg/lwjgl/PointerBuffer;)I+15
j  net.minecraft.client.MainWindow.func_211162_a(Ljava/util/function/BiConsumer;)V+21
j  com.mojang.blaze3d.platform.GLX._initGlfw()Ljava/util/function/LongSupplier;+13
j  com.mojang.blaze3d.systems.RenderSystem.initBackendSystem()Ljava/util/function/LongSupplier;+8
j  net.minecraft.client.Minecraft.<init>(Lnet/minecraft/client/GameConfiguration;)V+593
j  net.minecraft.client.main.Main.main([Ljava/lang/String;)V+1189
v  ~StubRoutines::call_stub
j  sun.reflect.NativeMethodAccessorImpl.invoke0(Ljava/lang/reflect/Method;Ljava/lang/Object;[Ljava/lang/Object;)Ljava/lang/Object;+0
j  sun.reflect.NativeMethodAccessorImpl.invoke(Ljava/lang/Object;[Ljava/lang/Object;)Ljava/lang/Object;+100
j  sun.reflect.DelegatingMethodAccessorImpl.invoke(Ljava/lang/Object;[Ljava/lang/Object;)Ljava/lang/Object;+6
j  java.lang.reflect.Method.invoke(Ljava/lang/Object;[Ljava/lang/Object;)Ljava/lang/Object;+56
j  net.minecraftforge.fml.loading.FMLClientLaunchProvider.lambda$launchService$0(Lcpw/mods/modlauncher/api/ITransformingClassLoader;[Ljava/lang/String;)Ljava/lang/Void;+50
j  net.minecraftforge.fml.loading.FMLClientLaunchProvider$$Lambda$398.call()Ljava/lang/Object;+12
j  cpw.mods.modlauncher.LaunchServiceHandlerDecorator.launch([Ljava/lang/String;Lcpw/mods/modlauncher/api/ITransformingClassLoader;)V+11
j  cpw.mods.modlauncher.LaunchServiceHandler.launch(Ljava/lang/String;[Ljava/lang/String;Lcpw/mods/modlauncher/TransformingClassLoader;Lcpw/mods/modlauncher/LaunchPluginHandler;)V+57
j  cpw.mods.modlauncher.LaunchServiceHandler.launch(Lcpw/mods/modlauncher/ArgumentHandler;Lcpw/mods/modlauncher/TransformingClassLoader;Lcpw/mods/modlauncher/LaunchPluginHandler;)V+19
j  cpw.mods.modlauncher.Launcher.run([Ljava/lang/String;)V+116
j  cpw.mods.modlauncher.Launcher.main([Ljava/lang/String;)V+37
v  ~StubRoutines::call_stub

---------------  P R O C E S S  ---------------

Java Threads: ( => current thread )
  0x00007fd3d75e2000 JavaThread "Timer hack thread" daemon [_thread_blocked, id=24579, stack(0x00007000050b1000,0x00007000051b1000)]
  0x00007fd3d3859000 JavaThread "Server-Worker-7" daemon [_thread_in_Java, id=39683, stack(0x0000700004fae000,0x00007000050ae000)]
  0x00007fd3d4820800 JavaThread "Server-Worker-6" daemon [_thread_in_Java, id=40195, stack(0x0000700004eab000,0x0000700004fab000)]
  0x00007fd3d4000000 JavaThread "Server-Worker-5" daemon [_thread_in_Java, id=40707, stack(0x0000700004da8000,0x0000700004ea8000)]
  0x00007fd3d3807000 JavaThread "Server-Worker-4" daemon [_thread_in_Java, id=24067, stack(0x0000700004ca5000,0x0000700004da5000)]
  0x00007fd3d3806800 JavaThread "Server-Worker-3" daemon [_thread_in_Java, id=23811, stack(0x0000700004ba2000,0x0000700004ca2000)]
  0x00007fd3d8a34000 JavaThread "Server-Worker-2" daemon [_thread_in_Java, id=41475, stack(0x0000700004a9f000,0x0000700004b9f000)]
  0x00007fd3d6afe800 JavaThread "Server-Worker-1" daemon [_thread_in_Java, id=23299, stack(0x000070000499c000,0x0000700004a9c000)]
  0x00007fd3cfe24800 JavaThread "Snooper Timer" daemon [_thread_blocked, id=23043, stack(0x0000700004899000,0x0000700004999000)]
  0x00007fd3d094f800 JavaThread "pool-2-thread-1" daemon [_thread_blocked, id=42243, stack(0x0000700004796000,0x0000700004896000)]
  0x00007fd3cfb9a000 JavaThread "Thread-2" daemon [_thread_blocked, id=42499, stack(0x0000700004693000,0x0000700004793000)]
  0x00007fd3d2a56000 JavaThread "Thread-1" daemon [_thread_blocked, id=22275, stack(0x0000700004590000,0x0000700004690000)]
  0x00007fd3cfa6e800 JavaThread "ForkJoinPool.commonPool-worker-9" daemon [_thread_blocked, id=22027, stack(0x000070000448d000,0x000070000458d000)]
  0x00007fd3cf843800 JavaThread "process reaper" daemon [_thread_blocked, id=3335, stack(0x0000700002f4b000,0x0000700002f73000)]
  0x00007fd3d0038800 JavaThread "Service Thread" daemon [_thread_blocked, id=16899, stack(0x0000700004287000,0x0000700004387000)]
  0x00007fd3d001d800 JavaThread "C1 CompilerThread3" daemon [_thread_blocked, id=17155, stack(0x0000700004184000,0x0000700004284000)]
  0x00007fd3d0015000 JavaThread "C2 CompilerThread2" daemon [_thread_in_native, id=17667, stack(0x0000700004081000,0x0000700004181000)]
  0x00007fd3d0014000 JavaThread "C2 CompilerThread1" daemon [_thread_in_native, id=15875, stack(0x0000700003f7e000,0x000070000407e000)]
  0x00007fd3d2830800 JavaThread "C2 CompilerThread0" daemon [_thread_in_native, id=15363, stack(0x0000700003e7b000,0x0000700003f7b000)]
  0x00007fd3d282f000 JavaThread "Signal Dispatcher" daemon [_thread_blocked, id=17923, stack(0x0000700003d78000,0x0000700003e78000)]
  0x00007fd3cf824800 JavaThread "Finalizer" daemon [_thread_blocked, id=19715, stack(0x0000700003c75000,0x0000700003d75000)]
  0x00007fd3cf807800 JavaThread "Reference Handler" daemon [_thread_blocked, id=13571, stack(0x0000700003b72000,0x0000700003c72000)]
=>0x00007fd3d2001800 JavaThread "Render thread" [_thread_in_native, id=775, stack(0x00007ffee4cf1000,0x00007ffee54f1000)]

Other Threads:
  0x00007fd3d2828800 VMThread [stack: 0x0000700003a6f000,0x0000700003b6f000] [id=20227]
  0x00007fd3d003b000 WatcherThread [stack: 0x000070000438a000,0x000070000448a000] [id=21763]

VM state:not at safepoint (normal execution)

VM Mutex/Monitor currently owned by a thread: None

heap address: 0x00000006c0000000, size: 4096 MB, Compressed Oops mode: Zero based, Oop shift amount: 3
Narrow klass base: 0x0000000000000000, Narrow klass shift: 3
Compressed class space size: 1073741824 Address: 0x00000007c0000000

Heap:
 PSYoungGen      total 1209344K, used 153333K [0x000000076ab00000, 0x00000007bf700000, 0x00000007c0000000)
  eden space 1041408K, 13% used [0x000000076ab00000,0x0000000773380550,0x00000007aa400000)
  from space 167936K, 8% used [0x00000007b5300000,0x00000007b603d188,0x00000007bf700000)
  to   space 173568K, 0% used [0x00000007aa400000,0x00000007aa400000,0x00000007b4d80000)
 ParOldGen       total 413696K, used 260598K [0x00000006c0000000, 0x00000006d9400000, 0x000000076ab00000)
  object space 413696K, 62% used [0x00000006c0000000,0x00000006cfe7d988,0x00000006d9400000)
 Metaspace       used 52355K, capacity 56557K, committed 56832K, reserved 1097728K
  class space    used 7729K, capacity 8940K, committed 8960K, reserved 1048576K

Card table byte_map: [0x000000010d379000,0x000000010db7a000] byte_map_base: 0x0000000109d79000

Marking Bits: (ParMarkBitMap*) 0x000000010c8fbe40
 Begin Bits: [0x00000001248ac000, 0x00000001288ac000)
 End Bits:   [0x00000001288ac000, 0x000000012c8ac000)

Polling page: 0x000000010a794000

CodeCache: size=245760Kb used=19204Kb max_used=19204Kb free=226555Kb
 bounds [0x00000001158ac000, 0x0000000116b8c000, 0x00000001248ac000]
 total_blobs=7490 nmethods=6324 adapters=1078
 compilation: enabled

Compilation events (10 events):
Event: 12.613 Thread 0x00007fd3d001d800 7559       1       java.util.Formatter::access$000 (5 bytes)
Event: 12.613 Thread 0x00007fd3d001d800 nmethod 7559 0x0000000116b2e310 code [0x0000000116b2e460, 0x0000000116b2e550]
Event: 12.615 Thread 0x00007fd3d001d800 7560       3       java.security.MessageDigest::digest (12 bytes)
Event: 12.616 Thread 0x00007fd3d001d800 nmethod 7560 0x0000000116b2ded0 code [0x0000000116b2e040, 0x0000000116b2e268]
Event: 12.616 Thread 0x00007fd3d001d800 7561       3       java.security.MessageDigest$Delegate::engineDigest (8 bytes)
Event: 12.616 Thread 0x00007fd3d001d800 nmethod 7561 0x0000000116b2da90 code [0x0000000116b2dc00, 0x0000000116b2de28]
Event: 12.616 Thread 0x00007fd3d001d800 7562       3       sun.security.provider.DigestBase::engineDigest (112 bytes)
Event: 12.617 Thread 0x00007fd3d001d800 nmethod 7562 0x0000000116b45a50 code [0x0000000116b45ce0, 0x0000000116b46df8]
Event: 12.635 Thread 0x00007fd3d001d800 7563   !   3       java.lang.ref.Reference::tryHandlePending (115 bytes)
Event: 12.636 Thread 0x00007fd3d001d800 nmethod 7563 0x0000000116b4c550 code [0x0000000116b4c780, 0x0000000116b4d428]

GC Heap History (10 events):
Event: 11.410 GC heap before
{Heap before GC invocations=15 (full 3):
 PSYoungGen      total 687104K, used 512000K [0x000000076ab00000, 0x00000007b1480000, 0x00000007c0000000)
  eden space 512000K, 100% used [0x000000076ab00000,0x0000000789f00000,0x0000000789f00000)
  from space 175104K, 0% used [0x0000000789f00000,0x0000000789f00000,0x0000000794a00000)
  to   space 196608K, 0% used [0x00000007a5480000,0x00000007a5480000,0x00000007b1480000)
 ParOldGen       total 413696K, used 234715K [0x00000006c0000000, 0x00000006d9400000, 0x000000076ab00000)
  object space 413696K, 56% used [0x00000006c0000000,0x00000006ce536df8,0x00000006d9400000)
 Metaspace       used 46636K, capacity 50377K, committed 50816K, reserved 1091584K
  class space    used 6779K, capacity 7716K, committed 7808K, reserved 1048576K
Event: 11.520 GC heap after
Heap after GC invocations=15 (full 3):
 PSYoungGen      total 914944K, used 83427K [0x000000076ab00000, 0x00000007af700000, 0x00000007c0000000)
  eden space 748544K, 0% used [0x000000076ab00000,0x000000076ab00000,0x0000000798600000)
  from space 166400K, 50% used [0x00000007a5480000,0x00000007aa5f8c78,0x00000007af700000)
  to   space 188928K, 0% used [0x0000000798600000,0x0000000798600000,0x00000007a3e80000)
 ParOldGen       total 413696K, used 234723K [0x00000006c0000000, 0x00000006d9400000, 0x000000076ab00000)
  object space 413696K, 56% used [0x00000006c0000000,0x00000006ce538df8,0x00000006d9400000)
 Metaspace       used 46636K, capacity 50377K, committed 50816K, reserved 1091584K
  class space    used 6779K, capacity 7716K, committed 7808K, reserved 1048576K
}
Event: 11.776 GC heap before
{Heap before GC invocations=16 (full 3):
 PSYoungGen      total 914944K, used 831971K [0x000000076ab00000, 0x00000007af700000, 0x00000007c0000000)
  eden space 748544K, 100% used [0x000000076ab00000,0x0000000798600000,0x0000000798600000)
  from space 166400K, 50% used [0x00000007a5480000,0x00000007aa5f8c78,0x00000007af700000)
  to   space 188928K, 0% used [0x0000000798600000,0x0000000798600000,0x00000007a3e80000)
 ParOldGen       total 413696K, used 234723K [0x00000006c0000000, 0x00000006d9400000, 0x000000076ab00000)
  object space 413696K, 56% used [0x00000006c0000000,0x00000006ce538df8,0x00000006d9400000)
 Metaspace       used 47229K, capacity 50997K, committed 51456K, reserved 1093632K
  class space    used 6891K, capacity 7848K, committed 7936K, reserved 1048576K
Event: 11.856 GC heap after
Heap after GC invocations=16 (full 3):
 PSYoungGen      total 937472K, used 55602K [0x000000076ab00000, 0x00000007c0000000, 0x00000007c0000000)
  eden space 748544K, 0% used [0x000000076ab00000,0x000000076ab00000,0x0000000798600000)
  from space 188928K, 29% used [0x0000000798600000,0x000000079bc4c988,0x00000007a3e80000)
  to   space 180224K, 0% used [0x00000007b5000000,0x00000007b5000000,0x00000007c0000000)
 ParOldGen       total 413696K, used 254209K [0x00000006c0000000, 0x00000006d9400000, 0x000000076ab00000)
  object space 413696K, 61% used [0x00000006c0000000,0x00000006cf840730,0x00000006d9400000)
 Metaspace       used 47229K, capacity 50997K, committed 51456K, reserved 1093632K
  class space    used 6891K, capacity 7848K, committed 7936K, reserved 1048576K
}
Event: 12.081 GC heap before
{Heap before GC invocations=17 (full 3):
 PSYoungGen      total 937472K, used 804146K [0x000000076ab00000, 0x00000007c0000000, 0x00000007c0000000)
  eden space 748544K, 100% used [0x000000076ab00000,0x0000000798600000,0x0000000798600000)
  from space 188928K, 29% used [0x0000000798600000,0x000000079bc4c988,0x00000007a3e80000)
  to   space 180224K, 0% used [0x00000007b5000000,0x00000007b5000000,0x00000007c0000000)
 ParOldGen       total 413696K, used 254209K [0x00000006c0000000, 0x00000006d9400000, 0x000000076ab00000)
  object space 413696K, 61% used [0x00000006c0000000,0x00000006cf840730,0x00000006d9400000)
 Metaspace       used 48651K, capacity 52507K, committed 52992K, reserved 1093632K
  class space    used 7138K, capacity 8137K, committed 8192K, reserved 1048576K
Event: 12.094 GC heap after
Heap after GC invocations=17 (full 3):
 PSYoungGen      total 1198080K, used 10985K [0x000000076ab00000, 0x00000007bf580000, 0x00000007c0000000)
  eden space 1028608K, 0% used [0x000000076ab00000,0x000000076ab00000,0x00000007a9780000)
  from space 169472K, 6% used [0x00000007b5000000,0x00000007b5aba550,0x00000007bf580000)
  to   space 179200K, 0% used [0x00000007a9780000,0x00000007a9780000,0x00000007b4680000)
 ParOldGen       total 413696K, used 257217K [0x00000006c0000000, 0x00000006d9400000, 0x000000076ab00000)
  object space 413696K, 62% used [0x00000006c0000000,0x00000006cfb30760,0x00000006d9400000)
 Metaspace       used 48651K, capacity 52507K, committed 52992K, reserved 1093632K
  class space    used 7138K, capacity 8137K, committed 8192K, reserved 1048576K
}
Event: 12.367 GC heap before
{Heap before GC invocations=18 (full 3):
 PSYoungGen      total 1198080K, used 1039593K [0x000000076ab00000, 0x00000007bf580000, 0x00000007c0000000)
  eden space 1028608K, 100% used [0x000000076ab00000,0x00000007a9780000,0x00000007a9780000)
  from space 169472K, 6% used [0x00000007b5000000,0x00000007b5aba550,0x00000007bf580000)
  to   space 179200K, 0% used [0x00000007a9780000,0x00000007a9780000,0x00000007b4680000)
 ParOldGen       total 413696K, used 257217K [0x00000006c0000000, 0x00000006d9400000, 0x000000076ab00000)
  object space 413696K, 62% used [0x00000006c0000000,0x00000006cfb30760,0x00000006d9400000)
 Metaspace       used 50390K, capacity 54343K, committed 54656K, reserved 1095680K
  class space    used 7437K, capacity 8535K, committed 8576K, reserved 1048576K
Event: 12.376 GC heap after
Heap after GC invocations=18 (full 3):
 PSYoungGen      total 1207808K, used 8388K [0x000000076ab00000, 0x00000007c0000000, 0x00000007c0000000)
  eden space 1028608K, 0% used [0x000000076ab00000,0x000000076ab00000,0x00000007a9780000)
  from space 179200K, 4% used [0x00000007a9780000,0x00000007a9fb1190,0x00000007b4680000)
  to   space 177152K, 0% used [0x00000007b5300000,0x00000007b5300000,0x00000007c0000000)
 ParOldGen       total 413696K, used 259705K [0x00000006c0000000, 0x00000006d9400000, 0x000000076ab00000)
  object space 413696K, 62% used [0x00000006c0000000,0x00000006cfd9e770,0x00000006d9400000)
 Metaspace       used 50390K, capacity 54343K, committed 54656K, reserved 1095680K
  class space    used 7437K, capacity 8535K, committed 8576K, reserved 1048576K
}
Event: 12.621 GC heap before
{Heap before GC invocations=19 (full 3):
 PSYoungGen      total 1207808K, used 1036996K [0x000000076ab00000, 0x00000007c0000000, 0x00000007c0000000)
  eden space 1028608K, 100% used [0x000000076ab00000,0x00000007a9780000,0x00000007a9780000)
  from space 179200K, 4% used [0x00000007a9780000,0x00000007a9fb1190,0x00000007b4680000)
  to   space 177152K, 0% used [0x00000007b5300000,0x00000007b5300000,0x00000007c0000000)
 ParOldGen       total 413696K, used 259705K [0x00000006c0000000, 0x00000006d9400000, 0x000000076ab00000)
  object space 413696K, 62% used [0x00000006c0000000,0x00000006cfd9e770,0x00000006d9400000)
 Metaspace       used 52354K, capacity 56557K, committed 56832K, reserved 1097728K
  class space    used 7729K, capacity 8940K, committed 8960K, reserved 1048576K
Event: 12.635 GC heap after
Heap after GC invocations=19 (full 3):
 PSYoungGen      total 1209344K, used 13556K [0x000000076ab00000, 0x00000007bf700000, 0x00000007c0000000)
  eden space 1041408K, 0% used [0x000000076ab00000,0x000000076ab00000,0x00000007aa400000)
  from space 167936K, 8% used [0x00000007b5300000,0x00000007b603d188,0x00000007bf700000)
  to   space 173568K, 0% used [0x00000007aa400000,0x00000007aa400000,0x00000007b4d80000)
 ParOldGen       total 413696K, used 260598K [0x00000006c0000000, 0x00000006d9400000, 0x000000076ab00000)
  object space 413696K, 62% used [0x00000006c0000000,0x00000006cfe7d988,0x00000006d9400000)
 Metaspace       used 52354K, capacity 56557K, committed 56832K, reserved 1097728K
  class space    used 7729K, capacity 8940K, committed 8960K, reserved 1048576K
}

Deoptimization events (10 events):
Event: 12.331 Thread 0x00007fd3d2001800 Uncommon trap: reason=class_check action=maybe_recompile pc=0x00000001167a7c14 method=com.google.common.collect.AbstractIterator.tryToComputeNext()Z @ 9
Event: 12.366 Thread 0x00007fd3d2001800 Uncommon trap: reason=unstable_if action=reinterpret pc=0x0000000116553c34 method=org.objectweb.asm.ByteVector.putInt(I)Lorg/objectweb/asm/ByteVector; @ 13
Event: 12.516 Thread 0x00007fd3d2001800 Uncommon trap: reason=unstable_if action=reinterpret pc=0x0000000115a6fe18 method=java.util.EnumMap.isValidKey(Ljava/lang/Object;)Z @ 16
Event: 12.535 Thread 0x00007fd3d2001800 Uncommon trap: reason=unstable_if action=reinterpret pc=0x0000000116b1f910 method=org.objectweb.asm.FieldWriter.<init>(Lorg/objectweb/asm/SymbolTable;ILjava/lang/String;Ljava/lang/String;Ljava/lang/String;Ljava/lang/Object;)V @ 52
Event: 12.562 Thread 0x00007fd3d2001800 Uncommon trap: reason=unstable_if action=reinterpret pc=0x0000000116358614 method=com.google.gson.stream.JsonReader.doPeek()I @ 14
Event: 12.562 Thread 0x00007fd3d2001800 Uncommon trap: reason=unstable_if action=reinterpret pc=0x000000011656cfe4 method=com.google.gson.stream.JsonReader.hasNext()Z @ 21
Event: 12.599 Thread 0x00007fd3d2001800 Uncommon trap: reason=unstable_if action=reinterpret pc=0x0000000115d5d18c method=java.util.regex.Pattern$Curly.match(Ljava/util/regex/Matcher;ILjava/lang/CharSequence;)Z @ 45
Event: 12.601 Thread 0x00007fd3d2001800 Uncommon trap: reason=unstable_if action=reinterpret pc=0x0000000116559f00 method=sun.nio.ch.IOUtil.readIntoNativeBuffer(Ljava/io/FileDescriptor;Ljava/nio/ByteBuffer;JLsun/nio/ch/NativeDispatcher;)I @ 121
Event: 12.601 Thread 0x00007fd3d2001800 Uncommon trap: reason=unstable_if action=reinterpret pc=0x0000000115dac6e8 method=java.nio.channels.spi.AbstractInterruptibleChannel.end(Z)V @ 31
Event: 12.635 Thread 0x00007fd3cf807800 Uncommon trap: reason=unstable_if action=reinterpret pc=0x0000000116527b28 method=java.lang.ref.Reference.tryHandlePending(Z)Z @ 20

Classes redefined (0 events):
No events

Internal exceptions (10 events):
Event: 12.157 Thread 0x00007fd3d2001800 Exception <a 'java/lang/NoSuchMethodError': java.lang.Object.func_223255_b_(I)Ljava/lang/String;> (0x0000000772806068) thrown at [/Users/java_re/workspace/8-2-build-macosx-x86_64/jdk8u221/13320/hotspot/src/share/vm/interpreter/linkResolver.cpp, line 620]
Event: 12.157 Thread 0x00007fd3d2001800 Exception <a 'java/lang/NoSuchMethodError': java.lang.Object.func_223253_a_(I)Ljava/lang/String;> (0x0000000772808050) thrown at [/Users/java_re/workspace/8-2-build-macosx-x86_64/jdk8u221/13320/hotspot/src/share/vm/interpreter/linkResolver.cpp, line 620]
Event: 12.244 Thread 0x00007fd3d2001800 Exception <a 'java/lang/NoSuchMethodError': java.lang.Object.func_214909_a(Lcom/mojang/datafixers/Dynamic;)Lnet/minecraft/world/gen/feature/template/RuleTest;> (0x0000000793929b20) thrown at [/Users/java_re/workspace/8-2-build-macosx-x86_64/jdk8u221/13320
Event: 12.249 Thread 0x00007fd3d2001800 Exception <a 'java/lang/NoSuchMethodError': java.lang.Object.func_214919_b(Lcom/mojang/datafixers/Dynamic;)Lnet/minecraft/world/gen/feature/template/StructureProcessor;> (0x00000007939c7e48) thrown at [/Users/java_re/workspace/8-2-build-macosx-x86_64/jdk8
Event: 12.250 Thread 0x00007fd3d2001800 Exception <a 'java/lang/NoSuchMethodError': java.lang.Object.func_214918_a(Lcom/mojang/datafixers/Dynamic;)Lnet/minecraft/world/gen/feature/template/StructureProcessor;> (0x00000007939e3110) thrown at [/Users/java_re/workspace/8-2-build-macosx-x86_64/jdk8
Event: 12.255 Thread 0x00007fd3d2001800 Exception <a 'java/lang/NoSuchMethodError': java.lang.Object.func_214927_a(Lcom/mojang/datafixers/Dynamic;)Lnet/minecraft/world/gen/feature/jigsaw/JigsawPiece;> (0x0000000793a642a8) thrown at [/Users/java_re/workspace/8-2-build-macosx-x86_64/jdk8u221/1332
Event: 12.302 Thread 0x00007fd3d2001800 Exception <a 'java/lang/NoSuchMethodError': java.lang.Object.func_221172_a(Ljava/util/HashMap;)V> (0x000000079b75ffe8) thrown at [/Users/java_re/workspace/8-2-build-macosx-x86_64/jdk8u221/13320/hotspot/src/share/vm/interpreter/linkResolver.cpp, line 620]
Event: 12.389 Thread 0x00007fd3d2001800 Exception <a 'java/lang/NoSuchMethodError': java.lang.Object.lambda$static$0(Lnet/minecraft/dispenser/IBlockSource;Lnet/minecraft/item/ItemStack;)Lnet/minecraft/item/ItemStack;> (0x000000076c02baa0) thrown at [/Users/java_re/workspace/8-2-build-macosx-x86
Event: 12.526 Thread 0x00007fd3d2001800 Exception <a 'java/lang/NoSuchMethodError': org.lwjgl.glfw.GLFW.glfwRawMouseMotionSupported()Z> (0x000000078fdadcc8) thrown at [/Users/java_re/workspace/8-2-build-macosx-x86_64/jdk8u221/13320/hotspot/src/share/vm/interpreter/linkResolver.cpp, line 620]
Event: 12.576 Thread 0x00007fd3d2001800 Exception <a 'java/lang/NoSuchMethodError': java.lang.Object.lambda$static$0(Ljava/lang/String;)Ljava/lang/Boolean;> (0x000000079788cb90) thrown at [/Users/java_re/workspace/8-2-build-macosx-x86_64/jdk8u221/13320/hotspot/src/share/vm/interpreter/linkResol

Events (10 events):
Event: 12.612 loading class org/lwjgl/system/macosx/DynamicLinkLoader done
Event: 12.616 loading class org/lwjgl/glfw/GLFW$Functions
Event: 12.616 loading class org/lwjgl/glfw/GLFW$Functions done
Event: 12.618 loading class org/lwjgl/system/JNI
Event: 12.618 loading class org/lwjgl/system/JNI done
Event: 12.619 Executing VM operation: ParallelGCFailedAllocation
Event: 12.635 Executing VM operation: ParallelGCFailedAllocation done
Event: 12.635 Thread 0x00007fd3cf807800 Uncommon trap: trap_request=0xffffff65 fr.pc=0x0000000116527b28
Event: 12.635 Thread 0x00007fd3cf807800 DEOPT PACKING pc=0x0000000116527b28 sp=0x0000700003c718d0
Event: 12.635 Thread 0x00007fd3cf807800 DEOPT UNPACKING pc=0x00000001158f173a sp=0x0000700003c71888 mode 2


Dynamic libraries:
0x00007fff370c9000 	/System/Library/Frameworks/Cocoa.framework/Versions/A/Cocoa
0x00007fff42e77000 	/System/Library/Frameworks/Security.framework/Versions/A/Security
0x00007fff35d5b000 	/System/Library/Frameworks/ApplicationServices.framework/Versions/A/ApplicationServices
0x00007fff62f8d000 	/usr/lib/libz.1.dylib
0x00007fff608e4000 	/usr/lib/libSystem.B.dylib
0x00007fff6211d000 	/usr/lib/libobjc.A.dylib
0x00007fff3793e000 	/System/Library/Frameworks/CoreFoundation.framework/Versions/A/CoreFoundation
0x00007fff39bc2000 	/System/Library/Frameworks/Foundation.framework/Versions/C/Foundation
0x00007fff34f54000 	/System/Library/Frameworks/AppKit.framework/Versions/C/AppKit
0x00007fff374c7000 	/System/Library/Frameworks/CoreData.framework/Versions/A/CoreData
0x00007fff5a3a9000 	/System/Library/PrivateFrameworks/RemoteViewServices.framework/Versions/A/RemoteViewServices
0x00007fff5e620000 	/System/Library/PrivateFrameworks/UIFoundation.framework/Versions/A/UIFoundation
0x00007fff5fd05000 	/System/Library/PrivateFrameworks/XCTTargetBootstrap.framework/Versions/A/XCTTargetBootstrap
0x00007fff3784d000 	/System/Library/Frameworks/CoreDisplay.framework/Versions/A/CoreDisplay
0x00007fff550be000 	/System/Library/PrivateFrameworks/IconServices.framework/Versions/A/IconServices
0x00007fff3c4e4000 	/System/Library/Frameworks/Metal.framework/Versions/A/Metal
0x00007fff4c602000 	/System/Library/PrivateFrameworks/DesktopServicesPriv.framework/Versions/A/DesktopServicesPriv
0x00007fff61480000 	/usr/lib/libenergytrace.dylib
0x00007fff5cb07000 	/System/Library/PrivateFrameworks/SkyLight.framework/Versions/A/SkyLight
0x00007fff37d85000 	/System/Library/Frameworks/CoreGraphics.framework/Versions/A/CoreGraphics
0x00007fff33d20000 	/System/Library/Frameworks/Accelerate.framework/Versions/A/Accelerate
0x00007fff3a30b000 	/System/Library/Frameworks/IOSurface.framework/Versions/A/IOSurface
0x00007fff4c46e000 	/System/Library/PrivateFrameworks/DFRFoundation.framework/Versions/A/DFRFoundation
0x00007fff3623e000 	/System/Library/Frameworks/AudioToolbox.framework/Versions/A/AudioToolbox
0x00007fff364b7000 	/System/Library/Frameworks/AudioUnit.framework/Versions/A/AudioUnit
0x00007fff4c503000 	/System/Library/PrivateFrameworks/DataDetectorsCore.framework/Versions/A/DataDetectorsCore
0x00007fff36bcc000 	/System/Library/Frameworks/Carbon.framework/Versions/A/Frameworks/HIToolbox.framework/Versions/A/HIToolbox
0x00007fff615d9000 	/usr/lib/libicucore.A.dylib
0x00007fff423ea000 	/System/Library/Frameworks/QuartzCore.framework/Versions/A/QuartzCore
0x00007fff36fa1000 	/System/Library/Frameworks/Carbon.framework/Versions/A/Frameworks/SpeechRecognition.framework/Versions/A/SpeechRecognition
0x00007fff60a38000 	/usr/lib/libauto.dylib
0x00007fff62e80000 	/usr/lib/libxml2.2.dylib
0x00007fff4c049000 	/System/Library/PrivateFrameworks/CoreUI.framework/Versions/A/CoreUI
0x00007fff373b2000 	/System/Library/Frameworks/CoreAudio.framework/Versions/A/CoreAudio
0x00007fff399f7000 	/System/Library/Frameworks/DiskArbitration.framework/Versions/A/DiskArbitration
0x00007fff61887000 	/usr/lib/liblangid.dylib
0x00007fff564ee000 	/System/Library/PrivateFrameworks/MultitouchSupport.framework/Versions/A/MultitouchSupport
0x00007fff3a27a000 	/System/Library/Frameworks/IOKit.framework/Versions/A/IOKit
0x00007fff604a4000 	/usr/lib/libDiagnosticMessagesClient.dylib
0x00007fff38b95000 	/System/Library/Frameworks/CoreServices.framework/Versions/A/CoreServices
0x00007fff581a8000 	/System/Library/PrivateFrameworks/PerformanceAnalysis.framework/Versions/A/PerformanceAnalysis
0x00007fff415d1000 	/System/Library/Frameworks/OpenGL.framework/Versions/A/OpenGL
0x00007fff370d7000 	/System/Library/Frameworks/ColorSync.framework/Versions/A/ColorSync
0x00007fff38417000 	/System/Library/Frameworks/CoreImage.framework/Versions/A/CoreImage
0x00007fff3956d000 	/System/Library/Frameworks/CoreText.framework/Versions/A/CoreText
0x00007fff3a36e000 	/System/Library/Frameworks/ImageIO.framework/Versions/A/ImageIO
0x00007fff4869b000 	/System/Library/PrivateFrameworks/Backup.framework/Versions/A/Backup
0x00007fff6098b000 	/usr/lib/libarchive.2.dylib
0x00007fff36810000 	/System/Library/Frameworks/CFNetwork.framework/Versions/A/CFNetwork
0x00007fff435d3000 	/System/Library/Frameworks/SystemConfiguration.framework/Versions/A/SystemConfiguration
0x00007fff603d5000 	/usr/lib/libCRFSuite.dylib
0x00007fff60b29000 	/usr/lib/libc++.1.dylib
0x00007fff60b7d000 	/usr/lib/libc++abi.dylib
0x00007fff63783000 	/usr/lib/system/libcache.dylib
0x00007fff63788000 	/usr/lib/system/libcommonCrypto.dylib
0x00007fff63793000 	/usr/lib/system/libcompiler_rt.dylib
0x00007fff6379b000 	/usr/lib/system/libcopyfile.dylib
0x00007fff637a5000 	/usr/lib/system/libcorecrypto.dylib
0x00007fff638b0000 	/usr/lib/system/libdispatch.dylib
0x00007fff638ea000 	/usr/lib/system/libdyld.dylib
0x00007fff63917000 	/usr/lib/system/libkeymgr.dylib
0x00007fff63925000 	/usr/lib/system/liblaunch.dylib
0x00007fff63926000 	/usr/lib/system/libmacho.dylib
0x00007fff6392c000 	/usr/lib/system/libquarantine.dylib
0x00007fff6392f000 	/usr/lib/system/libremovefile.dylib
0x00007fff63931000 	/usr/lib/system/libsystem_asl.dylib
0x00007fff63949000 	/usr/lib/system/libsystem_blocks.dylib
0x00007fff6394a000 	/usr/lib/system/libsystem_c.dylib
0x00007fff639d2000 	/usr/lib/system/libsystem_configuration.dylib
0x00007fff639d6000 	/usr/lib/system/libsystem_coreservices.dylib
0x00007fff639da000 	/usr/lib/system/libsystem_darwin.dylib
0x00007fff639e1000 	/usr/lib/system/libsystem_dnssd.dylib
0x00007fff639e8000 	/usr/lib/system/libsystem_info.dylib
0x00007fff63a5d000 	/usr/lib/system/libsystem_m.dylib
0x00007fff63aa9000 	/usr/lib/system/libsystem_malloc.dylib
0x00007fff63ad4000 	/usr/lib/system/libsystem_networkextension.dylib
0x00007fff63adf000 	/usr/lib/system/libsystem_notify.dylib
0x00007fff63afc000 	/usr/lib/system/libsystem_sandbox.dylib
0x00007fff63b00000 	/usr/lib/system/libsystem_secinit.dylib
0x00007fff63a34000 	/usr/lib/system/libsystem_kernel.dylib
0x00007fff63ae7000 	/usr/lib/system/libsystem_platform.dylib
0x00007fff63af1000 	/usr/lib/system/libsystem_pthread.dylib
0x00007fff63b03000 	/usr/lib/system/libsystem_symptoms.dylib
0x00007fff63b0b000 	/usr/lib/system/libsystem_trace.dylib
0x00007fff63b22000 	/usr/lib/system/libunwind.dylib
0x00007fff63b28000 	/usr/lib/system/libxpc.dylib
0x00007fff60b0a000 	/usr/lib/libbsm.0.dylib
0x00007fff63918000 	/usr/lib/system/libkxld.dylib
0x00007fff47a8c000 	/System/Library/PrivateFrameworks/AppleFSCompression.framework/Versions/A/AppleFSCompression
0x00007fff607a4000 	/usr/lib/libOpenScriptingUtil.dylib
0x00007fff60e32000 	/usr/lib/libcoretls.dylib
0x00007fff60e49000 	/usr/lib/libcoretls_cfhelpers.dylib
0x00007fff628b4000 	/usr/lib/libpam.2.dylib
0x00007fff62a74000 	/usr/lib/libsqlite3.dylib
0x00007fff62e6e000 	/usr/lib/libxar.1.dylib
0x00007fff60b1b000 	/usr/lib/libbz2.1.0.dylib
0x00007fff61889000 	/usr/lib/liblzma.5.dylib
0x00007fff61d3a000 	/usr/lib/libnetwork.dylib
0x00007fff60974000 	/usr/lib/libapple_nghttp2.dylib
0x00007fff628bb000 	/usr/lib/libpcap.A.dylib
0x00007fff38f34000 	/System/Library/Frameworks/CoreServices.framework/Versions/A/Frameworks/FSEvents.framework/Versions/A/FSEvents
0x00007fff38c13000 	/System/Library/Frameworks/CoreServices.framework/Versions/A/Frameworks/CarbonCore.framework/Versions/A/CarbonCore
0x00007fff390ef000 	/System/Library/Frameworks/CoreServices.framework/Versions/A/Frameworks/Metadata.framework/Versions/A/Metadata
0x00007fff3918e000 	/System/Library/Frameworks/CoreServices.framework/Versions/A/Frameworks/OSServices.framework/Versions/A/OSServices
0x00007fff391d9000 	/System/Library/Frameworks/CoreServices.framework/Versions/A/Frameworks/SearchKit.framework/Versions/A/SearchKit
0x00007fff38b96000 	/System/Library/Frameworks/CoreServices.framework/Versions/A/Frameworks/AE.framework/Versions/A/AE
0x00007fff38f3d000 	/System/Library/Frameworks/CoreServices.framework/Versions/A/Frameworks/LaunchServices.framework/Versions/A/LaunchServices
0x00007fff38eeb000 	/System/Library/Frameworks/CoreServices.framework/Versions/A/Frameworks/DictionaryServices.framework/Versions/A/DictionaryServices
0x00007fff39241000 	/System/Library/Frameworks/CoreServices.framework/Versions/A/Frameworks/SharedFileList.framework/Versions/A/SharedFileList
0x00007fff3d5ac000 	/System/Library/Frameworks/NetFS.framework/Versions/A/NetFS
0x00007fff56754000 	/System/Library/PrivateFrameworks/NetAuth.framework/Versions/A/NetAuth
0x00007fff60109000 	/System/Library/PrivateFrameworks/login.framework/Versions/A/Frameworks/loginsupport.framework/Versions/A/loginsupport
0x00007fff5e229000 	/System/Library/PrivateFrameworks/TCC.framework/Versions/A/TCC
0x00007fff4b6a6000 	/System/Library/PrivateFrameworks/CoreNLP.framework/Versions/A/CoreNLP
0x00007fff561c4000 	/System/Library/PrivateFrameworks/MetadataUtilities.framework/Versions/A/MetadataUtilities
0x00007fff6195e000 	/usr/lib/libmecabra.dylib
0x00007fff35d5c000 	/System/Library/Frameworks/ApplicationServices.framework/Versions/A/Frameworks/ATS.framework/Versions/A/ATS
0x00007fff360ab000 	/System/Library/Frameworks/ApplicationServices.framework/Versions/A/Frameworks/ColorSyncLegacy.framework/Versions/A/ColorSyncLegacy
0x00007fff3614a000 	/System/Library/Frameworks/ApplicationServices.framework/Versions/A/Frameworks/HIServices.framework/Versions/A/HIServices
0x00007fff3619d000 	/System/Library/Frameworks/ApplicationServices.framework/Versions/A/Frameworks/LangAnalysis.framework/Versions/A/LangAnalysis
0x00007fff361ad000 	/System/Library/Frameworks/ApplicationServices.framework/Versions/A/Frameworks/PrintCore.framework/Versions/A/PrintCore
0x00007fff361f7000 	/System/Library/Frameworks/ApplicationServices.framework/Versions/A/Frameworks/QD.framework/Versions/A/QD
0x00007fff36231000 	/System/Library/Frameworks/ApplicationServices.framework/Versions/A/Frameworks/SpeechSynthesis.framework/Versions/A/SpeechSynthesis
0x00007fff60ba5000 	/usr/lib/libcompression.dylib
0x00007fff3c7b4000 	/System/Library/Frameworks/MetalPerformanceShaders.framework/Versions/A/MetalPerformanceShaders
0x00007fff33d38000 	/System/Library/Frameworks/Accelerate.framework/Versions/A/Frameworks/vImage.framework/Versions/A/vImage
0x00007fff34db2000 	/System/Library/Frameworks/Accelerate.framework/Versions/A/Frameworks/vecLib.framework/Versions/A/vecLib
0x00007fff34cfe000 	/System/Library/Frameworks/Accelerate.framework/Versions/A/Frameworks/vecLib.framework/Versions/A/libvMisc.dylib
0x00007fff34b16000 	/System/Library/Frameworks/Accelerate.framework/Versions/A/Frameworks/vecLib.framework/Versions/A/libvDSP.dylib
0x00007fff343d2000 	/System/Library/Frameworks/Accelerate.framework/Versions/A/Frameworks/vecLib.framework/Versions/A/libBLAS.dylib
0x00007fff346bf000 	/System/Library/Frameworks/Accelerate.framework/Versions/A/Frameworks/vecLib.framework/Versions/A/libLAPACK.dylib
0x00007fff34a69000 	/System/Library/Frameworks/Accelerate.framework/Versions/A/Frameworks/vecLib.framework/Versions/A/libLinearAlgebra.dylib
0x00007fff34b02000 	/System/Library/Frameworks/Accelerate.framework/Versions/A/Frameworks/vecLib.framework/Versions/A/libSparseBLAS.dylib
0x00007fff34a7f000 	/System/Library/Frameworks/Accelerate.framework/Versions/A/Frameworks/vecLib.framework/Versions/A/libQuadrature.dylib
0x00007fff3464c000 	/System/Library/Frameworks/Accelerate.framework/Versions/A/Frameworks/vecLib.framework/Versions/A/libBNNS.dylib
0x00007fff34a85000 	/System/Library/Frameworks/Accelerate.framework/Versions/A/Frameworks/vecLib.framework/Versions/A/libSparse.dylib
0x00007fff529f4000 	/System/Library/PrivateFrameworks/GPUWrangler.framework/Versions/A/GPUWrangler
0x00007fff54cf3000 	/System/Library/PrivateFrameworks/IOAccelerator.framework/Versions/A/IOAccelerator
0x00007fff54cfe000 	/System/Library/PrivateFrameworks/IOPresentment.framework/Versions/A/IOPresentment
0x00007fff4c47e000 	/System/Library/PrivateFrameworks/DSExternalDisplay.framework/Versions/A/DSExternalDisplay
0x00007fff40a28000 	/System/Library/Frameworks/OpenGL.framework/Versions/A/Libraries/libCoreFSCache.dylib
0x00007fff3c5a8000 	/System/Library/Frameworks/MetalPerformanceShaders.framework/Frameworks/MPSCore.framework/Versions/A/MPSCore
0x00007fff3c5c8000 	/System/Library/Frameworks/MetalPerformanceShaders.framework/Frameworks/MPSImage.framework/Versions/A/MPSImage
0x00007fff3c66d000 	/System/Library/Frameworks/MetalPerformanceShaders.framework/Frameworks/MPSNeuralNetwork.framework/Versions/A/MPSNeuralNetwork
0x00007fff3c645000 	/System/Library/Frameworks/MetalPerformanceShaders.framework/Frameworks/MPSMatrix.framework/Versions/A/MPSMatrix
0x00007fff3c799000 	/System/Library/Frameworks/MetalPerformanceShaders.framework/Frameworks/MPSRayIntersector.framework/Versions/A/MPSRayIntersector
0x00007fff561ed000 	/System/Library/PrivateFrameworks/MetalTools.framework/Versions/A/MetalTools
0x00007fff47336000 	/System/Library/PrivateFrameworks/AggregateDictionary.framework/Versions/A/AggregateDictionary
0x00007fff60784000 	/usr/lib/libMobileGestalt.dylib
0x00007fff396d0000 	/System/Library/Frameworks/CoreVideo.framework/Versions/A/CoreVideo
0x00007fff53805000 	/System/Library/PrivateFrameworks/GraphVisualizer.framework/Versions/A/GraphVisualizer
0x00007fff4d684000 	/System/Library/PrivateFrameworks/FaceCore.framework/Versions/A/FaceCore
0x00007fff40056000 	/System/Library/Frameworks/OpenCL.framework/Versions/A/OpenCL
0x00007fff604dc000 	/usr/lib/libFosl_dynamic.dylib
0x00007fff56fbf000 	/System/Library/PrivateFrameworks/OTSVG.framework/Versions/A/OTSVG
0x00007fff35e60000 	/System/Library/Frameworks/ApplicationServices.framework/Versions/A/Frameworks/ATS.framework/Versions/A/Resources/libFontParser.dylib
0x00007fff35f78000 	/System/Library/Frameworks/ApplicationServices.framework/Versions/A/Frameworks/ATS.framework/Versions/A/Resources/libFontRegistry.dylib
0x00007fff3a5dd000 	/System/Library/Frameworks/ImageIO.framework/Versions/A/Resources/libJPEG.dylib
0x00007fff3a8ef000 	/System/Library/Frameworks/ImageIO.framework/Versions/A/Resources/libTIFF.dylib
0x00007fff3a8c5000 	/System/Library/Frameworks/ImageIO.framework/Versions/A/Resources/libPng.dylib
0x00007fff3a4fb000 	/System/Library/Frameworks/ImageIO.framework/Versions/A/Resources/libGIF.dylib
0x00007fff3a500000 	/System/Library/Frameworks/ImageIO.framework/Versions/A/Resources/libJP2.dylib
0x00007fff3a8ec000 	/System/Library/Frameworks/ImageIO.framework/Versions/A/Resources/libRadiance.dylib
0x00007fff47be3000 	/System/Library/PrivateFrameworks/AppleJPEG.framework/Versions/A/AppleJPEG
0x00007fff40a33000 	/System/Library/Frameworks/OpenGL.framework/Versions/A/Libraries/libGFXShared.dylib
0x00007fff40bf6000 	/System/Library/Frameworks/OpenGL.framework/Versions/A/Libraries/libGLU.dylib
0x00007fff40a3c000 	/System/Library/Frameworks/OpenGL.framework/Versions/A/Libraries/libGL.dylib
0x00007fff40a48000 	/System/Library/Frameworks/OpenGL.framework/Versions/A/Libraries/libGLImage.dylib
0x00007fff40a25000 	/System/Library/Frameworks/OpenGL.framework/Versions/A/Libraries/libCVMSPluginSupport.dylib
0x00007fff40a2e000 	/System/Library/Frameworks/OpenGL.framework/Versions/A/Libraries/libCoreVMClient.dylib
0x00007fff612f6000 	/usr/lib/libcups.2.dylib
0x00007fff3baaf000 	/System/Library/Frameworks/Kerberos.framework/Versions/A/Kerberos
0x00007fff39fde000 	/System/Library/Frameworks/GSS.framework/Versions/A/GSS
0x00007fff62a09000 	/usr/lib/libresolv.9.dylib
0x00007fff614e8000 	/usr/lib/libiconv.2.dylib
0x00007fff5397a000 	/System/Library/PrivateFrameworks/Heimdal.framework/Versions/A/Heimdal
0x00007fff614b8000 	/usr/lib/libheimdal-asn1.dylib
0x00007fff400ca000 	/System/Library/Frameworks/OpenDirectory.framework/Versions/A/OpenDirectory
0x00007fff4a409000 	/System/Library/PrivateFrameworks/CommonAuth.framework/Versions/A/CommonAuth
0x00007fff400ae000 	/System/Library/Frameworks/OpenDirectory.framework/Versions/A/Frameworks/CFOpenDirectory.framework/Versions/A/CFOpenDirectory
0x00007fff43178000 	/System/Library/Frameworks/SecurityFoundation.framework/Versions/A/SecurityFoundation
0x00007fff4687c000 	/System/Library/PrivateFrameworks/APFS.framework/Versions/A/APFS
0x00007fff62e6a000 	/usr/lib/libutil.dylib
0x00007fff60b93000 	/usr/lib/libcharset.1.dylib
0x00007fff47e80000 	/System/Library/PrivateFrameworks/AppleSauce.framework/Versions/A/AppleSauce
0x00007fff48001000 	/System/Library/PrivateFrameworks/AssertionServices.framework/Versions/A/AssertionServices
0x00007fff48731000 	/System/Library/PrivateFrameworks/BaseBoard.framework/Versions/A/BaseBoard
0x00007fff618b9000 	/usr/lib/libmecab.1.0.0.dylib
0x00007fff614b2000 	/usr/lib/libgermantok.dylib
0x00007fff60961000 	/usr/lib/libThaiTokenizer.dylib
0x00007fff6040c000 	/usr/lib/libChineseTokenizer.dylib
0x00007fff553ab000 	/System/Library/PrivateFrameworks/LanguageModeling.framework/Versions/A/LanguageModeling
0x00007fff4b0eb000 	/System/Library/PrivateFrameworks/CoreEmoji.framework/Versions/A/CoreEmoji
0x00007fff55487000 	/System/Library/PrivateFrameworks/Lexicon.framework/Versions/A/Lexicon
0x00007fff554ca000 	/System/Library/PrivateFrameworks/LinguisticData.framework/Versions/A/LinguisticData
0x00007fff60b94000 	/usr/lib/libcmph.dylib
0x00007fff43236000 	/System/Library/Frameworks/ServiceManagement.framework/Versions/A/ServiceManagement
0x00007fff48692000 	/System/Library/PrivateFrameworks/BackgroundTaskManagement.framework/Versions/A/BackgroundTaskManagement
0x00007fff62f64000 	/usr/lib/libxslt.1.dylib
0x00007fff36ece000 	/System/Library/Frameworks/Carbon.framework/Versions/A/Frameworks/Ink.framework/Versions/A/Ink
0x00007fff5e49b000 	/System/Library/PrivateFrameworks/TextureIO.framework/Versions/A/TextureIO
0x00007fff609b5000 	/usr/lib/libate.dylib
0x00007fff4c3cd000 	/System/Library/PrivateFrameworks/CrashReporterSupport.framework/Versions/A/CrashReporterSupport
0x00007fff5bbd5000 	/System/Library/PrivateFrameworks/Sharing.framework/Versions/A/Sharing
0x00007fff483e4000 	/System/Library/PrivateFrameworks/AuthKit.framework/Versions/A/AuthKit
0x00007fff47938000 	/System/Library/PrivateFrameworks/Apple80211.framework/Versions/A/Apple80211
0x00007fff4c175000 	/System/Library/PrivateFrameworks/CoreUtils.framework/Versions/A/CoreUtils
0x00007fff39711000 	/System/Library/Frameworks/CoreWLAN.framework/Versions/A/CoreWLAN
0x00007fff3a10d000 	/System/Library/Frameworks/IOBluetooth.framework/Versions/A/IOBluetooth
0x00007fff5a049000 	/System/Library/PrivateFrameworks/ProtocolBuffer.framework/Versions/A/ProtocolBuffer
0x00007fff5644a000 	/System/Library/PrivateFrameworks/MobileKeyBag.framework/Versions/A/MobileKeyBag
0x00007fff4b9b9000 	/System/Library/PrivateFrameworks/CorePhoneNumbers.framework/Versions/A/CorePhoneNumbers
0x00007fff47b97000 	/System/Library/PrivateFrameworks/AppleIDAuthSupport.framework/Versions/A/AppleIDAuthSupport
0x00007fff5537e000 	/System/Library/PrivateFrameworks/KeychainCircle.framework/Versions/A/KeychainCircle
0x00007fff5a1ff000 	/System/Library/PrivateFrameworks/ROCKit.framework/Versions/A/ROCKit
0x00007fff4c369000 	/System/Library/PrivateFrameworks/CoreWiFi.framework/Versions/A/CoreWiFi
0x00007fff3749c000 	/System/Library/Frameworks/CoreBluetooth.framework/Versions/A/CoreBluetooth
0x00007fff4c5c4000 	/System/Library/PrivateFrameworks/DebugSymbols.framework/Versions/A/DebugSymbols
0x00007fff4bf35000 	/System/Library/PrivateFrameworks/CoreSymbolication.framework/Versions/A/CoreSymbolication
0x00007fff5dcb6000 	/System/Library/PrivateFrameworks/Symbolication.framework/Versions/A/Symbolication
0x00007fff5d559000 	/System/Library/PrivateFrameworks/SpeechRecognitionCore.framework/Versions/A/SpeechRecognitionCore
0x00007fff2c01f000 	/System/Library/CoreServices/Encodings/libJapaneseConverter.dylib
0x000000010c000000 	/Library/Java/JavaVirtualMachines/jdk1.8.0_221.jdk/Contents/Home/jre/lib/server/libjvm.dylib
0x00007fff62d45000 	/usr/lib/libstdc++.6.dylib
0x000000010a750000 	/Library/Java/JavaVirtualMachines/jdk1.8.0_221.jdk/Contents/Home/jre/lib/libverify.dylib
0x000000010a75e000 	/Library/Java/JavaVirtualMachines/jdk1.8.0_221.jdk/Contents/Home/jre/lib/libjava.dylib
0x000000010a7de000 	/Library/Java/JavaVirtualMachines/jdk1.8.0_221.jdk/Contents/Home/jre/lib/libzip.dylib
0x0000000111b6d000 	/Library/Java/JavaVirtualMachines/jdk1.8.0_221.jdk/Contents/Home/jre/lib/libmanagement.dylib
0x0000000111b7b000 	/Library/Java/JavaVirtualMachines/jdk1.8.0_221.jdk/Contents/Home/jre/lib/libnet.dylib
0x0000000111786000 	/Library/Java/JavaVirtualMachines/jdk1.8.0_221.jdk/Contents/Home/jre/lib/libnio.dylib
0x0000000111db5000 	/Library/Java/JavaVirtualMachines/jdk1.8.0_221.jdk/Contents/Home/jre/lib/libsunec.dylib
0x0000000115114000 	/Users/resetpower/Library/Application Support/minecraft/versions/1.15.2-forge-31.1.0/1.15.2-forge-31.1.0-natives/liblwjgl.dylib
0x000000011562f000 	/Users/resetpower/Library/Application Support/minecraft/versions/1.15.2-forge-31.1.0/1.15.2-forge-31.1.0-natives/libglfw.dylib

VM Arguments:
jvm_args: -Djava.library.path=/Users/resetpower/Library/Application Support/minecraft/versions/1.15.2-forge-31.1.0/1.15.2-forge-31.1.0-natives 
java_command: cpw.mods.modlauncher.Launcher --username Zhangsan --version 1.15.2-forge-31.1.0 --gameDir /Users/resetpower/Library/Application Support/minecraft --assetsDir /Users/resetpower/Library/Application Support/minecraft/assets --assetIndex 1.15 --uuid -1367960428 --accessToken -13679604281 --userType mojang --versionType release --launchTarget fmlclient --fml.forgeVersion 31.1.0 --fml.mcVersion 1.15.2 --fml.forgeGroup net.minecraftforge --fml.mcpVersion 20200122.131323
java_class_path (initial): /Users/resetpower/Library/Application Support/minecraft/libraries/net/minecraftforge/forge/1.15.2-31.1.0/forge-1.15.2-31.1.0.jar:/Users/resetpower/Library/Application Support/minecraft/libraries/org/ow2/asm/asm/7.2/asm-7.2.jar:/Users/resetpower/Library/Application Support/minecraft/libraries/org/ow2/asm/asm-commons/7.2/asm-commons-7.2.jar:/Users/resetpower/Library/Application Support/minecraft/libraries/org/ow2/asm/asm-tree/7.2/asm-tree-7.2.jar:/Users/resetpower/Library/Application Support/minecraft/libraries/cpw/mods/modlauncher/5.0.0-milestone.4/modlauncher-5.0.0-milestone.4.jar:/Users/resetpower/Library/Application Support/minecraft/libraries/cpw/mods/grossjava9hacks/1.1.0/grossjava9hacks-1.1.0.jar:/Users/resetpower/Library/Application Support/minecraft/libraries/net/minecraftforge/accesstransformers/2.0.0-milestone.1-shadowed/accesstransformers-2.0.0-milestone.1-shadowed.jar:/Users/resetpower/Library/Application Support/minecraft/libraries/net/minecraftforge/eventbus/2.0.0-milestone.1-service/eventbus-2.0.0-milestone.1-service.jar:/Users/resetpower/Library/Application Support/minecraft/libraries/net/minecraftforge/forgespi/2.0.0-milestone.1/forgespi-2.0.0-milestone.1.jar:/Users/resetpower/Library/Application Support/minecraft/libraries/net/minecraftforge/coremods/2.0.0-milestone.1/coremods-2.0.0-milestone.1.jar:/Users/resetpower/Library/Application Support/minecraft/libraries/net/minecraftforge/unsafe/0.2.0/unsafe-0.2.0.jar:/Users/resetpower/Library/Application Support/minecraft/libraries/com/electronwill/night-config/core/3.6.2/core-3.6.2.jar:/Users/resetpower/Library/Application Support/minecraft/libraries/com/electronwill/night-config/toml/3.6.2/toml-3.6.2.jar:/Users/resetpower/Library/Application Support/minecraft/libraries/org/jline/jline/3.12.1/jline-3.12.1.jar:/Users/resetpower/Library/Application Support/minecraft/libraries/org/apache/maven/maven-artifact/3.6.0/maven-artifact-3.6.0.jar:/Users/resetpower/Library/Application Su
Launcher Type: SUN_STANDARD

Environment Variables:
JAVA_HOME=/Library/Java/JavaVirtualMachines/jdk1.8.0_221.jdk/Contents/Home
PATH=/Library/Frameworks/Python.framework/Versions/3.7/bin:/usr/local/bin:/usr/bin:/bin:/usr/sbin:/sbin:/Applications/VMware Fusion.app/Contents/Public:/usr/local/share/dotnet:~/.dotnet/tools:/Library/Frameworks/Mono.framework/Versions/Current/Commands:/Users/resetpower/Documents/flutter/bin:/Users/resetpower/.pub-cache/bin:/Users/resetpower/Library/Android/sdk/tools:/Users/resetpower/Library/Android/sdk/platform-tools
SHELL=/bin/zsh

Signal Handlers:
SIGSEGV: [libjvm.dylib+0x5b71a7], sa_mask[0]=11111111011111110111111111111111, sa_flags=SA_ONSTACK|SA_RESTART|SA_SIGINFO
SIGBUS: [libjvm.dylib+0x5b71a7], sa_mask[0]=11111111011111110111111111111111, sa_flags=SA_RESTART|SA_SIGINFO
SIGFPE: [libjvm.dylib+0x48c8fc], sa_mask[0]=11111111011111110111111111111111, sa_flags=SA_RESTART|SA_SIGINFO
SIGPIPE: [libjvm.dylib+0x48c8fc], sa_mask[0]=11111111011111110111111111111111, sa_flags=SA_RESTART|SA_SIGINFO
SIGXFSZ: [libjvm.dylib+0x48c8fc], sa_mask[0]=11111111011111110111111111111111, sa_flags=SA_RESTART|SA_SIGINFO
SIGILL: [libjvm.dylib+0x48c8fc], sa_mask[0]=11111111011111110111111111111111, sa_flags=SA_RESTART|SA_SIGINFO
SIGUSR1: SIG_DFL, sa_mask[0]=00000000000000000000000000000000, sa_flags=none
SIGUSR2: [libjvm.dylib+0x48c41a], sa_mask[0]=00100000000000000000000000000000, sa_flags=SA_RESTART|SA_SIGINFO
SIGHUP: [libjvm.dylib+0x48a9a5], sa_mask[0]=11111111011111110111111111111111, sa_flags=SA_RESTART|SA_SIGINFO
SIGINT: [libjvm.dylib+0x48a9a5], sa_mask[0]=11111111011111110111111111111111, sa_flags=SA_RESTART|SA_SIGINFO
SIGTERM: [libjvm.dylib+0x48a9a5], sa_mask[0]=11111111011111110111111111111111, sa_flags=SA_RESTART|SA_SIGINFO
SIGQUIT: [libjvm.dylib+0x48a9a5], sa_mask[0]=11111111011111110111111111111111, sa_flags=SA_RESTART|SA_SIGINFO


---------------  S Y S T E M  ---------------

OS:Bsduname:Darwin 18.7.0 Darwin Kernel Version 18.7.0: Thu Jan 23 06:52:12 PST 2020; root:xnu-4903.278.25~1/RELEASE_X86_64 x86_64
rlimit: STACK 8192k, CORE 0k, NPROC 1418, NOFILE 10240, AS infinity
load average:3.27 2.46 1.78

CPU:total 12 (initial active 12) (6 cores per cpu, 2 threads per core) family 6 model 158 stepping 10, cmov, cx8, fxsr, mmx, sse, sse2, sse3, ssse3, sse4.1, sse4.2, popcnt, avx, avx2, aes, clmul, erms, 3dnowpref, lzcnt, ht, tsc, tscinvbit, bmi1, bmi2, adx

Memory: 4k page, physical 16777216k(1185920k free)

/proc/meminfo:


vm_info: Java HotSpot(TM) 64-Bit Server VM (25.221-b11) for bsd-amd64 JRE (1.8.0_221-b11), built on Jul  4 2019 04:36:22 by "java_re" with gcc 4.2.1 (Based on Apple Inc. build 5658) (LLVM build 2336.11.00)

time: Sun Apr 19 17:57:20 2020
timezone: CST
elapsed time: 12 seconds (0d 0h 0m 12s)

