#
# A fatal error has been detected by the Java Runtime Environment:
#
#  SIGBUS (0xa) at pc=0x000000010ac96ff8, pid=79273, tid=0x0000000000000307
#
# JRE version: Java(TM) SE Runtime Environment (8.0_221-b11) (build 1.8.0_221-b11)
# Java VM: Java HotSpot(TM) 64-Bit Server VM (25.221-b11 mixed mode bsd-amd64 compressed oops)
# Problematic frame:
# C  0x000000010ac96ff8
#
# Failed to write core dump. Core dumps have been disabled. To enable core dumping, try "ulimit -c unlimited" before starting Java again
#
# If you would like to submit a bug report, please visit:
#   http://bugreport.java.com/bugreport/crash.jsp
# The crash happened outside the Java Virtual Machine in native code.
# See problematic frame for where to report the bug.
#

---------------  T H R E A D  ---------------

Current thread (0x00007f8211801800):  JavaThread "Render thread" [_thread_in_native, id=775, stack(0x00007ffeebd5d000,0x00007ffeec55d000)]

siginfo: si_signo: 10 (SIGBUS), si_code: 2 (BUS_ADRERR), si_addr: 0x000000010ac96ff8

Registers:
RAX=0x0000000125cd88c0, RBX=0x0000000125fcd6a0, RCX=0x000000010ac96ff8, RDX=0x000000012557a730
RSP=0x00007ffeec556818, RBP=0x00007ffeec556880, RSI=0x00007ffeec556890, RDI=0x000000012557a730
R8 =0x000000010e5734e8, R9 =0x00000000ffffffe8, R10=0x000000010e52a63b, R11=0x00000001054e9873
R12=0x0000000000000000, R13=0x0000000125fcd6a0, R14=0x00007ffeec5568b8, R15=0x00007f8211801800
RIP=0x000000010ac96ff8, EFLAGS=0x0000000000010216, ERR=0x0000000000000015
  TRAPNO=0x000000000000000e

Top of Stack: (sp=0x00007ffeec556818)
0x00007ffeec556818:   000000010e52a667 00007ffeec556880
0x00007ffeec556828:   000000010e52a3b9 0000000500000019
0x00007ffeec556838:   000000010e52a382 00007ffeec556840
0x00007ffeec556848:   0000000125fcd6a0 00007ffeec5568b8
0x00007ffeec556858:   0000000125ffd500 0000000000000000
0x00007ffeec556868:   0000000125fcd6a0 0000000000000000
0x00007ffeec556878:   00007ffeec5568a0 00007ffeec556900
0x00007ffeec556888:   000000010e519d00 000000079dd38e18
0x00007ffeec556898:   000000010e523d16 000000010ac96ff8
0x00007ffeec5568a8:   000000010e535a76 000000012557a730
0x00007ffeec5568b8:   000000010e535a3f 00007ffeec5568c0
0x00007ffeec5568c8:   0000000125e7e75e 00007ffeec556928
0x00007ffeec5568d8:   0000000125f105b0 0000000000000000
0x00007ffeec5568e8:   0000000125e7e788 00007ffeec5568a0
0x00007ffeec5568f8:   00007ffeec556920 00007ffeec556970
0x00007ffeec556908:   000000010e519d00 000000012557a730
0x00007ffeec556918:   0000000000000000 000000010ac96ff8
0x00007ffeec556928:   0000000796452288 00007ffeec556930
0x00007ffeec556938:   0000000125e7e81f 00007ffeec556980
0x00007ffeec556948:   0000000125f105b0 0000000000000000
0x00007ffeec556958:   0000000125e7e840 00007ffeec556920
0x00007ffeec556968:   00007ffeec556980 00007ffeec5569c8
0x00007ffeec556978:   000000010e519d00 0000000796452288
0x00007ffeec556988:   00007ffeec556988 0000000125f63435
0x00007ffeec556998:   00007ffeec556a20 0000000125f65f00
0x00007ffeec5569a8:   0000000000000000 0000000125f63540
0x00007ffeec5569b8:   00007ffeec556980 00007ffeec556a20
0x00007ffeec5569c8:   00007ffeec556a68 000000010e51a2bd
0x00007ffeec5569d8:   0000000000000000 0000000000000000
0x00007ffeec5569e8:   0000000000000000 0000000000000000
0x00007ffeec5569f8:   0000000000000000 0000000000000000
0x00007ffeec556a08:   0000000796452288 0000000000000000 

Instructions: (pc=0x000000010ac96ff8)
0x000000010ac96fd8:   66 77 53 65 74 67 67 6c 66 67 6c 66 77 67 6c 66
0x000000010ac96fe8:   77 47 65 74 50 72 6f 63 41 64 64 72 65 73 73 00
0x000000010ac96ff8:   00 00 00 00 00 00 00 00 00 00 00 00 00 00 00 00
0x000000010ac97008:   00 00 00 00 00 00 00 00 00 00 00 00 00 00 00 00 

Register to memory mapping:

RAX=0x0000000125cd88c0: <offset 0x38c0> in /Users/resetpower/Library/Application Support/minecraft/versions/1.15.2-forge-31.1.0/1.15.2-forge-31.1.0-natives/liblwjgl.dylib at 0x0000000125cd5000
RBX={method} {0x0000000125fcd6a0} 'invokePI' '(JJ)I' in 'org/lwjgl/system/JNI'
RCX=0x000000010ac96ff8 is an unknown value
RDX=0x000000012557a730: <offset 0x5730> in /Users/resetpower/Library/Application Support/minecraft/versions/1.15.2-forge-31.1.0/1.15.2-forge-31.1.0-natives/libglfw.dylib at 0x0000000125575000
RSP=0x00007ffeec556818 is pointing into the stack for thread: 0x00007f8211801800
RBP=0x00007ffeec556880 is pointing into the stack for thread: 0x00007f8211801800
RSI=0x00007ffeec556890 is pointing into the stack for thread: 0x00007f8211801800
RDI=0x000000012557a730: <offset 0x5730> in /Users/resetpower/Library/Application Support/minecraft/versions/1.15.2-forge-31.1.0/1.15.2-forge-31.1.0-natives/libglfw.dylib at 0x0000000125575000
R8 =0x000000010e5734e8 is at code_begin+8 in 
[CodeBlob (0x000000010e573490)]
Framesize: 0
BufferBlob (0x000000010e573490) used for Signature Handler Temp Buffer
R9 =0x00000000ffffffe8 is an unknown value
R10=0x000000010e52a63b is at code_begin+859 in an Interpreter codelet
method entry point (kind = native)  [0x000000010e52a2e0, 0x000000010e52ac40]  2400 bytes
R11=0x00000001054e9873: throw_unsatisfied_link_error+0 in /Library/Java/JavaVirtualMachines/jdk1.8.0_221.jdk/Contents/Home/jre/lib/server/libjvm.dylib at 0x0000000105000000
R12=0x0000000000000000 is an unknown value
R13={method} {0x0000000125fcd6a0} 'invokePI' '(JJ)I' in 'org/lwjgl/system/JNI'
R14=0x00007ffeec5568b8 is pointing into the stack for thread: 0x00007f8211801800
R15=0x00007f8211801800 is a thread


Stack: [0x00007ffeebd5d000,0x00007ffeec55d000],  sp=0x00007ffeec556818,  free space=8166k
Native frames: (J=compiled Java code, j=interpreted, Vv=VM code, C=native code)
C  0x000000010ac96ff8
j  org.lwjgl.glfw.GLFW.nglfwGetError(J)I+6
j  org.lwjgl.glfw.GLFW.glfwGetError(Lorg/lwjgl/PointerBuffer;)I+15
j  net.minecraft.client.MainWindow.func_211162_a(Ljava/util/function/BiConsumer;)V+21
j  com.mojang.blaze3d.platform.GLX._initGlfw()Ljava/util/function/LongSupplier;+13
j  com.mojang.blaze3d.systems.RenderSystem.initBackendSystem()Ljava/util/function/LongSupplier;+8
j  net.minecraft.client.Minecraft.<init>(Lnet/minecraft/client/GameConfiguration;)V+593
j  net.minecraft.client.main.Main.main([Ljava/lang/String;)V+1189
v  ~StubRoutines::call_stub
V  [libjvm.dylib+0x2f0d1e]
V  [libjvm.dylib+0x4d7790]
V  [libjvm.dylib+0x4d7cc4]
V  [libjvm.dylib+0x34926c]
j  sun.reflect.NativeMethodAccessorImpl.invoke0(Ljava/lang/reflect/Method;Ljava/lang/Object;[Ljava/lang/Object;)Ljava/lang/Object;+0
j  sun.reflect.NativeMethodAccessorImpl.invoke(Ljava/lang/Object;[Ljava/lang/Object;)Ljava/lang/Object;+100
j  sun.reflect.DelegatingMethodAccessorImpl.invoke(Ljava/lang/Object;[Ljava/lang/Object;)Ljava/lang/Object;+6
j  java.lang.reflect.Method.invoke(Ljava/lang/Object;[Ljava/lang/Object;)Ljava/lang/Object;+56
j  net.minecraftforge.fml.loading.FMLClientLaunchProvider.lambda$launchService$0(Lcpw/mods/modlauncher/api/ITransformingClassLoader;[Ljava/lang/String;)Ljava/lang/Void;+50
j  net.minecraftforge.fml.loading.FMLClientLaunchProvider$$Lambda$398.call()Ljava/lang/Object;+12
j  cpw.mods.modlauncher.LaunchServiceHandlerDecorator.launch([Ljava/lang/String;Lcpw/mods/modlauncher/api/ITransformingClassLoader;)V+11
j  cpw.mods.modlauncher.LaunchServiceHandler.launch(Ljava/lang/String;[Ljava/lang/String;Lcpw/mods/modlauncher/TransformingClassLoader;Lcpw/mods/modlauncher/LaunchPluginHandler;)V+57
j  cpw.mods.modlauncher.LaunchServiceHandler.launch(Lcpw/mods/modlauncher/ArgumentHandler;Lcpw/mods/modlauncher/TransformingClassLoader;Lcpw/mods/modlauncher/LaunchPluginHandler;)V+19
j  cpw.mods.modlauncher.Launcher.run([Ljava/lang/String;)V+116
j  cpw.mods.modlauncher.Launcher.main([Ljava/lang/String;)V+37
v  ~StubRoutines::call_stub
V  [libjvm.dylib+0x2f0d1e]
V  [libjvm.dylib+0x327cc5]
V  [libjvm.dylib+0x320a51]
C  [java+0x38c6]  JavaMain+0x9c4
C  [java+0x57ee]  __JVMInit_block_invoke_1+0x51
C  [Foundation+0x5603c]  __NSBLOCKOPERATION_IS_CALLING_OUT_TO_A_BLOCK__+0x7
C  [Foundation+0x55f44]  -[NSBlockOperation main]+0x44
C  [Foundation+0x2bcbd]  -[__NSOperationInternal _start:]+0x2ad
C  [Foundation+0xb0302]  __NSThreadPerformPerform+0x148
C  [CoreFoundation+0x57e33]  __CFRUNLOOP_IS_CALLING_OUT_TO_A_SOURCE0_PERFORM_FUNCTION__+0x11
C  [CoreFoundation+0x57dd9]  __CFRunLoopDoSource0+0x6c
C  [CoreFoundation+0x3b79b]  __CFRunLoopDoSources0+0xc3
C  [CoreFoundation+0x3ad65]  __CFRunLoopRun+0x4a5
C  [CoreFoundation+0x3a66e]  CFRunLoopRunSpecific+0x1c7
C  [java+0x646e]  CreateExecutionEnvironment+0x367
C  [java+0x203c]  JLI_Launch+0x7a0
C  [java+0x84cb]  main+0x65
C  [java+0x1894]  start+0x34
C  0x0000000000000022

Java frames: (J=compiled Java code, j=interpreted, Vv=VM code)
j  org.lwjgl.system.JNI.invokePI(JJ)I+0
j  org.lwjgl.glfw.GLFW.nglfwGetError(J)I+6
j  org.lwjgl.glfw.GLFW.glfwGetError(Lorg/lwjgl/PointerBuffer;)I+15
j  net.minecraft.client.MainWindow.func_211162_a(Ljava/util/function/BiConsumer;)V+21
j  com.mojang.blaze3d.platform.GLX._initGlfw()Ljava/util/function/LongSupplier;+13
j  com.mojang.blaze3d.systems.RenderSystem.initBackendSystem()Ljava/util/function/LongSupplier;+8
j  net.minecraft.client.Minecraft.<init>(Lnet/minecraft/client/GameConfiguration;)V+593
j  net.minecraft.client.main.Main.main([Ljava/lang/String;)V+1189
v  ~StubRoutines::call_stub
j  sun.reflect.NativeMethodAccessorImpl.invoke0(Ljava/lang/reflect/Method;Ljava/lang/Object;[Ljava/lang/Object;)Ljava/lang/Object;+0
j  sun.reflect.NativeMethodAccessorImpl.invoke(Ljava/lang/Object;[Ljava/lang/Object;)Ljava/lang/Object;+100
j  sun.reflect.DelegatingMethodAccessorImpl.invoke(Ljava/lang/Object;[Ljava/lang/Object;)Ljava/lang/Object;+6
j  java.lang.reflect.Method.invoke(Ljava/lang/Object;[Ljava/lang/Object;)Ljava/lang/Object;+56
j  net.minecraftforge.fml.loading.FMLClientLaunchProvider.lambda$launchService$0(Lcpw/mods/modlauncher/api/ITransformingClassLoader;[Ljava/lang/String;)Ljava/lang/Void;+50
j  net.minecraftforge.fml.loading.FMLClientLaunchProvider$$Lambda$398.call()Ljava/lang/Object;+12
j  cpw.mods.modlauncher.LaunchServiceHandlerDecorator.launch([Ljava/lang/String;Lcpw/mods/modlauncher/api/ITransformingClassLoader;)V+11
j  cpw.mods.modlauncher.LaunchServiceHandler.launch(Ljava/lang/String;[Ljava/lang/String;Lcpw/mods/modlauncher/TransformingClassLoader;Lcpw/mods/modlauncher/LaunchPluginHandler;)V+57
j  cpw.mods.modlauncher.LaunchServiceHandler.launch(Lcpw/mods/modlauncher/ArgumentHandler;Lcpw/mods/modlauncher/TransformingClassLoader;Lcpw/mods/modlauncher/LaunchPluginHandler;)V+19
j  cpw.mods.modlauncher.Launcher.run([Ljava/lang/String;)V+116
j  cpw.mods.modlauncher.Launcher.main([Ljava/lang/String;)V+37
v  ~StubRoutines::call_stub

---------------  P R O C E S S  ---------------

Java Threads: ( => current thread )
  0x00007f8214195800 JavaThread "Timer hack thread" daemon [_thread_blocked, id=40195, stack(0x000070000b8c5000,0x000070000b9c5000)]
  0x00007f8214828000 JavaThread "Server-Worker-7" daemon [_thread_in_Java, id=40707, stack(0x000070000b7c2000,0x000070000b8c2000)]
  0x00007f82107f0800 JavaThread "Server-Worker-6" daemon [_thread_in_Java, id=40963, stack(0x000070000b6bf000,0x000070000b7bf000)]
  0x00007f8211ff7000 JavaThread "Server-Worker-5" daemon [_thread_in_Java, id=41475, stack(0x000070000b5bc000,0x000070000b6bc000)]
  0x00007f82107f7000 JavaThread "Server-Worker-4" daemon [_thread_in_Java, id=24835, stack(0x000070000b4b9000,0x000070000b5b9000)]
  0x00007f8217927000 JavaThread "Server-Worker-3" daemon [_thread_in_Java, id=41731, stack(0x000070000b3b6000,0x000070000b4b6000)]
  0x00007f8210afe000 JavaThread "Server-Worker-2" daemon [_thread_in_Java, id=41987, stack(0x000070000b2b3000,0x000070000b3b3000)]
  0x00007f8210bbc000 JavaThread "Server-Worker-1" daemon [_thread_in_Java, id=42243, stack(0x000070000b1b0000,0x000070000b2b0000)]
  0x00007f821085b800 JavaThread "Snooper Timer" daemon [_thread_blocked, id=42499, stack(0x000070000b0ad000,0x000070000b1ad000)]
  0x00007f8210bc7000 JavaThread "pool-2-thread-1" daemon [_thread_blocked, id=42755, stack(0x000070000afaa000,0x000070000b0aa000)]
  0x00007f82121a3800 JavaThread "Thread-2" daemon [_thread_blocked, id=23043, stack(0x000070000aea7000,0x000070000afa7000)]
  0x00007f8210886000 JavaThread "Thread-1" daemon [_thread_blocked, id=43267, stack(0x000070000ada4000,0x000070000aea4000)]
  0x00007f8210882000 JavaThread "ForkJoinPool.commonPool-worker-9" daemon [_thread_blocked, id=22539, stack(0x000070000aca1000,0x000070000ada1000)]
  0x00007f821087d000 JavaThread "process reaper" daemon [_thread_blocked, id=4359, stack(0x000070000975f000,0x0000700009787000)]
  0x00007f820f87c000 JavaThread "Service Thread" daemon [_thread_blocked, id=15619, stack(0x000070000aa9b000,0x000070000ab9b000)]
  0x00007f8210830000 JavaThread "C1 CompilerThread3" daemon [_thread_blocked, id=15363, stack(0x000070000a998000,0x000070000aa98000)]
  0x00007f820f84a800 JavaThread "C2 CompilerThread2" daemon [_thread_in_native, id=14851, stack(0x000070000a895000,0x000070000a995000)]
  0x00007f821082f000 JavaThread "C2 CompilerThread1" daemon [_thread_in_native, id=16387, stack(0x000070000a792000,0x000070000a892000)]
  0x00007f8212008000 JavaThread "C2 CompilerThread0" daemon [_thread_in_native, id=16899, stack(0x000070000a68f000,0x000070000a78f000)]
  0x00007f8212007000 JavaThread "Signal Dispatcher" daemon [_thread_blocked, id=17411, stack(0x000070000a58c000,0x000070000a68c000)]
  0x00007f820f84a000 JavaThread "Finalizer" daemon [_thread_blocked, id=13315, stack(0x000070000a489000,0x000070000a589000)]
  0x00007f820f847000 JavaThread "Reference Handler" daemon [_thread_blocked, id=19459, stack(0x000070000a386000,0x000070000a486000)]
=>0x00007f8211801800 JavaThread "Render thread" [_thread_in_native, id=775, stack(0x00007ffeebd5d000,0x00007ffeec55d000)]

Other Threads:
  0x00007f820f840800 VMThread [stack: 0x000070000a283000,0x000070000a383000] [id=19715]
  0x00007f820f84b800 WatcherThread [stack: 0x000070000ab9e000,0x000070000ac9e000] [id=21763]

VM state:not at safepoint (normal execution)

VM Mutex/Monitor currently owned by a thread: None

heap address: 0x00000006c0000000, size: 4096 MB, Compressed Oops mode: Zero based, Oop shift amount: 3
Narrow klass base: 0x0000000000000000, Narrow klass shift: 3
Compressed class space size: 1073741824 Address: 0x00000007c0000000

Heap:
 PSYoungGen      total 1253888K, used 919019K [0x000000076ab00000, 0x00000007bfb80000, 0x00000007c0000000)
  eden space 1113088K, 82% used [0x000000076ab00000,0x00000007a2753090,0x00000007aea00000)
  from space 140800K, 3% used [0x00000007b7200000,0x00000007b7727d20,0x00000007bfb80000)
  to   space 139264K, 0% used [0x00000007aea00000,0x00000007aea00000,0x00000007b7200000)
 ParOldGen       total 347136K, used 180210K [0x00000006c0000000, 0x00000006d5300000, 0x000000076ab00000)
  object space 347136K, 51% used [0x00000006c0000000,0x00000006caffca20,0x00000006d5300000)
 Metaspace       used 52358K, capacity 56561K, committed 56832K, reserved 1097728K
  class space    used 7729K, capacity 8940K, committed 8960K, reserved 1048576K

Card table byte_map: [0x0000000106379000,0x0000000106b7a000] byte_map_base: 0x0000000102d79000

Marking Bits: (ParMarkBitMap*) 0x00000001058fbe40
 Begin Bits: [0x000000011d512000, 0x0000000121512000)
 End Bits:   [0x0000000121512000, 0x0000000125512000)

Polling page: 0x0000000103728000

CodeCache: size=245760Kb used=19387Kb max_used=19387Kb free=226372Kb
 bounds [0x000000010e512000, 0x000000010f822000, 0x000000011d512000]
 total_blobs=7396 nmethods=6230 adapters=1078
 compilation: enabled

Compilation events (10 events):
Event: 12.686 Thread 0x00007f8210830000 7560       3       java.lang.reflect.ReflectAccess::copyField (5 bytes)
Event: 12.686 Thread 0x00007f8210830000 nmethod 7560 0x000000010f7c6c90 code [0x000000010f7c6e00, 0x000000010f7c7008]
Event: 12.694 Thread 0x00007f8210830000 7564       3       java.lang.StringBuilder::append (6 bytes)
Event: 12.694 Thread 0x00007f8210830000 nmethod 7564 0x000000010f7c6490 code [0x000000010f7c6600, 0x000000010f7c6868]
Event: 12.694 Thread 0x00007f8210830000 7565       1       java.util.Formatter::access$000 (5 bytes)
Event: 12.694 Thread 0x00007f8210830000 nmethod 7565 0x000000010f7c61d0 code [0x000000010f7c6320, 0x000000010f7c6410]
Event: 12.696 Thread 0x00007f8210830000 7567       3       java.security.MessageDigest::digest (12 bytes)
Event: 12.696 Thread 0x00007f8210830000 nmethod 7567 0x000000010f7c5d90 code [0x000000010f7c5f00, 0x000000010f7c6128]
Event: 12.696 Thread 0x00007f8210830000 7568       3       java.security.MessageDigest$Delegate::engineDigest (8 bytes)
Event: 12.696 Thread 0x00007f8210830000 nmethod 7568 0x000000010f7c5950 code [0x000000010f7c5ac0, 0x000000010f7c5ce8]

GC Heap History (10 events):
Event: 11.380 GC heap before
{Heap before GC invocations=17 (full 3):
 PSYoungGen      total 889856K, used 789353K [0x000000076ab00000, 0x00000007bd500000, 0x00000007c0000000)
  eden space 724992K, 100% used [0x000000076ab00000,0x0000000796f00000,0x0000000796f00000)
  from space 164864K, 39% used [0x0000000796f00000,0x000000079adda7c8,0x00000007a1000000)
  to   space 156160K, 0% used [0x00000007b3c80000,0x00000007b3c80000,0x00000007bd500000)
 ParOldGen       total 347136K, used 171506K [0x00000006c0000000, 0x00000006d5300000, 0x000000076ab00000)
  object space 347136K, 49% used [0x00000006c0000000,0x00000006ca77c8f0,0x00000006d5300000)
 Metaspace       used 46601K, capacity 50345K, committed 50816K, reserved 1091584K
  class space    used 6771K, capacity 7684K, committed 7808K, reserved 1048576K
Event: 11.432 GC heap after
Heap after GC invocations=17 (full 3):
 PSYoungGen      total 1204224K, used 42769K [0x000000076ab00000, 0x00000007bda00000, 0x00000007c0000000)
  eden space 1048064K, 0% used [0x000000076ab00000,0x000000076ab00000,0x00000007aaa80000)
  from space 156160K, 27% used [0x00000007b3c80000,0x00000007b6644530,0x00000007bd500000)
  to   space 149504K, 0% used [0x00000007aaa80000,0x00000007aaa80000,0x00000007b3c80000)
 ParOldGen       total 347136K, used 174808K [0x00000006c0000000, 0x00000006d5300000, 0x000000076ab00000)
  object space 347136K, 50% used [0x00000006c0000000,0x00000006caab6238,0x00000006d5300000)
 Metaspace       used 46601K, capacity 50345K, committed 50816K, reserved 1091584K
  class space    used 6771K, capacity 7684K, committed 7808K, reserved 1048576K
}
Event: 11.681 GC heap before
{Heap before GC invocations=18 (full 3):
 PSYoungGen      total 1204224K, used 1090833K [0x000000076ab00000, 0x00000007bda00000, 0x00000007c0000000)
  eden space 1048064K, 100% used [0x000000076ab00000,0x00000007aaa80000,0x00000007aaa80000)
  from space 156160K, 27% used [0x00000007b3c80000,0x00000007b6644530,0x00000007bd500000)
  to   space 149504K, 0% used [0x00000007aaa80000,0x00000007aaa80000,0x00000007b3c80000)
 ParOldGen       total 347136K, used 174820K [0x00000006c0000000, 0x00000006d5300000, 0x000000076ab00000)
  object space 347136K, 50% used [0x00000006c0000000,0x00000006caab9360,0x00000006d5300000)
 Metaspace       used 46684K, capacity 50445K, committed 50816K, reserved 1091584K
  class space    used 6789K, capacity 7716K, committed 7808K, reserved 1048576K
Event: 11.764 GC heap after
Heap after GC invocations=18 (full 3):
 PSYoungGen      total 1197568K, used 67774K [0x000000076ab00000, 0x00000007bee80000, 0x00000007c0000000)
  eden space 1048064K, 0% used [0x000000076ab00000,0x000000076ab00000,0x00000007aaa80000)
  from space 149504K, 45% used [0x00000007aaa80000,0x00000007aecafac8,0x00000007b3c80000)
  to   space 143872K, 0% used [0x00000007b6200000,0x00000007b6200000,0x00000007bee80000)
 ParOldGen       total 347136K, used 176156K [0x00000006c0000000, 0x00000006d5300000, 0x000000076ab00000)
  object space 347136K, 50% used [0x00000006c0000000,0x00000006cac07380,0x00000006d5300000)
 Metaspace       used 46684K, capacity 50445K, committed 50816K, reserved 1091584K
  class space    used 6789K, capacity 7716K, committed 7808K, reserved 1048576K
}
Event: 11.970 GC heap before
{Heap before GC invocations=19 (full 3):
 PSYoungGen      total 1197568K, used 1115838K [0x000000076ab00000, 0x00000007bee80000, 0x00000007c0000000)
  eden space 1048064K, 100% used [0x000000076ab00000,0x00000007aaa80000,0x00000007aaa80000)
  from space 149504K, 45% used [0x00000007aaa80000,0x00000007aecafac8,0x00000007b3c80000)
  to   space 143872K, 0% used [0x00000007b6200000,0x00000007b6200000,0x00000007bee80000)
 ParOldGen       total 347136K, used 176157K [0x00000006c0000000, 0x00000006d5300000, 0x000000076ab00000)
  object space 347136K, 50% used [0x00000006c0000000,0x00000006cac07770,0x00000006d5300000)
 Metaspace       used 47655K, capacity 51473K, committed 51840K, reserved 1093632K
  class space    used 6983K, capacity 7988K, committed 8064K, reserved 1048576K
Event: 11.993 GC heap after
Heap after GC invocations=19 (full 3):
 PSYoungGen      total 1237504K, used 20433K [0x000000076ab00000, 0x00000007bf780000, 0x00000007c0000000)
  eden space 1093632K, 0% used [0x000000076ab00000,0x000000076ab00000,0x00000007ad700000)
  from space 143872K, 14% used [0x00000007b6200000,0x00000007b75f46c0,0x00000007bee80000)
  to   space 142336K, 0% used [0x00000007ad700000,0x00000007ad700000,0x00000007b6200000)
 ParOldGen       total 347136K, used 177340K [0x00000006c0000000, 0x00000006d5300000, 0x000000076ab00000)
  object space 347136K, 51% used [0x00000006c0000000,0x00000006cad2f0d8,0x00000006d5300000)
 Metaspace       used 47655K, capacity 51473K, committed 51840K, reserved 1093632K
  class space    used 6983K, capacity 7988K, committed 8064K, reserved 1048576K
}
Event: 12.267 GC heap before
{Heap before GC invocations=20 (full 3):
 PSYoungGen      total 1237504K, used 1114065K [0x000000076ab00000, 0x00000007bf780000, 0x00000007c0000000)
  eden space 1093632K, 100% used [0x000000076ab00000,0x00000007ad700000,0x00000007ad700000)
  from space 143872K, 14% used [0x00000007b6200000,0x00000007b75f46c0,0x00000007bee80000)
  to   space 142336K, 0% used [0x00000007ad700000,0x00000007ad700000,0x00000007b6200000)
 ParOldGen       total 347136K, used 177340K [0x00000006c0000000, 0x00000006d5300000, 0x000000076ab00000)
  object space 347136K, 51% used [0x00000006c0000000,0x00000006cad2f0d8,0x00000006d5300000)
 Metaspace       used 49403K, capacity 53309K, committed 53632K, reserved 1095680K
  class space    used 7259K, capacity 8304K, committed 8320K, reserved 1048576K
Event: 12.279 GC heap after
Heap after GC invocations=20 (full 3):
 PSYoungGen      total 1235968K, used 12581K [0x000000076ab00000, 0x00000007bfb80000, 0x00000007c0000000)
  eden space 1093632K, 0% used [0x000000076ab00000,0x000000076ab00000,0x00000007ad700000)
  from space 142336K, 8% used [0x00000007ad700000,0x00000007ae349568,0x00000007b6200000)
  to   space 140800K, 0% used [0x00000007b7200000,0x00000007b7200000,0x00000007bfb80000)
 ParOldGen       total 347136K, used 178842K [0x00000006c0000000, 0x00000006d5300000, 0x000000076ab00000)
  object space 347136K, 51% used [0x00000006c0000000,0x00000006caea6a10,0x00000006d5300000)
 Metaspace       used 49403K, capacity 53309K, committed 53632K, reserved 1095680K
  class space    used 7259K, capacity 8304K, committed 8320K, reserved 1048576K
}
Event: 12.496 GC heap before
{Heap before GC invocations=21 (full 3):
 PSYoungGen      total 1235968K, used 1106213K [0x000000076ab00000, 0x00000007bfb80000, 0x00000007c0000000)
  eden space 1093632K, 100% used [0x000000076ab00000,0x00000007ad700000,0x00000007ad700000)
  from space 142336K, 8% used [0x00000007ad700000,0x00000007ae349568,0x00000007b6200000)
  to   space 140800K, 0% used [0x00000007b7200000,0x00000007b7200000,0x00000007bfb80000)
 ParOldGen       total 347136K, used 178842K [0x00000006c0000000, 0x00000006d5300000, 0x000000076ab00000)
  object space 347136K, 51% used [0x00000006c0000000,0x00000006caea6a10,0x00000006d5300000)
 Metaspace       used 50746K, capacity 54807K, committed 55296K, reserved 1095680K
  class space    used 7505K, capacity 8621K, committed 8704K, reserved 1048576K
Event: 12.503 GC heap after
Heap after GC invocations=21 (full 3):
 PSYoungGen      total 1253888K, used 5279K [0x000000076ab00000, 0x00000007bfb80000, 0x00000007c0000000)
  eden space 1113088K, 0% used [0x000000076ab00000,0x000000076ab00000,0x00000007aea00000)
  from space 140800K, 3% used [0x00000007b7200000,0x00000007b7727d20,0x00000007bfb80000)
  to   space 139264K, 0% used [0x00000007aea00000,0x00000007aea00000,0x00000007b7200000)
 ParOldGen       total 347136K, used 180210K [0x00000006c0000000, 0x00000006d5300000, 0x000000076ab00000)
  object space 347136K, 51% used [0x00000006c0000000,0x00000006caffca20,0x00000006d5300000)
 Metaspace       used 50746K, capacity 54807K, committed 55296K, reserved 1095680K
  class space    used 7505K, capacity 8621K, committed 8704K, reserved 1048576K
}

Deoptimization events (10 events):
Event: 12.597 Thread 0x00007f8211801800 Uncommon trap: reason=unstable_if action=reinterpret pc=0x000000010f03f028 method=it.unimi.dsi.fastutil.ints.Int2ObjectOpenHashMap.get(I)Ljava/lang/Object; @ 59
Event: 12.597 Thread 0x00007f8211801800 Uncommon trap: reason=unstable_if action=reinterpret pc=0x000000010ef8e018 method=java.util.EnumMap.isValidKey(Ljava/lang/Object;)Z @ 16
Event: 12.617 Thread 0x00007f8211801800 Uncommon trap: reason=unstable_if action=reinterpret pc=0x000000010e79c3d0 method=org.objectweb.asm.FieldWriter.<init>(Lorg/objectweb/asm/SymbolTable;ILjava/lang/String;Ljava/lang/String;Ljava/lang/String;Ljava/lang/Object;)V @ 52
Event: 12.646 Thread 0x00007f8211801800 Uncommon trap: reason=unstable_if action=reinterpret pc=0x000000010efbead4 method=com.google.gson.stream.JsonReader.doPeek()I @ 14
Event: 12.646 Thread 0x00007f8211801800 Uncommon trap: reason=unstable_if action=reinterpret pc=0x000000010efafe64 method=com.google.gson.stream.JsonReader.hasNext()Z @ 21
Event: 12.678 Thread 0x00007f8211801800 Uncommon trap: reason=null_check action=make_not_entrant pc=0x000000010f66a948 method=sun.invoke.util.VerifyType.isNullConversion(Ljava/lang/Class;Ljava/lang/Class;Z)Z @ 67
Event: 12.681 Thread 0x00007f8211801800 Uncommon trap: reason=unstable_if action=reinterpret pc=0x000000010e9c434c method=java.util.regex.Pattern$Curly.match(Ljava/util/regex/Matcher;ILjava/lang/CharSequence;)Z @ 45
Event: 12.683 Thread 0x00007f8211801800 Uncommon trap: reason=unstable_if action=reinterpret pc=0x000000010f603588 method=sun.nio.ch.IOUtil.readIntoNativeBuffer(Ljava/io/FileDescriptor;Ljava/nio/ByteBuffer;JLsun/nio/ch/NativeDispatcher;)I @ 121
Event: 12.683 Thread 0x00007f8211801800 Uncommon trap: reason=unstable_if action=reinterpret pc=0x000000010ea07868 method=java.nio.channels.spi.AbstractInterruptibleChannel.end(Z)V @ 31
Event: 12.696 Thread 0x00007f8211801800 Uncommon trap: reason=unstable_if action=reinterpret pc=0x000000010f7741f8 method=sun.nio.ch.IOUtil.readIntoNativeBuffer(Ljava/io/FileDescriptor;Ljava/nio/ByteBuffer;JLsun/nio/ch/NativeDispatcher;)I @ 121

Classes redefined (0 events):
No events

Internal exceptions (10 events):
Event: 12.223 Thread 0x00007f8211801800 Exception <a 'java/lang/NoSuchMethodError': java.lang.Object.func_223255_b_(I)Ljava/lang/String;> (0x00000007a38d35b0) thrown at [/Users/java_re/workspace/8-2-build-macosx-x86_64/jdk8u221/13320/hotspot/src/share/vm/interpreter/linkResolver.cpp, line 620]
Event: 12.224 Thread 0x00007f8211801800 Exception <a 'java/lang/NoSuchMethodError': java.lang.Object.func_223253_a_(I)Ljava/lang/String;> (0x00000007a38d5598) thrown at [/Users/java_re/workspace/8-2-build-macosx-x86_64/jdk8u221/13320/hotspot/src/share/vm/interpreter/linkResolver.cpp, line 620]
Event: 12.322 Thread 0x00007f8211801800 Exception <a 'java/lang/NoSuchMethodError': java.lang.Object.func_214909_a(Lcom/mojang/datafixers/Dynamic;)Lnet/minecraft/world/gen/feature/template/RuleTest;> (0x000000077cdf2b60) thrown at [/Users/java_re/workspace/8-2-build-macosx-x86_64/jdk8u221/13320
Event: 12.328 Thread 0x00007f8211801800 Exception <a 'java/lang/NoSuchMethodError': java.lang.Object.func_214919_b(Lcom/mojang/datafixers/Dynamic;)Lnet/minecraft/world/gen/feature/template/StructureProcessor;> (0x000000077ce90e88) thrown at [/Users/java_re/workspace/8-2-build-macosx-x86_64/jdk8
Event: 12.329 Thread 0x00007f8211801800 Exception <a 'java/lang/NoSuchMethodError': java.lang.Object.func_214918_a(Lcom/mojang/datafixers/Dynamic;)Lnet/minecraft/world/gen/feature/template/StructureProcessor;> (0x000000077ceac150) thrown at [/Users/java_re/workspace/8-2-build-macosx-x86_64/jdk8
Event: 12.333 Thread 0x00007f8211801800 Exception <a 'java/lang/NoSuchMethodError': java.lang.Object.func_214927_a(Lcom/mojang/datafixers/Dynamic;)Lnet/minecraft/world/gen/feature/jigsaw/JigsawPiece;> (0x000000077cf2d2e8) thrown at [/Users/java_re/workspace/8-2-build-macosx-x86_64/jdk8u221/1332
Event: 12.381 Thread 0x00007f8211801800 Exception <a 'java/lang/NoSuchMethodError': java.lang.Object.func_221172_a(Ljava/util/HashMap;)V> (0x000000078af83820) thrown at [/Users/java_re/workspace/8-2-build-macosx-x86_64/jdk8u221/13320/hotspot/src/share/vm/interpreter/linkResolver.cpp, line 620]
Event: 12.469 Thread 0x00007f8211801800 Exception <a 'java/lang/NoSuchMethodError': java.lang.Object.lambda$static$0(Lnet/minecraft/dispenser/IBlockSource;Lnet/minecraft/item/ItemStack;)Lnet/minecraft/item/ItemStack;> (0x00000007a13ebaf8) thrown at [/Users/java_re/workspace/8-2-build-macosx-x86
Event: 12.608 Thread 0x00007f8211801800 Exception <a 'java/lang/NoSuchMethodError': org.lwjgl.glfw.GLFW.glfwRawMouseMotionSupported()Z> (0x0000000780a99b40) thrown at [/Users/java_re/workspace/8-2-build-macosx-x86_64/jdk8u221/13320/hotspot/src/share/vm/interpreter/linkResolver.cpp, line 620]
Event: 12.660 Thread 0x00007f8211801800 Exception <a 'java/lang/NoSuchMethodError': java.lang.Object.lambda$static$0(Ljava/lang/String;)Ljava/lang/Boolean;> (0x00000007911ef9b8) thrown at [/Users/java_re/workspace/8-2-build-macosx-x86_64/jdk8u221/13320/hotspot/src/share/vm/interpreter/linkResol

Events (10 events):
Event: 12.692 loading class org/lwjgl/system/macosx/MacOSXLibraryDL done
Event: 12.693 loading class org/lwjgl/system/macosx/DynamicLinkLoader
Event: 12.693 loading class org/lwjgl/system/macosx/DynamicLinkLoader done
Event: 12.696 Thread 0x00007f8211801800 Uncommon trap: trap_request=0xffffff65 fr.pc=0x000000010f7741f8
Event: 12.696 Thread 0x00007f8211801800 DEOPT PACKING pc=0x000000010f7741f8 sp=0x00007ffeec555af0
Event: 12.696 Thread 0x00007f8211801800 DEOPT UNPACKING pc=0x000000010e55773a sp=0x00007ffeec555a40 mode 2
Event: 12.696 loading class org/lwjgl/glfw/GLFW$Functions
Event: 12.696 loading class org/lwjgl/glfw/GLFW$Functions done
Event: 12.699 loading class org/lwjgl/system/JNI
Event: 12.699 loading class org/lwjgl/system/JNI done


Dynamic libraries:
0x00007fff370c9000 	/System/Library/Frameworks/Cocoa.framework/Versions/A/Cocoa
0x00007fff42e77000 	/System/Library/Frameworks/Security.framework/Versions/A/Security
0x00007fff35d5b000 	/System/Library/Frameworks/ApplicationServices.framework/Versions/A/ApplicationServices
0x00007fff62f8d000 	/usr/lib/libz.1.dylib
0x00007fff608e4000 	/usr/lib/libSystem.B.dylib
0x00007fff6211d000 	/usr/lib/libobjc.A.dylib
0x00007fff3793e000 	/System/Library/Frameworks/CoreFoundation.framework/Versions/A/CoreFoundation
0x00007fff39bc2000 	/System/Library/Frameworks/Foundation.framework/Versions/C/Foundation
0x00007fff34f54000 	/System/Library/Frameworks/AppKit.framework/Versions/C/AppKit
0x00007fff374c7000 	/System/Library/Frameworks/CoreData.framework/Versions/A/CoreData
0x00007fff5a3a9000 	/System/Library/PrivateFrameworks/RemoteViewServices.framework/Versions/A/RemoteViewServices
0x00007fff5e620000 	/System/Library/PrivateFrameworks/UIFoundation.framework/Versions/A/UIFoundation
0x00007fff5fd05000 	/System/Library/PrivateFrameworks/XCTTargetBootstrap.framework/Versions/A/XCTTargetBootstrap
0x00007fff3784d000 	/System/Library/Frameworks/CoreDisplay.framework/Versions/A/CoreDisplay
0x00007fff550be000 	/System/Library/PrivateFrameworks/IconServices.framework/Versions/A/IconServices
0x00007fff3c4e4000 	/System/Library/Frameworks/Metal.framework/Versions/A/Metal
0x00007fff4c602000 	/System/Library/PrivateFrameworks/DesktopServicesPriv.framework/Versions/A/DesktopServicesPriv
0x00007fff61480000 	/usr/lib/libenergytrace.dylib
0x00007fff5cb07000 	/System/Library/PrivateFrameworks/SkyLight.framework/Versions/A/SkyLight
0x00007fff37d85000 	/System/Library/Frameworks/CoreGraphics.framework/Versions/A/CoreGraphics
0x00007fff33d20000 	/System/Library/Frameworks/Accelerate.framework/Versions/A/Accelerate
0x00007fff3a30b000 	/System/Library/Frameworks/IOSurface.framework/Versions/A/IOSurface
0x00007fff4c46e000 	/System/Library/PrivateFrameworks/DFRFoundation.framework/Versions/A/DFRFoundation
0x00007fff3623e000 	/System/Library/Frameworks/AudioToolbox.framework/Versions/A/AudioToolbox
0x00007fff364b7000 	/System/Library/Frameworks/AudioUnit.framework/Versions/A/AudioUnit
0x00007fff4c503000 	/System/Library/PrivateFrameworks/DataDetectorsCore.framework/Versions/A/DataDetectorsCore
0x00007fff36bcc000 	/System/Library/Frameworks/Carbon.framework/Versions/A/Frameworks/HIToolbox.framework/Versions/A/HIToolbox
0x00007fff615d9000 	/usr/lib/libicucore.A.dylib
0x00007fff423ea000 	/System/Library/Frameworks/QuartzCore.framework/Versions/A/QuartzCore
0x00007fff36fa1000 	/System/Library/Frameworks/Carbon.framework/Versions/A/Frameworks/SpeechRecognition.framework/Versions/A/SpeechRecognition
0x00007fff60a38000 	/usr/lib/libauto.dylib
0x00007fff62e80000 	/usr/lib/libxml2.2.dylib
0x00007fff4c049000 	/System/Library/PrivateFrameworks/CoreUI.framework/Versions/A/CoreUI
0x00007fff373b2000 	/System/Library/Frameworks/CoreAudio.framework/Versions/A/CoreAudio
0x00007fff399f7000 	/System/Library/Frameworks/DiskArbitration.framework/Versions/A/DiskArbitration
0x00007fff61887000 	/usr/lib/liblangid.dylib
0x00007fff564ee000 	/System/Library/PrivateFrameworks/MultitouchSupport.framework/Versions/A/MultitouchSupport
0x00007fff3a27a000 	/System/Library/Frameworks/IOKit.framework/Versions/A/IOKit
0x00007fff604a4000 	/usr/lib/libDiagnosticMessagesClient.dylib
0x00007fff38b95000 	/System/Library/Frameworks/CoreServices.framework/Versions/A/CoreServices
0x00007fff581a8000 	/System/Library/PrivateFrameworks/PerformanceAnalysis.framework/Versions/A/PerformanceAnalysis
0x00007fff415d1000 	/System/Library/Frameworks/OpenGL.framework/Versions/A/OpenGL
0x00007fff370d7000 	/System/Library/Frameworks/ColorSync.framework/Versions/A/ColorSync
0x00007fff38417000 	/System/Library/Frameworks/CoreImage.framework/Versions/A/CoreImage
0x00007fff3956d000 	/System/Library/Frameworks/CoreText.framework/Versions/A/CoreText
0x00007fff3a36e000 	/System/Library/Frameworks/ImageIO.framework/Versions/A/ImageIO
0x00007fff4869b000 	/System/Library/PrivateFrameworks/Backup.framework/Versions/A/Backup
0x00007fff6098b000 	/usr/lib/libarchive.2.dylib
0x00007fff36810000 	/System/Library/Frameworks/CFNetwork.framework/Versions/A/CFNetwork
0x00007fff435d3000 	/System/Library/Frameworks/SystemConfiguration.framework/Versions/A/SystemConfiguration
0x00007fff603d5000 	/usr/lib/libCRFSuite.dylib
0x00007fff60b29000 	/usr/lib/libc++.1.dylib
0x00007fff60b7d000 	/usr/lib/libc++abi.dylib
0x00007fff63783000 	/usr/lib/system/libcache.dylib
0x00007fff63788000 	/usr/lib/system/libcommonCrypto.dylib
0x00007fff63793000 	/usr/lib/system/libcompiler_rt.dylib
0x00007fff6379b000 	/usr/lib/system/libcopyfile.dylib
0x00007fff637a5000 	/usr/lib/system/libcorecrypto.dylib
0x00007fff638b0000 	/usr/lib/system/libdispatch.dylib
0x00007fff638ea000 	/usr/lib/system/libdyld.dylib
0x00007fff63917000 	/usr/lib/system/libkeymgr.dylib
0x00007fff63925000 	/usr/lib/system/liblaunch.dylib
0x00007fff63926000 	/usr/lib/system/libmacho.dylib
0x00007fff6392c000 	/usr/lib/system/libquarantine.dylib
0x00007fff6392f000 	/usr/lib/system/libremovefile.dylib
0x00007fff63931000 	/usr/lib/system/libsystem_asl.dylib
0x00007fff63949000 	/usr/lib/system/libsystem_blocks.dylib
0x00007fff6394a000 	/usr/lib/system/libsystem_c.dylib
0x00007fff639d2000 	/usr/lib/system/libsystem_configuration.dylib
0x00007fff639d6000 	/usr/lib/system/libsystem_coreservices.dylib
0x00007fff639da000 	/usr/lib/system/libsystem_darwin.dylib
0x00007fff639e1000 	/usr/lib/system/libsystem_dnssd.dylib
0x00007fff639e8000 	/usr/lib/system/libsystem_info.dylib
0x00007fff63a5d000 	/usr/lib/system/libsystem_m.dylib
0x00007fff63aa9000 	/usr/lib/system/libsystem_malloc.dylib
0x00007fff63ad4000 	/usr/lib/system/libsystem_networkextension.dylib
0x00007fff63adf000 	/usr/lib/system/libsystem_notify.dylib
0x00007fff63afc000 	/usr/lib/system/libsystem_sandbox.dylib
0x00007fff63b00000 	/usr/lib/system/libsystem_secinit.dylib
0x00007fff63a34000 	/usr/lib/system/libsystem_kernel.dylib
0x00007fff63ae7000 	/usr/lib/system/libsystem_platform.dylib
0x00007fff63af1000 	/usr/lib/system/libsystem_pthread.dylib
0x00007fff63b03000 	/usr/lib/system/libsystem_symptoms.dylib
0x00007fff63b0b000 	/usr/lib/system/libsystem_trace.dylib
0x00007fff63b22000 	/usr/lib/system/libunwind.dylib
0x00007fff63b28000 	/usr/lib/system/libxpc.dylib
0x00007fff60b0a000 	/usr/lib/libbsm.0.dylib
0x00007fff63918000 	/usr/lib/system/libkxld.dylib
0x00007fff47a8c000 	/System/Library/PrivateFrameworks/AppleFSCompression.framework/Versions/A/AppleFSCompression
0x00007fff607a4000 	/usr/lib/libOpenScriptingUtil.dylib
0x00007fff60e32000 	/usr/lib/libcoretls.dylib
0x00007fff60e49000 	/usr/lib/libcoretls_cfhelpers.dylib
0x00007fff628b4000 	/usr/lib/libpam.2.dylib
0x00007fff62a74000 	/usr/lib/libsqlite3.dylib
0x00007fff62e6e000 	/usr/lib/libxar.1.dylib
0x00007fff60b1b000 	/usr/lib/libbz2.1.0.dylib
0x00007fff61889000 	/usr/lib/liblzma.5.dylib
0x00007fff61d3a000 	/usr/lib/libnetwork.dylib
0x00007fff60974000 	/usr/lib/libapple_nghttp2.dylib
0x00007fff628bb000 	/usr/lib/libpcap.A.dylib
0x00007fff38f34000 	/System/Library/Frameworks/CoreServices.framework/Versions/A/Frameworks/FSEvents.framework/Versions/A/FSEvents
0x00007fff38c13000 	/System/Library/Frameworks/CoreServices.framework/Versions/A/Frameworks/CarbonCore.framework/Versions/A/CarbonCore
0x00007fff390ef000 	/System/Library/Frameworks/CoreServices.framework/Versions/A/Frameworks/Metadata.framework/Versions/A/Metadata
0x00007fff3918e000 	/System/Library/Frameworks/CoreServices.framework/Versions/A/Frameworks/OSServices.framework/Versions/A/OSServices
0x00007fff391d9000 	/System/Library/Frameworks/CoreServices.framework/Versions/A/Frameworks/SearchKit.framework/Versions/A/SearchKit
0x00007fff38b96000 	/System/Library/Frameworks/CoreServices.framework/Versions/A/Frameworks/AE.framework/Versions/A/AE
0x00007fff38f3d000 	/System/Library/Frameworks/CoreServices.framework/Versions/A/Frameworks/LaunchServices.framework/Versions/A/LaunchServices
0x00007fff38eeb000 	/System/Library/Frameworks/CoreServices.framework/Versions/A/Frameworks/DictionaryServices.framework/Versions/A/DictionaryServices
0x00007fff39241000 	/System/Library/Frameworks/CoreServices.framework/Versions/A/Frameworks/SharedFileList.framework/Versions/A/SharedFileList
0x00007fff3d5ac000 	/System/Library/Frameworks/NetFS.framework/Versions/A/NetFS
0x00007fff56754000 	/System/Library/PrivateFrameworks/NetAuth.framework/Versions/A/NetAuth
0x00007fff60109000 	/System/Library/PrivateFrameworks/login.framework/Versions/A/Frameworks/loginsupport.framework/Versions/A/loginsupport
0x00007fff5e229000 	/System/Library/PrivateFrameworks/TCC.framework/Versions/A/TCC
0x00007fff4b6a6000 	/System/Library/PrivateFrameworks/CoreNLP.framework/Versions/A/CoreNLP
0x00007fff561c4000 	/System/Library/PrivateFrameworks/MetadataUtilities.framework/Versions/A/MetadataUtilities
0x00007fff6195e000 	/usr/lib/libmecabra.dylib
0x00007fff35d5c000 	/System/Library/Frameworks/ApplicationServices.framework/Versions/A/Frameworks/ATS.framework/Versions/A/ATS
0x00007fff360ab000 	/System/Library/Frameworks/ApplicationServices.framework/Versions/A/Frameworks/ColorSyncLegacy.framework/Versions/A/ColorSyncLegacy
0x00007fff3614a000 	/System/Library/Frameworks/ApplicationServices.framework/Versions/A/Frameworks/HIServices.framework/Versions/A/HIServices
0x00007fff3619d000 	/System/Library/Frameworks/ApplicationServices.framework/Versions/A/Frameworks/LangAnalysis.framework/Versions/A/LangAnalysis
0x00007fff361ad000 	/System/Library/Frameworks/ApplicationServices.framework/Versions/A/Frameworks/PrintCore.framework/Versions/A/PrintCore
0x00007fff361f7000 	/System/Library/Frameworks/ApplicationServices.framework/Versions/A/Frameworks/QD.framework/Versions/A/QD
0x00007fff36231000 	/System/Library/Frameworks/ApplicationServices.framework/Versions/A/Frameworks/SpeechSynthesis.framework/Versions/A/SpeechSynthesis
0x00007fff60ba5000 	/usr/lib/libcompression.dylib
0x00007fff3c7b4000 	/System/Library/Frameworks/MetalPerformanceShaders.framework/Versions/A/MetalPerformanceShaders
0x00007fff33d38000 	/System/Library/Frameworks/Accelerate.framework/Versions/A/Frameworks/vImage.framework/Versions/A/vImage
0x00007fff34db2000 	/System/Library/Frameworks/Accelerate.framework/Versions/A/Frameworks/vecLib.framework/Versions/A/vecLib
0x00007fff34cfe000 	/System/Library/Frameworks/Accelerate.framework/Versions/A/Frameworks/vecLib.framework/Versions/A/libvMisc.dylib
0x00007fff34b16000 	/System/Library/Frameworks/Accelerate.framework/Versions/A/Frameworks/vecLib.framework/Versions/A/libvDSP.dylib
0x00007fff343d2000 	/System/Library/Frameworks/Accelerate.framework/Versions/A/Frameworks/vecLib.framework/Versions/A/libBLAS.dylib
0x00007fff346bf000 	/System/Library/Frameworks/Accelerate.framework/Versions/A/Frameworks/vecLib.framework/Versions/A/libLAPACK.dylib
0x00007fff34a69000 	/System/Library/Frameworks/Accelerate.framework/Versions/A/Frameworks/vecLib.framework/Versions/A/libLinearAlgebra.dylib
0x00007fff34b02000 	/System/Library/Frameworks/Accelerate.framework/Versions/A/Frameworks/vecLib.framework/Versions/A/libSparseBLAS.dylib
0x00007fff34a7f000 	/System/Library/Frameworks/Accelerate.framework/Versions/A/Frameworks/vecLib.framework/Versions/A/libQuadrature.dylib
0x00007fff3464c000 	/System/Library/Frameworks/Accelerate.framework/Versions/A/Frameworks/vecLib.framework/Versions/A/libBNNS.dylib
0x00007fff34a85000 	/System/Library/Frameworks/Accelerate.framework/Versions/A/Frameworks/vecLib.framework/Versions/A/libSparse.dylib
0x00007fff529f4000 	/System/Library/PrivateFrameworks/GPUWrangler.framework/Versions/A/GPUWrangler
0x00007fff54cf3000 	/System/Library/PrivateFrameworks/IOAccelerator.framework/Versions/A/IOAccelerator
0x00007fff54cfe000 	/System/Library/PrivateFrameworks/IOPresentment.framework/Versions/A/IOPresentment
0x00007fff4c47e000 	/System/Library/PrivateFrameworks/DSExternalDisplay.framework/Versions/A/DSExternalDisplay
0x00007fff40a28000 	/System/Library/Frameworks/OpenGL.framework/Versions/A/Libraries/libCoreFSCache.dylib
0x00007fff3c5a8000 	/System/Library/Frameworks/MetalPerformanceShaders.framework/Frameworks/MPSCore.framework/Versions/A/MPSCore
0x00007fff3c5c8000 	/System/Library/Frameworks/MetalPerformanceShaders.framework/Frameworks/MPSImage.framework/Versions/A/MPSImage
0x00007fff3c66d000 	/System/Library/Frameworks/MetalPerformanceShaders.framework/Frameworks/MPSNeuralNetwork.framework/Versions/A/MPSNeuralNetwork
0x00007fff3c645000 	/System/Library/Frameworks/MetalPerformanceShaders.framework/Frameworks/MPSMatrix.framework/Versions/A/MPSMatrix
0x00007fff3c799000 	/System/Library/Frameworks/MetalPerformanceShaders.framework/Frameworks/MPSRayIntersector.framework/Versions/A/MPSRayIntersector
0x00007fff561ed000 	/System/Library/PrivateFrameworks/MetalTools.framework/Versions/A/MetalTools
0x00007fff47336000 	/System/Library/PrivateFrameworks/AggregateDictionary.framework/Versions/A/AggregateDictionary
0x00007fff60784000 	/usr/lib/libMobileGestalt.dylib
0x00007fff396d0000 	/System/Library/Frameworks/CoreVideo.framework/Versions/A/CoreVideo
0x00007fff53805000 	/System/Library/PrivateFrameworks/GraphVisualizer.framework/Versions/A/GraphVisualizer
0x00007fff4d684000 	/System/Library/PrivateFrameworks/FaceCore.framework/Versions/A/FaceCore
0x00007fff40056000 	/System/Library/Frameworks/OpenCL.framework/Versions/A/OpenCL
0x00007fff604dc000 	/usr/lib/libFosl_dynamic.dylib
0x00007fff56fbf000 	/System/Library/PrivateFrameworks/OTSVG.framework/Versions/A/OTSVG
0x00007fff35e60000 	/System/Library/Frameworks/ApplicationServices.framework/Versions/A/Frameworks/ATS.framework/Versions/A/Resources/libFontParser.dylib
0x00007fff35f78000 	/System/Library/Frameworks/ApplicationServices.framework/Versions/A/Frameworks/ATS.framework/Versions/A/Resources/libFontRegistry.dylib
0x00007fff3a5dd000 	/System/Library/Frameworks/ImageIO.framework/Versions/A/Resources/libJPEG.dylib
0x00007fff3a8ef000 	/System/Library/Frameworks/ImageIO.framework/Versions/A/Resources/libTIFF.dylib
0x00007fff3a8c5000 	/System/Library/Frameworks/ImageIO.framework/Versions/A/Resources/libPng.dylib
0x00007fff3a4fb000 	/System/Library/Frameworks/ImageIO.framework/Versions/A/Resources/libGIF.dylib
0x00007fff3a500000 	/System/Library/Frameworks/ImageIO.framework/Versions/A/Resources/libJP2.dylib
0x00007fff3a8ec000 	/System/Library/Frameworks/ImageIO.framework/Versions/A/Resources/libRadiance.dylib
0x00007fff47be3000 	/System/Library/PrivateFrameworks/AppleJPEG.framework/Versions/A/AppleJPEG
0x00007fff40a33000 	/System/Library/Frameworks/OpenGL.framework/Versions/A/Libraries/libGFXShared.dylib
0x00007fff40bf6000 	/System/Library/Frameworks/OpenGL.framework/Versions/A/Libraries/libGLU.dylib
0x00007fff40a3c000 	/System/Library/Frameworks/OpenGL.framework/Versions/A/Libraries/libGL.dylib
0x00007fff40a48000 	/System/Library/Frameworks/OpenGL.framework/Versions/A/Libraries/libGLImage.dylib
0x00007fff40a25000 	/System/Library/Frameworks/OpenGL.framework/Versions/A/Libraries/libCVMSPluginSupport.dylib
0x00007fff40a2e000 	/System/Library/Frameworks/OpenGL.framework/Versions/A/Libraries/libCoreVMClient.dylib
0x00007fff612f6000 	/usr/lib/libcups.2.dylib
0x00007fff3baaf000 	/System/Library/Frameworks/Kerberos.framework/Versions/A/Kerberos
0x00007fff39fde000 	/System/Library/Frameworks/GSS.framework/Versions/A/GSS
0x00007fff62a09000 	/usr/lib/libresolv.9.dylib
0x00007fff614e8000 	/usr/lib/libiconv.2.dylib
0x00007fff5397a000 	/System/Library/PrivateFrameworks/Heimdal.framework/Versions/A/Heimdal
0x00007fff614b8000 	/usr/lib/libheimdal-asn1.dylib
0x00007fff400ca000 	/System/Library/Frameworks/OpenDirectory.framework/Versions/A/OpenDirectory
0x00007fff4a409000 	/System/Library/PrivateFrameworks/CommonAuth.framework/Versions/A/CommonAuth
0x00007fff400ae000 	/System/Library/Frameworks/OpenDirectory.framework/Versions/A/Frameworks/CFOpenDirectory.framework/Versions/A/CFOpenDirectory
0x00007fff43178000 	/System/Library/Frameworks/SecurityFoundation.framework/Versions/A/SecurityFoundation
0x00007fff4687c000 	/System/Library/PrivateFrameworks/APFS.framework/Versions/A/APFS
0x00007fff62e6a000 	/usr/lib/libutil.dylib
0x00007fff60b93000 	/usr/lib/libcharset.1.dylib
0x00007fff47e80000 	/System/Library/PrivateFrameworks/AppleSauce.framework/Versions/A/AppleSauce
0x00007fff48001000 	/System/Library/PrivateFrameworks/AssertionServices.framework/Versions/A/AssertionServices
0x00007fff48731000 	/System/Library/PrivateFrameworks/BaseBoard.framework/Versions/A/BaseBoard
0x00007fff618b9000 	/usr/lib/libmecab.1.0.0.dylib
0x00007fff614b2000 	/usr/lib/libgermantok.dylib
0x00007fff60961000 	/usr/lib/libThaiTokenizer.dylib
0x00007fff6040c000 	/usr/lib/libChineseTokenizer.dylib
0x00007fff553ab000 	/System/Library/PrivateFrameworks/LanguageModeling.framework/Versions/A/LanguageModeling
0x00007fff4b0eb000 	/System/Library/PrivateFrameworks/CoreEmoji.framework/Versions/A/CoreEmoji
0x00007fff55487000 	/System/Library/PrivateFrameworks/Lexicon.framework/Versions/A/Lexicon
0x00007fff554ca000 	/System/Library/PrivateFrameworks/LinguisticData.framework/Versions/A/LinguisticData
0x00007fff60b94000 	/usr/lib/libcmph.dylib
0x00007fff43236000 	/System/Library/Frameworks/ServiceManagement.framework/Versions/A/ServiceManagement
0x00007fff48692000 	/System/Library/PrivateFrameworks/BackgroundTaskManagement.framework/Versions/A/BackgroundTaskManagement
0x00007fff62f64000 	/usr/lib/libxslt.1.dylib
0x00007fff36ece000 	/System/Library/Frameworks/Carbon.framework/Versions/A/Frameworks/Ink.framework/Versions/A/Ink
0x00007fff5e49b000 	/System/Library/PrivateFrameworks/TextureIO.framework/Versions/A/TextureIO
0x00007fff609b5000 	/usr/lib/libate.dylib
0x00007fff4c3cd000 	/System/Library/PrivateFrameworks/CrashReporterSupport.framework/Versions/A/CrashReporterSupport
0x00007fff5bbd5000 	/System/Library/PrivateFrameworks/Sharing.framework/Versions/A/Sharing
0x00007fff483e4000 	/System/Library/PrivateFrameworks/AuthKit.framework/Versions/A/AuthKit
0x00007fff47938000 	/System/Library/PrivateFrameworks/Apple80211.framework/Versions/A/Apple80211
0x00007fff4c175000 	/System/Library/PrivateFrameworks/CoreUtils.framework/Versions/A/CoreUtils
0x00007fff39711000 	/System/Library/Frameworks/CoreWLAN.framework/Versions/A/CoreWLAN
0x00007fff3a10d000 	/System/Library/Frameworks/IOBluetooth.framework/Versions/A/IOBluetooth
0x00007fff5a049000 	/System/Library/PrivateFrameworks/ProtocolBuffer.framework/Versions/A/ProtocolBuffer
0x00007fff5644a000 	/System/Library/PrivateFrameworks/MobileKeyBag.framework/Versions/A/MobileKeyBag
0x00007fff4b9b9000 	/System/Library/PrivateFrameworks/CorePhoneNumbers.framework/Versions/A/CorePhoneNumbers
0x00007fff47b97000 	/System/Library/PrivateFrameworks/AppleIDAuthSupport.framework/Versions/A/AppleIDAuthSupport
0x00007fff5537e000 	/System/Library/PrivateFrameworks/KeychainCircle.framework/Versions/A/KeychainCircle
0x00007fff5a1ff000 	/System/Library/PrivateFrameworks/ROCKit.framework/Versions/A/ROCKit
0x00007fff4c369000 	/System/Library/PrivateFrameworks/CoreWiFi.framework/Versions/A/CoreWiFi
0x00007fff3749c000 	/System/Library/Frameworks/CoreBluetooth.framework/Versions/A/CoreBluetooth
0x00007fff4c5c4000 	/System/Library/PrivateFrameworks/DebugSymbols.framework/Versions/A/DebugSymbols
0x00007fff4bf35000 	/System/Library/PrivateFrameworks/CoreSymbolication.framework/Versions/A/CoreSymbolication
0x00007fff5dcb6000 	/System/Library/PrivateFrameworks/Symbolication.framework/Versions/A/Symbolication
0x00007fff5d559000 	/System/Library/PrivateFrameworks/SpeechRecognitionCore.framework/Versions/A/SpeechRecognitionCore
0x00007fff2c01f000 	/System/Library/CoreServices/Encodings/libJapaneseConverter.dylib
0x0000000105000000 	/Library/Java/JavaVirtualMachines/jdk1.8.0_221.jdk/Contents/Home/jre/lib/server/libjvm.dylib
0x00007fff62d45000 	/usr/lib/libstdc++.6.dylib
0x00000001036e4000 	/Library/Java/JavaVirtualMachines/jdk1.8.0_221.jdk/Contents/Home/jre/lib/libverify.dylib
0x00000001036f2000 	/Library/Java/JavaVirtualMachines/jdk1.8.0_221.jdk/Contents/Home/jre/lib/libjava.dylib
0x0000000103772000 	/Library/Java/JavaVirtualMachines/jdk1.8.0_221.jdk/Contents/Home/jre/lib/libzip.dylib
0x000000010ab01000 	/Library/Java/JavaVirtualMachines/jdk1.8.0_221.jdk/Contents/Home/jre/lib/libmanagement.dylib
0x000000010ab48000 	/Library/Java/JavaVirtualMachines/jdk1.8.0_221.jdk/Contents/Home/jre/lib/libnet.dylib
0x000000010a6ab000 	/Library/Java/JavaVirtualMachines/jdk1.8.0_221.jdk/Contents/Home/jre/lib/libnio.dylib
0x000000010ad7c000 	/Library/Java/JavaVirtualMachines/jdk1.8.0_221.jdk/Contents/Home/jre/lib/libsunec.dylib
0x0000000125cd5000 	/Users/resetpower/Library/Application Support/minecraft/versions/1.15.2-forge-31.1.0/1.15.2-forge-31.1.0-natives/liblwjgl.dylib
0x0000000125575000 	/Users/resetpower/Library/Application Support/minecraft/versions/1.15.2-forge-31.1.0/1.15.2-forge-31.1.0-natives/libglfw.dylib

VM Arguments:
jvm_args: -Djava.library.path=/Users/resetpower/Library/Application Support/minecraft/versions/1.15.2-forge-31.1.0/1.15.2-forge-31.1.0-natives 
java_command: cpw.mods.modlauncher.Launcher --username Zhangsan --version 1.15.2-forge-31.1.0 --gameDir /Users/resetpower/Library/Application Support/minecraft --assetsDir /Users/resetpower/Library/Application Support/minecraft/assets --assetIndex 1.15 --uuid -1367960428 --accessToken -13679604281 --userType mojang --versionType release --launchTarget fmlclient --fml.forgeVersion 31.1.0 --fml.mcVersion 1.15.2 --fml.forgeGroup net.minecraftforge --fml.mcpVersion 20200122.131323
java_class_path (initial): /Users/resetpower/Library/Application Support/minecraft/libraries/net/minecraftforge/forge/1.15.2-31.1.0/forge-1.15.2-31.1.0.jar:/Users/resetpower/Library/Application Support/minecraft/libraries/org/ow2/asm/asm/7.2/asm-7.2.jar:/Users/resetpower/Library/Application Support/minecraft/libraries/org/ow2/asm/asm-commons/7.2/asm-commons-7.2.jar:/Users/resetpower/Library/Application Support/minecraft/libraries/org/ow2/asm/asm-tree/7.2/asm-tree-7.2.jar:/Users/resetpower/Library/Application Support/minecraft/libraries/cpw/mods/modlauncher/5.0.0-milestone.4/modlauncher-5.0.0-milestone.4.jar:/Users/resetpower/Library/Application Support/minecraft/libraries/cpw/mods/grossjava9hacks/1.1.0/grossjava9hacks-1.1.0.jar:/Users/resetpower/Library/Application Support/minecraft/libraries/net/minecraftforge/accesstransformers/2.0.0-milestone.1-shadowed/accesstransformers-2.0.0-milestone.1-shadowed.jar:/Users/resetpower/Library/Application Support/minecraft/libraries/net/minecraftforge/eventbus/2.0.0-milestone.1-service/eventbus-2.0.0-milestone.1-service.jar:/Users/resetpower/Library/Application Support/minecraft/libraries/net/minecraftforge/forgespi/2.0.0-milestone.1/forgespi-2.0.0-milestone.1.jar:/Users/resetpower/Library/Application Support/minecraft/libraries/net/minecraftforge/coremods/2.0.0-milestone.1/coremods-2.0.0-milestone.1.jar:/Users/resetpower/Library/Application Support/minecraft/libraries/net/minecraftforge/unsafe/0.2.0/unsafe-0.2.0.jar:/Users/resetpower/Library/Application Support/minecraft/libraries/com/electronwill/night-config/core/3.6.2/core-3.6.2.jar:/Users/resetpower/Library/Application Support/minecraft/libraries/com/electronwill/night-config/toml/3.6.2/toml-3.6.2.jar:/Users/resetpower/Library/Application Support/minecraft/libraries/org/jline/jline/3.12.1/jline-3.12.1.jar:/Users/resetpower/Library/Application Support/minecraft/libraries/org/apache/maven/maven-artifact/3.6.0/maven-artifact-3.6.0.jar:/Users/resetpower/Library/Application Su
Launcher Type: SUN_STANDARD

Environment Variables:
JAVA_HOME=/Library/Java/JavaVirtualMachines/jdk1.8.0_221.jdk/Contents/Home
PATH=/Library/Frameworks/Python.framework/Versions/3.7/bin:/usr/local/bin:/usr/bin:/bin:/usr/sbin:/sbin:/Applications/VMware Fusion.app/Contents/Public:/usr/local/share/dotnet:~/.dotnet/tools:/Library/Frameworks/Mono.framework/Versions/Current/Commands:/Users/resetpower/Documents/flutter/bin:/Users/resetpower/.pub-cache/bin:/Users/resetpower/Library/Android/sdk/tools:/Users/resetpower/Library/Android/sdk/platform-tools
SHELL=/bin/zsh

Signal Handlers:
SIGSEGV: [libjvm.dylib+0x5b71a7], sa_mask[0]=11111111011111110111111111111111, sa_flags=SA_ONSTACK|SA_RESTART|SA_SIGINFO
SIGBUS: [libjvm.dylib+0x5b71a7], sa_mask[0]=11111111011111110111111111111111, sa_flags=SA_RESTART|SA_SIGINFO
SIGFPE: [libjvm.dylib+0x48c8fc], sa_mask[0]=11111111011111110111111111111111, sa_flags=SA_RESTART|SA_SIGINFO
SIGPIPE: [libjvm.dylib+0x48c8fc], sa_mask[0]=11111111011111110111111111111111, sa_flags=SA_RESTART|SA_SIGINFO
SIGXFSZ: [libjvm.dylib+0x48c8fc], sa_mask[0]=11111111011111110111111111111111, sa_flags=SA_RESTART|SA_SIGINFO
SIGILL: [libjvm.dylib+0x48c8fc], sa_mask[0]=11111111011111110111111111111111, sa_flags=SA_RESTART|SA_SIGINFO
SIGUSR1: SIG_DFL, sa_mask[0]=00000000000000000000000000000000, sa_flags=none
SIGUSR2: [libjvm.dylib+0x48c41a], sa_mask[0]=00100000000000000000000000000000, sa_flags=SA_RESTART|SA_SIGINFO
SIGHUP: [libjvm.dylib+0x48a9a5], sa_mask[0]=11111111011111110111111111111111, sa_flags=SA_RESTART|SA_SIGINFO
SIGINT: [libjvm.dylib+0x48a9a5], sa_mask[0]=11111111011111110111111111111111, sa_flags=SA_RESTART|SA_SIGINFO
SIGTERM: [libjvm.dylib+0x48a9a5], sa_mask[0]=11111111011111110111111111111111, sa_flags=SA_RESTART|SA_SIGINFO
SIGQUIT: [libjvm.dylib+0x48a9a5], sa_mask[0]=11111111011111110111111111111111, sa_flags=SA_RESTART|SA_SIGINFO


---------------  S Y S T E M  ---------------

OS:Bsduname:Darwin 18.7.0 Darwin Kernel Version 18.7.0: Thu Jan 23 06:52:12 PST 2020; root:xnu-4903.278.25~1/RELEASE_X86_64 x86_64
rlimit: STACK 8192k, CORE 0k, NPROC 1418, NOFILE 10240, AS infinity
load average:3.38 2.55 1.88

CPU:total 12 (initial active 12) (6 cores per cpu, 2 threads per core) family 6 model 158 stepping 10, cmov, cx8, fxsr, mmx, sse, sse2, sse3, ssse3, sse4.1, sse4.2, popcnt, avx, avx2, aes, clmul, erms, 3dnowpref, lzcnt, ht, tsc, tscinvbit, bmi1, bmi2, adx

Memory: 4k page, physical 16777216k(997288k free)

/proc/meminfo:


vm_info: Java HotSpot(TM) 64-Bit Server VM (25.221-b11) for bsd-amd64 JRE (1.8.0_221-b11), built on Jul  4 2019 04:36:22 by "java_re" with gcc 4.2.1 (Based on Apple Inc. build 5658) (LLVM build 2336.11.00)

time: Sun Apr 19 17:58:56 2020
timezone: CST
elapsed time: 12 seconds (0d 0h 0m 12s)

