2020-07-26 at 12:07:57 CST INFO  org.imcl.MyApplication 29 start - Checking file
2020-07-26 at 12:07:57 CST INFO  org.imcl.files.FileChecker 9 check - Checking ideamc.json
2020-07-26 at 12:07:57 CST INFO  org.imcl.files.FileChecker 12 check - ideamc.json not exists, creating file
2020-07-26 at 12:07:57 CST INFO  org.imcl.files.FileChecker 32 check - Checking plugins folder
2020-07-26 at 12:07:57 CST INFO  org.imcl.files.FileChecker 38 check - plugins folder exists
2020-07-26 at 12:07:57 CST INFO  org.imcl.MyApplication 31 start - Initializing Window
2020-07-26 at 12:08:45 CST INFO  org.imcl.MyApplication 29 start - Checking file
2020-07-26 at 12:08:45 CST INFO  org.imcl.files.FileChecker 9 check - Checking ideamc.json
2020-07-26 at 12:08:45 CST INFO  org.imcl.files.FileChecker 30 check - ideamc.json exists
2020-07-26 at 12:08:45 CST INFO  org.imcl.files.FileChecker 32 check - Checking plugins folder
2020-07-26 at 12:08:45 CST INFO  org.imcl.files.FileChecker 38 check - plugins folder exists
2020-07-26 at 12:08:45 CST INFO  org.imcl.MyApplication 31 start - Initializing Window
2020-07-26 at 12:08:45 CST INFO  org.imcl.plugin.PluginLoader 21 preLoad - Loading plugins in /Users/resetpower/ideamcProjects/ideamc/plugins ...
2020-07-26 at 12:08:45 CST INFO  org.imcl.plugin.PluginLoader 24 preLoad - Loading plugin file: ideamc-basis.jar
2020-07-26 at 12:08:45 CST INFO  org.imcl.plugin.PluginLoader 34 load - Looking for plugin.yml
2020-07-26 at 12:08:45 CST INFO  org.imcl.plugin.PluginLoader 41 load - Successfully found plugin.yml, parsing...
2020-07-26 at 12:08:45 CST INFO  org.imcl.plugin.PluginLoader 45 load - Plugin Name: ideamc-basis
2020-07-26 at 12:08:45 CST INFO  org.imcl.plugin.PluginLoader 47 load - ideamc-basis's version: a0.2.0
2020-07-26 at 12:08:45 CST INFO  org.imcl.plugin.PluginLoader 49 load - ideamc-basis's description: ideamc-basis是IMCL的基础插件之一 支持插件管理与插件信息查看功能 该插件的版本号随IMCL版本号的变化而变化。
2020-07-26 at 12:08:45 CST INFO  org.imcl.plugin.PluginLoader 51 load - ideamc-basis's main: org.imcl.basis.MyPlugin
2020-07-26 at 12:08:45 CST INFO  org.imcl.platform.Plugin 9 onLoad - Loading Plugin ideamc-basis
2020-07-26 at 12:08:45 CST INFO  org.imcl.plugin.PluginLoader 28 preLoad - All plugins loaded
2020-07-26 at 12:08:45 CST INFO  org.imcl.MyApplication 73 start - Not logged in, go to login page
2020-07-26 at 12:08:45 CST INFO  org.imcl.main.MainScene 36 get - Initializing MainScene (login page)
2020-07-26 at 12:08:45 CST INFO  org.imcl.main.MainScene 39 get - Getting language: english
2020-07-26 at 12:08:45 CST INFO  org.imcl.MyApplication 76 start - Load done. Ending splash screen
2020-07-26 at 12:08:46 CST INFO  org.imcl.MyApplication 81 start - Splash screen ended. primaryStage showed
2020-07-26 at 12:08:46 CST INFO  org.imcl.updating.UpdateChecker 20 check - Checking new version... IMCL version checking server ip: 120.79.219.113 port:90
2020-07-26 at 12:08:46 CST INFO  org.imcl.updating.UpdateChecker 26 check - Checked new version.
2020-07-26 at 12:08:46 CST INFO  org.imcl.updating.UpdateChecker 28 check - TEXT: a0.3.0
2020-07-26 at 12:08:46 CST INFO  org.imcl.updating.UpdateChecker 28 check - TEXT: 5
2020-07-26 at 12:08:46 CST INFO  org.imcl.updating.UpdateChecker 28 check - TEXT: New version
2020-07-26 at 12:18:43 CST INFO  org.imcl.MyApplication 29 start - Checking file
2020-07-26 at 12:18:43 CST INFO  org.imcl.files.FileChecker 9 check - Checking ideamc.json
2020-07-26 at 12:18:43 CST INFO  org.imcl.files.FileChecker 30 check - ideamc.json exists
2020-07-26 at 12:18:43 CST INFO  org.imcl.files.FileChecker 32 check - Checking plugins folder
2020-07-26 at 12:18:43 CST INFO  org.imcl.files.FileChecker 38 check - plugins folder exists
2020-07-26 at 12:18:43 CST INFO  org.imcl.MyApplication 31 start - Initializing Window
2020-07-26 at 12:18:43 CST INFO  org.imcl.plugin.PluginLoader 21 preLoad - Loading plugins in /Users/resetpower/ideamcProjects/ideamc/plugins ...
2020-07-26 at 12:18:43 CST INFO  org.imcl.plugin.PluginLoader 24 preLoad - Loading plugin file: ideamc-basis.jar
2020-07-26 at 12:18:43 CST INFO  org.imcl.plugin.PluginLoader 34 load - Looking for plugin.yml
2020-07-26 at 12:18:43 CST INFO  org.imcl.plugin.PluginLoader 41 load - Successfully found plugin.yml, parsing...
2020-07-26 at 12:18:43 CST INFO  org.imcl.plugin.PluginLoader 45 load - Plugin Name: ideamc-basis
2020-07-26 at 12:18:43 CST INFO  org.imcl.plugin.PluginLoader 47 load - ideamc-basis's version: a0.2.0
2020-07-26 at 12:18:43 CST INFO  org.imcl.plugin.PluginLoader 49 load - ideamc-basis's description: ideamc-basis是IMCL的基础插件之一 支持插件管理与插件信息查看功能 该插件的版本号随IMCL版本号的变化而变化。
2020-07-26 at 12:18:43 CST INFO  org.imcl.plugin.PluginLoader 51 load - ideamc-basis's main: org.imcl.basis.MyPlugin
2020-07-26 at 12:18:43 CST INFO  org.imcl.platform.Plugin 9 onLoad - Loading Plugin ideamc-basis
2020-07-26 at 12:18:43 CST INFO  org.imcl.plugin.PluginLoader 28 preLoad - All plugins loaded
2020-07-26 at 12:18:43 CST INFO  org.imcl.MyApplication 73 start - Not logged in, go to login page
2020-07-26 at 12:18:43 CST INFO  org.imcl.main.MainScene 36 get - Initializing MainScene (login page)
2020-07-26 at 12:18:43 CST INFO  org.imcl.main.MainScene 39 get - Getting language: english
2020-07-26 at 12:18:44 CST INFO  org.imcl.MyApplication 76 start - Load done. Ending splash screen
2020-07-26 at 12:18:44 CST INFO  org.imcl.MyApplication 81 start - Splash screen ended. primaryStage showed
2020-07-26 at 12:19:50 CST INFO  org.imcl.MyApplication 29 start - Checking file
2020-07-26 at 12:19:50 CST INFO  org.imcl.files.FileChecker 9 check - Checking ideamc.json
2020-07-26 at 12:19:50 CST INFO  org.imcl.files.FileChecker 30 check - ideamc.json exists
2020-07-26 at 12:19:50 CST INFO  org.imcl.files.FileChecker 32 check - Checking plugins folder
2020-07-26 at 12:19:50 CST INFO  org.imcl.files.FileChecker 38 check - plugins folder exists
2020-07-26 at 12:19:50 CST INFO  org.imcl.MyApplication 31 start - Initializing Window
2020-07-26 at 12:19:50 CST INFO  org.imcl.plugin.PluginLoader 21 preLoad - Loading plugins in /Users/resetpower/ideamcProjects/ideamc/plugins ...
2020-07-26 at 12:19:50 CST INFO  org.imcl.plugin.PluginLoader 24 preLoad - Loading plugin file: ideamc-basis.jar
2020-07-26 at 12:19:50 CST INFO  org.imcl.plugin.PluginLoader 34 load - Looking for plugin.yml
2020-07-26 at 12:19:50 CST INFO  org.imcl.plugin.PluginLoader 41 load - Successfully found plugin.yml, parsing...
2020-07-26 at 12:19:50 CST INFO  org.imcl.plugin.PluginLoader 45 load - Plugin Name: ideamc-basis
2020-07-26 at 12:19:50 CST INFO  org.imcl.plugin.PluginLoader 47 load - ideamc-basis's version: a0.2.0
2020-07-26 at 12:19:50 CST INFO  org.imcl.plugin.PluginLoader 49 load - ideamc-basis's description: ideamc-basis是IMCL的基础插件之一 支持插件管理与插件信息查看功能 该插件的版本号随IMCL版本号的变化而变化。
2020-07-26 at 12:19:50 CST INFO  org.imcl.plugin.PluginLoader 51 load - ideamc-basis's main: org.imcl.basis.MyPlugin
2020-07-26 at 12:19:50 CST INFO  org.imcl.platform.Plugin 9 onLoad - Loading Plugin ideamc-basis
2020-07-26 at 12:19:50 CST INFO  org.imcl.plugin.PluginLoader 28 preLoad - All plugins loaded
2020-07-26 at 12:19:50 CST INFO  org.imcl.MyApplication 73 start - Not logged in, go to login page
2020-07-26 at 12:19:51 CST INFO  org.imcl.main.MainScene 36 get - Initializing MainScene (login page)
2020-07-26 at 12:19:51 CST INFO  org.imcl.main.MainScene 39 get - Getting language: english
2020-07-26 at 12:19:51 CST INFO  org.imcl.MyApplication 76 start - Load done. Ending splash screen
2020-07-26 at 12:19:52 CST INFO  org.imcl.MyApplication 81 start - Splash screen ended. primaryStage showed
2020-07-26 at 12:22:49 CST INFO  org.imcl.MyApplication 30 start - Checking file
2020-07-26 at 12:22:49 CST INFO  org.imcl.files.FileChecker 9 check - Checking ideamc.json
2020-07-26 at 12:22:49 CST INFO  org.imcl.files.FileChecker 30 check - ideamc.json exists
2020-07-26 at 12:22:49 CST INFO  org.imcl.files.FileChecker 32 check - Checking plugins folder
2020-07-26 at 12:22:49 CST INFO  org.imcl.files.FileChecker 38 check - plugins folder exists
2020-07-26 at 12:22:49 CST INFO  org.imcl.MyApplication 32 start - Initializing Window
2020-07-26 at 12:22:49 CST INFO  org.imcl.plugin.PluginLoader 21 preLoad - Loading plugins in /Users/resetpower/ideamcProjects/ideamc/plugins ...
2020-07-26 at 12:22:49 CST INFO  org.imcl.plugin.PluginLoader 24 preLoad - Loading plugin file: ideamc-basis.jar
2020-07-26 at 12:22:49 CST INFO  org.imcl.plugin.PluginLoader 34 load - Looking for plugin.yml
2020-07-26 at 12:22:49 CST INFO  org.imcl.plugin.PluginLoader 41 load - Successfully found plugin.yml, parsing...
2020-07-26 at 12:22:49 CST INFO  org.imcl.plugin.PluginLoader 45 load - Plugin Name: ideamc-basis
2020-07-26 at 12:22:49 CST INFO  org.imcl.plugin.PluginLoader 47 load - ideamc-basis's version: a0.2.0
2020-07-26 at 12:22:49 CST INFO  org.imcl.plugin.PluginLoader 49 load - ideamc-basis's description: ideamc-basis是IMCL的基础插件之一 支持插件管理与插件信息查看功能 该插件的版本号随IMCL版本号的变化而变化。
2020-07-26 at 12:22:49 CST INFO  org.imcl.plugin.PluginLoader 51 load - ideamc-basis's main: org.imcl.basis.MyPlugin
2020-07-26 at 12:22:49 CST INFO  org.imcl.platform.Plugin 9 onLoad - Loading Plugin ideamc-basis
2020-07-26 at 12:22:49 CST INFO  org.imcl.plugin.PluginLoader 28 preLoad - All plugins loaded
2020-07-26 at 12:22:49 CST INFO  org.imcl.MyApplication 74 start - Not logged in, go to login page
2020-07-26 at 12:22:50 CST INFO  org.imcl.main.MainScene 36 get - Initializing MainScene (login page)
2020-07-26 at 12:22:50 CST INFO  org.imcl.main.MainScene 39 get - Getting language: english
2020-07-26 at 12:22:50 CST INFO  org.imcl.MyApplication 77 start - Load done. Ending splash screen
2020-07-26 at 12:22:51 CST INFO  org.imcl.MyApplication 82 start - Splash screen ended. primaryStage showed
2020-07-26 at 12:26:10 CST INFO  org.imcl.MyApplication 29 start - Checking file
2020-07-26 at 12:26:10 CST INFO  org.imcl.files.FileChecker 9 check - Checking ideamc.json
2020-07-26 at 12:26:10 CST INFO  org.imcl.files.FileChecker 30 check - ideamc.json exists
2020-07-26 at 12:26:10 CST INFO  org.imcl.files.FileChecker 32 check - Checking plugins folder
2020-07-26 at 12:26:10 CST INFO  org.imcl.files.FileChecker 38 check - plugins folder exists
2020-07-26 at 12:26:10 CST INFO  org.imcl.MyApplication 31 start - Initializing Window
2020-07-26 at 12:26:10 CST INFO  org.imcl.plugin.PluginLoader 21 preLoad - Loading plugins in /Users/resetpower/ideamcProjects/ideamc/plugins ...
2020-07-26 at 12:26:10 CST INFO  org.imcl.plugin.PluginLoader 24 preLoad - Loading plugin file: ideamc-basis.jar
2020-07-26 at 12:26:10 CST INFO  org.imcl.plugin.PluginLoader 34 load - Looking for plugin.yml
2020-07-26 at 12:26:10 CST INFO  org.imcl.plugin.PluginLoader 41 load - Successfully found plugin.yml, parsing...
2020-07-26 at 12:26:10 CST INFO  org.imcl.plugin.PluginLoader 45 load - Plugin Name: ideamc-basis
2020-07-26 at 12:26:10 CST INFO  org.imcl.plugin.PluginLoader 47 load - ideamc-basis's version: a0.2.0
2020-07-26 at 12:26:10 CST INFO  org.imcl.plugin.PluginLoader 49 load - ideamc-basis's description: ideamc-basis是IMCL的基础插件之一 支持插件管理与插件信息查看功能 该插件的版本号随IMCL版本号的变化而变化。
2020-07-26 at 12:26:10 CST INFO  org.imcl.plugin.PluginLoader 51 load - ideamc-basis's main: org.imcl.basis.MyPlugin
2020-07-26 at 12:26:10 CST INFO  org.imcl.platform.Plugin 9 onLoad - Loading Plugin ideamc-basis
2020-07-26 at 12:26:10 CST INFO  org.imcl.plugin.PluginLoader 28 preLoad - All plugins loaded
2020-07-26 at 12:26:10 CST INFO  org.imcl.MyApplication 55 start - Not logged in, go to login page
2020-07-26 at 12:26:10 CST INFO  org.imcl.main.MainScene 36 get - Initializing MainScene (login page)
2020-07-26 at 12:26:10 CST INFO  org.imcl.main.MainScene 39 get - Getting language: english
2020-07-26 at 12:26:11 CST INFO  org.imcl.MyApplication 58 start - Load done. Ending splash screen
2020-07-26 at 12:26:11 CST INFO  org.imcl.MyApplication 63 start - Splash screen ended. primaryStage showed
2020-07-26 at 12:30:37 CST INFO  org.imcl.MyApplication 29 start - Checking file
2020-07-26 at 12:30:37 CST INFO  org.imcl.files.FileChecker 9 check - Checking ideamc.json
2020-07-26 at 12:30:37 CST INFO  org.imcl.files.FileChecker 30 check - ideamc.json exists
2020-07-26 at 12:30:37 CST INFO  org.imcl.files.FileChecker 32 check - Checking plugins folder
2020-07-26 at 12:30:37 CST INFO  org.imcl.files.FileChecker 38 check - plugins folder exists
2020-07-26 at 12:30:37 CST INFO  org.imcl.MyApplication 31 start - Initializing Window
2020-07-26 at 12:30:37 CST INFO  org.imcl.plugin.PluginLoader 21 preLoad - Loading plugins in /Users/resetpower/ideamcProjects/ideamc/plugins ...
2020-07-26 at 12:30:37 CST INFO  org.imcl.plugin.PluginLoader 24 preLoad - Loading plugin file: ideamc-basis.jar
2020-07-26 at 12:30:37 CST INFO  org.imcl.plugin.PluginLoader 34 load - Looking for plugin.yml
2020-07-26 at 12:30:37 CST INFO  org.imcl.plugin.PluginLoader 41 load - Successfully found plugin.yml, parsing...
2020-07-26 at 12:30:37 CST INFO  org.imcl.plugin.PluginLoader 45 load - Plugin Name: ideamc-basis
2020-07-26 at 12:30:37 CST INFO  org.imcl.plugin.PluginLoader 47 load - ideamc-basis's version: a0.2.0
2020-07-26 at 12:30:37 CST INFO  org.imcl.plugin.PluginLoader 49 load - ideamc-basis's description: ideamc-basis是IMCL的基础插件之一 支持插件管理与插件信息查看功能 该插件的版本号随IMCL版本号的变化而变化。
2020-07-26 at 12:30:37 CST INFO  org.imcl.plugin.PluginLoader 51 load - ideamc-basis's main: org.imcl.basis.MyPlugin
2020-07-26 at 12:30:37 CST INFO  org.imcl.platform.Plugin 9 onLoad - Loading Plugin ideamc-basis
2020-07-26 at 12:30:37 CST INFO  org.imcl.plugin.PluginLoader 28 preLoad - All plugins loaded
2020-07-26 at 12:30:37 CST INFO  org.imcl.MyApplication 55 start - Not logged in, go to login page
2020-07-26 at 12:30:37 CST INFO  org.imcl.main.MainScene 36 get - Initializing MainScene (login page)
2020-07-26 at 12:30:37 CST INFO  org.imcl.main.MainScene 39 get - Getting language: english
2020-07-26 at 12:30:37 CST INFO  org.imcl.MyApplication 58 start - Load done. Ending splash screen
2020-07-26 at 12:30:38 CST INFO  org.imcl.MyApplication 63 start - Splash screen ended. primaryStage showed
2020-07-26 at 12:33:10 CST INFO  org.imcl.MyApplication 26 start - Checking file
2020-07-26 at 12:33:10 CST INFO  org.imcl.files.FileChecker 9 check - Checking ideamc.json
2020-07-26 at 12:33:10 CST INFO  org.imcl.files.FileChecker 30 check - ideamc.json exists
2020-07-26 at 12:33:10 CST INFO  org.imcl.files.FileChecker 32 check - Checking plugins folder
2020-07-26 at 12:33:10 CST INFO  org.imcl.files.FileChecker 38 check - plugins folder exists
2020-07-26 at 12:33:10 CST INFO  org.imcl.MyApplication 28 start - Initializing Window
2020-07-26 at 12:33:10 CST INFO  org.imcl.plugin.PluginLoader 21 preLoad - Loading plugins in /Users/resetpower/ideamcProjects/ideamc/plugins ...
2020-07-26 at 12:33:10 CST INFO  org.imcl.plugin.PluginLoader 24 preLoad - Loading plugin file: ideamc-basis.jar
2020-07-26 at 12:33:10 CST INFO  org.imcl.plugin.PluginLoader 34 load - Looking for plugin.yml
2020-07-26 at 12:33:10 CST INFO  org.imcl.plugin.PluginLoader 41 load - Successfully found plugin.yml, parsing...
2020-07-26 at 12:33:10 CST INFO  org.imcl.plugin.PluginLoader 45 load - Plugin Name: ideamc-basis
2020-07-26 at 12:33:10 CST INFO  org.imcl.plugin.PluginLoader 47 load - ideamc-basis's version: a0.2.0
2020-07-26 at 12:33:10 CST INFO  org.imcl.plugin.PluginLoader 49 load - ideamc-basis's description: ideamc-basis是IMCL的基础插件之一 支持插件管理与插件信息查看功能 该插件的版本号随IMCL版本号的变化而变化。
2020-07-26 at 12:33:10 CST INFO  org.imcl.plugin.PluginLoader 51 load - ideamc-basis's main: org.imcl.basis.MyPlugin
2020-07-26 at 12:33:10 CST INFO  org.imcl.platform.Plugin 9 onLoad - Loading Plugin ideamc-basis
2020-07-26 at 12:33:10 CST INFO  org.imcl.plugin.PluginLoader 28 preLoad - All plugins loaded
2020-07-26 at 12:33:10 CST INFO  org.imcl.MyApplication 52 start - Not logged in, go to login page
2020-07-26 at 12:33:10 CST INFO  org.imcl.main.MainScene 36 get - Initializing MainScene (login page)
2020-07-26 at 12:33:10 CST INFO  org.imcl.main.MainScene 39 get - Getting language: english
2020-07-26 at 12:33:11 CST INFO  org.imcl.MyApplication 56 start - primaryStage showed
2020-07-26 at 12:50:11 CST INFO  org.imcl.MyApplication 26 start - Checking file
2020-07-26 at 12:50:11 CST INFO  org.imcl.files.FileChecker 9 check - Checking ideamc.json
2020-07-26 at 12:50:11 CST INFO  org.imcl.files.FileChecker 30 check - ideamc.json exists
2020-07-26 at 12:50:11 CST INFO  org.imcl.files.FileChecker 32 check - Checking plugins folder
2020-07-26 at 12:50:11 CST INFO  org.imcl.files.FileChecker 38 check - plugins folder exists
2020-07-26 at 12:50:12 CST INFO  org.imcl.MyApplication 28 start - Initializing Window
2020-07-26 at 12:50:15 CST INFO  org.imcl.plugin.PluginLoader 21 preLoad - Loading plugins in /Users/resetpower/ideamcProjects/ideamc/plugins ...
2020-07-26 at 12:50:15 CST INFO  org.imcl.plugin.PluginLoader 24 preLoad - Loading plugin file: ideamc-basis.jar
2020-07-26 at 12:50:15 CST INFO  org.imcl.plugin.PluginLoader 34 load - Looking for plugin.yml
2020-07-26 at 12:50:15 CST INFO  org.imcl.plugin.PluginLoader 41 load - Successfully found plugin.yml, parsing...
2020-07-26 at 12:50:15 CST INFO  org.imcl.plugin.PluginLoader 45 load - Plugin Name: ideamc-basis
2020-07-26 at 12:50:15 CST INFO  org.imcl.plugin.PluginLoader 47 load - ideamc-basis's version: a0.2.0
2020-07-26 at 12:50:15 CST INFO  org.imcl.plugin.PluginLoader 49 load - ideamc-basis's description: ideamc-basis是IMCL的基础插件之一 支持插件管理与插件信息查看功能 该插件的版本号随IMCL版本号的变化而变化。
2020-07-26 at 12:50:15 CST INFO  org.imcl.plugin.PluginLoader 51 load - ideamc-basis's main: org.imcl.basis.MyPlugin
2020-07-26 at 12:50:15 CST INFO  org.imcl.platform.Plugin 9 onLoad - Loading Plugin ideamc-basis
2020-07-26 at 12:50:15 CST INFO  org.imcl.plugin.PluginLoader 28 preLoad - All plugins loaded
2020-07-26 at 12:50:17 CST INFO  org.imcl.MyApplication 52 start - Not logged in, go to login page
2020-07-26 at 12:50:18 CST INFO  org.imcl.main.MainScene 36 get - Initializing MainScene (login page)
2020-07-26 at 12:50:18 CST INFO  org.imcl.main.MainScene 39 get - Getting language: english
2020-07-26 at 12:50:19 CST INFO  org.imcl.MyApplication 56 start - primaryStage showed
2020-07-26 at 12:52:31 CST INFO  org.imcl.MyApplication 25 start - Checking file
2020-07-26 at 12:52:31 CST INFO  org.imcl.files.FileChecker 9 check - Checking ideamc.json
2020-07-26 at 12:52:31 CST INFO  org.imcl.files.FileChecker 30 check - ideamc.json exists
2020-07-26 at 12:52:31 CST INFO  org.imcl.files.FileChecker 32 check - Checking plugins folder
2020-07-26 at 12:52:31 CST INFO  org.imcl.files.FileChecker 38 check - plugins folder exists
2020-07-26 at 12:52:31 CST INFO  org.imcl.MyApplication 27 start - Initializing Window
2020-07-26 at 12:52:31 CST INFO  org.imcl.plugin.PluginLoader 21 preLoad - Loading plugins in /Users/resetpower/ideamcProjects/ideamc/plugins ...
2020-07-26 at 12:52:31 CST INFO  org.imcl.plugin.PluginLoader 24 preLoad - Loading plugin file: ideamc-basis.jar
2020-07-26 at 12:52:31 CST INFO  org.imcl.plugin.PluginLoader 34 load - Looking for plugin.yml
2020-07-26 at 12:52:31 CST INFO  org.imcl.plugin.PluginLoader 41 load - Successfully found plugin.yml, parsing...
2020-07-26 at 12:52:31 CST INFO  org.imcl.plugin.PluginLoader 45 load - Plugin Name: ideamc-basis
2020-07-26 at 12:52:31 CST INFO  org.imcl.plugin.PluginLoader 47 load - ideamc-basis's version: a0.2.0
2020-07-26 at 12:52:31 CST INFO  org.imcl.plugin.PluginLoader 49 load - ideamc-basis's description: ideamc-basis是IMCL的基础插件之一 支持插件管理与插件信息查看功能 该插件的版本号随IMCL版本号的变化而变化。
2020-07-26 at 12:52:31 CST INFO  org.imcl.plugin.PluginLoader 51 load - ideamc-basis's main: org.imcl.basis.MyPlugin
2020-07-26 at 12:52:31 CST INFO  org.imcl.platform.Plugin 9 onLoad - Loading Plugin ideamc-basis
2020-07-26 at 12:52:31 CST INFO  org.imcl.plugin.PluginLoader 28 preLoad - All plugins loaded
2020-07-26 at 12:52:31 CST INFO  org.imcl.MyApplication 51 start - Not logged in, go to login page
2020-07-26 at 12:52:31 CST INFO  org.imcl.main.MainScene 36 get - Initializing MainScene (login page)
2020-07-26 at 12:52:31 CST INFO  org.imcl.main.MainScene 39 get - Getting language: english
2020-07-26 at 12:52:32 CST INFO  org.imcl.MyApplication 55 start - primaryStage showed
