[09:39:51] [JavaFX Application Thread/INFO] [LaunchWrapper]: Loading tweak class name cpw.mods.fml.common.launcher.FMLTweaker
[09:39:51] [JavaFX Application Thread/ERROR] [LaunchWrapper]: Unable to launch
java.lang.ClassNotFoundException: cpw.mods.fml.common.launcher.FMLTweaker
	at java.net.URLClassLoader.findClass(URLClassLoader.java:382) ~[?:1.8.0_221]
	at java.lang.ClassLoader.loadClass(ClassLoader.java:424) ~[?:1.8.0_221]
	at sun.misc.Launcher$AppClassLoader.loadClass(Launcher.java:349) ~[?:1.8.0_221]
	at java.lang.ClassLoader.loadClass(ClassLoader.java:357) ~[?:1.8.0_221]
	at net.minecraft.launchwrapper.LaunchClassLoader.findClass(LaunchClassLoader.java:106) ~[launchwrapper-1.12.jar:?]
	at java.lang.ClassLoader.loadClass(ClassLoader.java:424) ~[?:1.8.0_221]
	at java.lang.ClassLoader.loadClass(ClassLoader.java:357) ~[?:1.8.0_221]
	at java.lang.Class.forName0(Native Method) ~[?:1.8.0_221]
	at java.lang.Class.forName(Class.java:348) ~[?:1.8.0_221]
	at net.minecraft.launchwrapper.Launch.launch(Launch.java:98) ~[launchwrapper-1.12.jar:?]
	at net.minecraft.launchwrapper.Launch.main(Launch.java:28) ~[launchwrapper-1.12.jar:?]
	at sun.reflect.NativeMethodAccessorImpl.invoke0(Native Method) ~[?:1.8.0_221]
	at sun.reflect.NativeMethodAccessorImpl.invoke(NativeMethodAccessorImpl.java:62) ~[?:1.8.0_221]
	at sun.reflect.DelegatingMethodAccessorImpl.invoke(DelegatingMethodAccessorImpl.java:43) ~[?:1.8.0_221]
	at java.lang.reflect.Method.invoke(Method.java:498) ~[?:1.8.0_221]
	at fr.theshark34.openlauncherlib.internal.InternalLauncher.launch(InternalLauncher.java:173) ~[InternalLauncher.class:?]
	at org.imcl.launch.LauncherScene$get$$inlined$apply$lambda$5.handle(LauncherScene.kt:147) ~[LauncherScene$get$$inlined$apply$lambda$5.class:?]
	at org.imcl.launch.LauncherScene$get$$inlined$apply$lambda$5.handle(LauncherScene.kt:16) ~[LauncherScene$get$$inlined$apply$lambda$5.class:?]
	at com.sun.javafx.event.CompositeEventHandler.dispatchBubblingEvent(CompositeEventHandler.java:86) ~[jfxrt.jar:?]
	at com.sun.javafx.event.EventHandlerManager.dispatchBubblingEvent(EventHandlerManager.java:238) ~[jfxrt.jar:?]
	at com.sun.javafx.event.EventHandlerManager.dispatchBubblingEvent(EventHandlerManager.java:191) ~[jfxrt.jar:?]
	at com.sun.javafx.event.CompositeEventDispatcher.dispatchBubblingEvent(CompositeEventDispatcher.java:59) ~[jfxrt.jar:?]
	at com.sun.javafx.event.BasicEventDispatcher.dispatchEvent(BasicEventDispatcher.java:58) ~[jfxrt.jar:?]
	at com.sun.javafx.event.EventDispatchChainImpl.dispatchEvent(EventDispatchChainImpl.java:114) ~[jfxrt.jar:?]
	at com.sun.javafx.event.BasicEventDispatcher.dispatchEvent(BasicEventDispatcher.java:56) ~[jfxrt.jar:?]
	at com.sun.javafx.event.EventDispatchChainImpl.dispatchEvent(EventDispatchChainImpl.java:114) ~[jfxrt.jar:?]
	at com.sun.javafx.event.BasicEventDispatcher.dispatchEvent(BasicEventDispatcher.java:56) ~[jfxrt.jar:?]
	at com.sun.javafx.event.EventDispatchChainImpl.dispatchEvent(EventDispatchChainImpl.java:114) ~[jfxrt.jar:?]
	at com.sun.javafx.event.BasicEventDispatcher.dispatchEvent(BasicEventDispatcher.java:56) ~[jfxrt.jar:?]
	at com.sun.javafx.event.EventDispatchChainImpl.dispatchEvent(EventDispatchChainImpl.java:114) ~[jfxrt.jar:?]
	at com.sun.javafx.event.EventUtil.fireEventImpl(EventUtil.java:74) ~[jfxrt.jar:?]
	at com.sun.javafx.event.EventUtil.fireEvent(EventUtil.java:49) ~[jfxrt.jar:?]
	at javafx.event.Event.fireEvent(Event.java:198) ~[jfxrt.jar:?]
	at javafx.scene.Node.fireEvent(Node.java:8411) ~[jfxrt.jar:?]
	at javafx.scene.control.Button.fire(Button.java:185) ~[jfxrt.jar:?]
	at com.sun.javafx.scene.control.behavior.ButtonBehavior.mouseReleased(ButtonBehavior.java:182) ~[jfxrt.jar:?]
	at com.sun.javafx.scene.control.skin.BehaviorSkinBase$1.handle(BehaviorSkinBase.java:96) ~[jfxrt.jar:?]
	at com.sun.javafx.scene.control.skin.BehaviorSkinBase$1.handle(BehaviorSkinBase.java:89) ~[jfxrt.jar:?]
	at com.sun.javafx.event.CompositeEventHandler$NormalEventHandlerRecord.handleBubblingEvent(CompositeEventHandler.java:218) ~[jfxrt.jar:?]
	at com.sun.javafx.event.CompositeEventHandler.dispatchBubblingEvent(CompositeEventHandler.java:80) ~[jfxrt.jar:?]
	at com.sun.javafx.event.EventHandlerManager.dispatchBubblingEvent(EventHandlerManager.java:238) ~[jfxrt.jar:?]
	at com.sun.javafx.event.EventHandlerManager.dispatchBubblingEvent(EventHandlerManager.java:191) ~[jfxrt.jar:?]
	at com.sun.javafx.event.CompositeEventDispatcher.dispatchBubblingEvent(CompositeEventDispatcher.java:59) ~[jfxrt.jar:?]
	at com.sun.javafx.event.BasicEventDispatcher.dispatchEvent(BasicEventDispatcher.java:58) ~[jfxrt.jar:?]
	at com.sun.javafx.event.EventDispatchChainImpl.dispatchEvent(EventDispatchChainImpl.java:114) ~[jfxrt.jar:?]
	at com.sun.javafx.event.BasicEventDispatcher.dispatchEvent(BasicEventDispatcher.java:56) ~[jfxrt.jar:?]
	at com.sun.javafx.event.EventDispatchChainImpl.dispatchEvent(EventDispatchChainImpl.java:114) ~[jfxrt.jar:?]
	at com.sun.javafx.event.BasicEventDispatcher.dispatchEvent(BasicEventDispatcher.java:56) ~[jfxrt.jar:?]
	at com.sun.javafx.event.EventDispatchChainImpl.dispatchEvent(EventDispatchChainImpl.java:114) ~[jfxrt.jar:?]
	at com.sun.javafx.event.BasicEventDispatcher.dispatchEvent(BasicEventDispatcher.java:56) ~[jfxrt.jar:?]
	at com.sun.javafx.event.EventDispatchChainImpl.dispatchEvent(EventDispatchChainImpl.java:114) ~[jfxrt.jar:?]
	at com.sun.javafx.event.EventUtil.fireEventImpl(EventUtil.java:74) ~[jfxrt.jar:?]
	at com.sun.javafx.event.EventUtil.fireEvent(EventUtil.java:54) ~[jfxrt.jar:?]
	at javafx.event.Event.fireEvent(Event.java:198) ~[jfxrt.jar:?]
	at javafx.scene.Scene$MouseHandler.process(Scene.java:3757) ~[jfxrt.jar:?]
	at javafx.scene.Scene$MouseHandler.access$1500(Scene.java:3485) ~[jfxrt.jar:?]
	at javafx.scene.Scene.impl_processMouseEvent(Scene.java:1762) ~[jfxrt.jar:?]
	at javafx.scene.Scene$ScenePeerListener.mouseEvent(Scene.java:2494) ~[jfxrt.jar:?]
	at com.sun.javafx.tk.quantum.GlassViewEventHandler$MouseEventNotification.run(GlassViewEventHandler.java:394) ~[jfxrt.jar:?]
	at com.sun.javafx.tk.quantum.GlassViewEventHandler$MouseEventNotification.run(GlassViewEventHandler.java:295) ~[jfxrt.jar:?]
	at java.security.AccessController.doPrivileged(Native Method) ~[?:1.8.0_221]
	at com.sun.javafx.tk.quantum.GlassViewEventHandler.lambda$handleMouseEvent$2(GlassViewEventHandler.java:432) ~[jfxrt.jar:?]
	at com.sun.javafx.tk.quantum.QuantumToolkit.runWithoutRenderLock(QuantumToolkit.java:410) [jfxrt.jar:?]
	at com.sun.javafx.tk.quantum.GlassViewEventHandler.handleMouseEvent(GlassViewEventHandler.java:431) [jfxrt.jar:?]
	at com.sun.glass.ui.View.handleMouseEvent(View.java:555) [jfxrt.jar:?]
	at com.sun.glass.ui.View.notifyMouse(View.java:937) [jfxrt.jar:?]
