[09:30:03] [Render thread/INFO]: Setting user: ResetPower
[09:30:05] [Render thread/INFO]: Backend library: LWJGL version 3.2.1 build 12
[09:30:06] [Render thread/INFO]: Reloading ResourceManager: Default, Depixel1.15.zip
[09:30:11] [Render thread/INFO]: OpenAL initialized.
[09:30:11] [Render thread/INFO]: Sound engine started
[09:30:11] [Render thread/INFO]: Created: 1024x4096x4 minecraft:textures/atlas/blocks.png-atlas
[09:30:11] [Render thread/INFO]: Created: 512x256x4 minecraft:textures/atlas/signs.png-atlas
[09:30:11] [Render thread/INFO]: Created: 1024x1024x4 minecraft:textures/atlas/banner_patterns.png-atlas
[09:30:11] [Render thread/INFO]: Created: 1024x1024x4 minecraft:textures/atlas/shield_patterns.png-atlas
[09:30:11] [Render thread/INFO]: Created: 512x512x4 minecraft:textures/atlas/chest.png-atlas
[09:30:11] [Render thread/INFO]: Created: 1024x512x4 minecraft:textures/atlas/beds.png-atlas
[09:30:11] [Render thread/INFO]: Created: 1024x512x4 minecraft:textures/atlas/shulker_boxes.png-atlas
[09:30:11] [Render thread/INFO]: Created: 512x512x0 minecraft:textures/atlas/particles.png-atlas
[09:30:11] [Render thread/INFO]: Created: 512x512x0 minecraft:textures/atlas/paintings.png-atlas
[09:30:11] [Render thread/INFO]: Created: 256x256x0 minecraft:textures/atlas/mob_effects.png-atlas
[09:30:16] [Render thread/WARN]: Ambiguity between arguments [teleport, destination] and [teleport, targets] with inputs: [Player, 0123, @e, dd12be42-52a9-4a91-a8a1-11c01849e498]
[09:30:16] [Render thread/WARN]: Ambiguity between arguments [teleport, location] and [teleport, destination] with inputs: [0.1 -0.5 .9, 0 0 0]
[09:30:16] [Render thread/WARN]: Ambiguity between arguments [teleport, location] and [teleport, targets] with inputs: [0.1 -0.5 .9, 0 0 0]
[09:30:16] [Render thread/WARN]: Ambiguity between arguments [teleport, targets] and [teleport, destination] with inputs: [Player, 0123, dd12be42-52a9-4a91-a8a1-11c01849e498]
[09:30:16] [Render thread/WARN]: Ambiguity between arguments [teleport, targets, location] and [teleport, targets, destination] with inputs: [0.1 -0.5 .9, 0 0 0]
[09:30:16] [Server thread/INFO]: Starting integrated minecraft server version 1.15.2
[09:30:16] [Server thread/INFO]: Generating keypair
[09:30:16] [Server thread/INFO]: Reloading ResourceManager: Default
[09:30:16] [Server thread/INFO]: Loaded 6 recipes
[09:30:17] [Server thread/INFO]: Loaded 825 advancements
[09:30:17] [Server thread/INFO]: Preparing start region for dimension minecraft:overworld
[09:30:17] [Render thread/INFO]: 准备生成区域中：0%
[09:30:18] [Render thread/INFO]: 准备生成区域中：7%
[09:30:18] [Render thread/INFO]: Time elapsed: 636 ms
[09:30:18] [Server thread/INFO]: Changing view distance to 31, from 10
[09:30:25] [Server thread/INFO]: ResetPower[local:E:ccbcd886] logged in with entity id 4 at (9.599763086209395, 61.493148237392326, 14.739966979160483)
[09:30:25] [Server thread/INFO]: ResetPower加入了游戏
[09:30:25] [Server thread/INFO]: Saving and pausing game...
[09:30:25] [Server thread/INFO]: Saving chunks for level '新的世界'/minecraft:the_end
[09:30:25] [Server thread/INFO]: Saving chunks for level '新的世界'/minecraft:overworld
[09:30:25] [Render thread/INFO]: Loaded 42 advancements
[09:30:25] [Server thread/INFO]: Saving chunks for level '新的世界'/minecraft:the_nether
[09:30:51] [Server thread/INFO]: Saving and pausing game...
[09:30:51] [Server thread/INFO]: Saving chunks for level '新的世界'/minecraft:the_end
[09:30:51] [Server thread/INFO]: Saving chunks for level '新的世界'/minecraft:overworld
[09:30:51] [Server thread/INFO]: Saving chunks for level '新的世界'/minecraft:the_nether
[09:30:52] [Server thread/INFO]: ResetPower lost connection: 连接中止
[09:30:52] [Server thread/INFO]: ResetPower退出了游戏
[09:30:52] [Server thread/INFO]: Stopping singleplayer server as player logged out
[09:30:52] [Server thread/INFO]: Stopping server
[09:30:52] [Server thread/INFO]: Saving players
[09:30:52] [Server thread/INFO]: Saving worlds
[09:30:52] [Server thread/INFO]: Saving chunks for level '新的世界'/minecraft:the_end
[09:30:52] [Server thread/INFO]: ThreadedAnvilChunkStorage (DIM1): All chunks are saved
[09:30:52] [Server thread/INFO]: Saving chunks for level '新的世界'/minecraft:overworld
[09:30:52] [Server thread/INFO]: ThreadedAnvilChunkStorage (新的世界): All chunks are saved
[09:30:52] [Server thread/INFO]: Saving chunks for level '新的世界'/minecraft:the_nether
[09:30:52] [Server thread/INFO]: ThreadedAnvilChunkStorage (DIM-1): All chunks are saved
[09:30:52] [Server thread/INFO]: ThreadedAnvilChunkStorage (DIM1): All chunks are saved
[09:30:52] [Server thread/INFO]: ThreadedAnvilChunkStorage (新的世界): All chunks are saved
[09:30:52] [Server thread/INFO]: ThreadedAnvilChunkStorage (DIM-1): All chunks are saved
[09:30:53] [Render thread/WARN]: Unable to start LAN server detection: Can't assign requested address
[09:30:54] [Render thread/ERROR]: Invalid icon for server Minecraft サーバー (play.eumc.cc)
java.lang.IllegalStateException: Must be 64 pixels wide
	at org.apache.commons.lang3.Validate.validState(Validate.java:829) ~[commons-lang3-3.5.jar:3.5]
	at dii$d.c(SourceFile:377) [1.15.2.jar:?]
	at dii$d.render(SourceFile:306) [1.15.2.jar:?]
	at dcr.renderList(SourceFile:446) [1.15.2.jar:?]
	at dcr.render(SourceFile:196) [1.15.2.jar:?]
	at dig.render(SourceFile:211) [1.15.2.jar:?]
	at dqn.a(SourceFile:604) [1.15.2.jar:?]
	at dbn.d(SourceFile:989) [1.15.2.jar:?]
	at dbn.d(SourceFile:619) [1.15.2.jar:?]
	at net.minecraft.client.main.Main.main(SourceFile:204) [1.15.2.jar:?]
[09:30:54] [Render thread/INFO]: Connecting to gateway.craft.moe., 25565
[09:30:57] [Render thread/WARN]: Unknown custom packed identifier: minecraft:register
[09:30:57] [Render thread/WARN]: Unknown custom packed identifier: minecraft:register
[09:30:57] [Render thread/INFO]: Loaded 505 advancements
[09:30:57] [Render thread/INFO]: [CHAT] >> かわいい ResetPower AtomWorld 来啦喵~
[09:30:57] [Render thread/INFO]: [CHAT] 你没有新的邮件
[09:30:57] [Render thread/INFO]: [CHAT] [v3] <银行 | 储蓄 | 借贷 Niunai_> qw
[09:30:59] [Render thread/INFO]: [CHAT] [v3] <Mizhou1418> .,'
[09:31:02] [Render thread/INFO]: [CHAT] 欢迎回来毛线物语，かわいい ResetPower AtomWorld！
[09:31:02] [Render thread/INFO]: [CHAT] 当前世界时间 91年2月12日 00:12 | 在线玩家数量 34 | 你的钱包余额 卷4,304.50
[09:31:02] [Render thread/INFO]: [CHAT] 新玩家请阅读 www.craft.moe/get-started 。插件帮助请查阅 www.craft.moe/help 。
[09:31:02] [Render thread/INFO]: [CHAT] 如果你喜欢这里，请使用评分或提升卡支持毛线 -> www.mcbbs.net/thread-551395-1-1.html
[09:31:02] [Render thread/INFO]: [CHAT] >> 喀兰贸易 skycity111 慕容月魂 来啦喵~
[09:31:05] [Render thread/INFO]: [CHAT] [v3] <かわいい ResetPower AtomWorld> 很高兴地告诉大家
[09:31:15] [Render thread/INFO]: [CHAT] [v3] <かわいい ResetPower AtomWorld> 我的启动器成功支持正版验证
[09:31:24] [Render thread/INFO]: [CHAT] [v3] <かわいい ResetPower AtomWorld> 我现在正在用我的启动器玩mc
[09:31:26] [Render thread/INFO]: [CHAT] [v3] <Carlo's wine_producer 小九> 奥
[09:31:30] [Render thread/INFO]: [CHAT] [v3] <Carlo's wine_producer 小九> 嗯？
[09:31:30] [Render thread/INFO]: [CHAT] *雪落白堤 lbpc2333 绫波蓝白 暂时离开了.
[09:31:33] [Render thread/INFO]: [CHAT] [互通频道] <tg2kedama> [Daidouji Sakura] /list
[09:31:37] [Render thread/INFO]: [CHAT] [v3] <かわいい ResetPower AtomWorld> https://github.com/resetpower/imcl
[09:31:42] [Render thread/INFO]: [CHAT] [v3] <かわいい ResetPower AtomWorld> 希望支持一下qwq
[09:31:47] [Render thread/INFO]: [CHAT] [v3] <Carlo's wine_producer 小九> 安全吗（
[09:31:56] [Render thread/INFO]: [CHAT] [v3] <かわいい ResetPower AtomWorld> 目前只支持macOS
[09:32:01] [Render thread/INFO]: [CHAT] [v3] <Carlo's wine_producer 小九> 打扰了
[09:32:04] [Render thread/INFO]: [CHAT] [v3] <かわいい ResetPower AtomWorld> 安全是肯定安全的 毕竟是开源的
[09:32:09] [Render thread/INFO]: [CHAT] [v3] <かわいい ResetPower AtomWorld> 开源的东西你懂的
[09:32:31] [Render thread/INFO]: [CHAT] Baink从高处摔了下来
[09:33:13] [Render thread/INFO]: Stopping!
