[224月2020 15:16:18.119] [main/INFO] [cpw.mods.modlauncher.Launcher/MODLAUNCHER]: ModLauncher running: args [--username, ZS, --version, 1.15.2-forge-31.1.0, --gameDir, /Users/resetpower/Library/Application Support/minecraft, --assetsDir, /Users/resetpower/Library/Application Support/minecraft/assets, --assetIndex, 1.15, --uuid, 2873, --accessToken, ❄❄❄❄❄❄❄❄, --userType, mojang, --versionType, release, --launchTarget, fmlclient, --fml.forgeVersion, 31.1.0, --fml.mcVersion, 1.15.2, --fml.forgeGroup, net.minecraftforge, --fml.mcpVersion, 20200122.131323]
[224月2020 15:16:18.122] [main/INFO] [cpw.mods.modlauncher.Launcher/MODLAUNCHER]: ModLauncher 5.0.0-milestone.4+67+b1a340b starting: java version 12.0.2 by Oracle Corporation
[224月2020 15:16:18.291] [main/INFO] [net.minecraftforge.fml.loading.FixSSL/CORE]: Added Lets Encrypt root certificates as additional trust
[224月2020 15:16:18.590] [main/INFO] [STDERR/]: [jdk.nashorn.api.scripting.NashornScriptEngine:<init>:143]: Warning: Nashorn engine is planned to be removed from a future JDK release
[224月2020 15:16:18.696] [main/INFO] [STDERR/]: [jdk.nashorn.api.scripting.NashornScriptEngine:<init>:143]: Warning: Nashorn engine is planned to be removed from a future JDK release
[224月2020 15:16:18.701] [main/INFO] [STDERR/]: [jdk.nashorn.api.scripting.NashornScriptEngine:<init>:143]: Warning: Nashorn engine is planned to be removed from a future JDK release
[224月2020 15:16:19.275] [main/INFO] [cpw.mods.modlauncher.LaunchServiceHandler/MODLAUNCHER]: Launching target 'fmlclient' with arguments [--version, 1.15.2-forge-31.1.0, --gameDir, /Users/resetpower/Library/Application Support/minecraft, --assetsDir, /Users/resetpower/Library/Application Support/minecraft/assets, --uuid, 2873, --username, ZS, --assetIndex, 1.15, --accessToken, ❄❄❄❄❄❄❄❄, --userType, mojang, --versionType, release]
[224月2020 15:16:20.399] [Render thread/INFO] [net.minecraft.client.Minecraft/]: Setting user: ZS
[224月2020 15:16:24.843] [Render thread/WARN] [net.minecraft.client.GameSettings/]: Skipping bad option: textBackgroundOpacity:
[224月2020 15:16:24.857] [Render thread/INFO] [net.minecraft.client.Minecraft/]: Backend library: LWJGL version 3.2.1 build 12
[224月2020 15:16:24.881] [Render thread/INFO] [STDERR/]: [org.lwjgl.system.Library:checkHash:467]: [LWJGL] [ERROR] Incompatible Java and native library versions detected.
Possible reasons:
	a) -Djava.library.path is set to a folder containing shared libraries of an older LWJGL version.
	b) The classpath contains jar files of an older LWJGL version.
Possible solutions:
	a) Make sure to not set -Djava.library.path (it is not needed for developing with LWJGL 3) or make
	   sure the folder it points to contains the shared libraries of the correct LWJGL version.
	b) Check the classpath and make sure to only have jar files of the same LWJGL version in it.
[224月2020 15:16:24.901] [Render thread/INFO] [STDERR/]: [org.lwjgl.system.Library:checkHash:467]: [LWJGL] [ERROR] Incompatible Java and native library versions detected.
Possible reasons:
	a) -Djava.library.path is set to a folder containing shared libraries of an older LWJGL version.
	b) The classpath contains jar files of an older LWJGL version.
Possible solutions:
	a) Make sure to not set -Djava.library.path (it is not needed for developing with LWJGL 3) or make
	   sure the folder it points to contains the shared libraries of the correct LWJGL version.
	b) Check the classpath and make sure to only have jar files of the same LWJGL version in it.
[224月2020 15:16:24.933] [Render thread/INFO] [STDERR/]: [org.lwjgl.system.Library:checkHash:467]: [LWJGL] [ERROR] Incompatible Java and native library versions detected.
Possible reasons:
	a) -Djava.library.path is set to a folder containing shared libraries of an older LWJGL version.
	b) The classpath contains jar files of an older LWJGL version.
Possible solutions:
	a) Make sure to not set -Djava.library.path (it is not needed for developing with LWJGL 3) or make
	   sure the folder it points to contains the shared libraries of the correct LWJGL version.
	b) Check the classpath and make sure to only have jar files of the same LWJGL version in it.
[224月2020 15:16:25.117] [Render thread/INFO] [STDERR/]: [org.lwjgl.system.Library:checkHash:467]: [LWJGL] [ERROR] Incompatible Java and native library versions detected.
Possible reasons:
	a) -Djava.library.path is set to a folder containing shared libraries of an older LWJGL version.
	b) The classpath contains jar files of an older LWJGL version.
Possible solutions:
	a) Make sure to not set -Djava.library.path (it is not needed for developing with LWJGL 3) or make
	   sure the folder it points to contains the shared libraries of the correct LWJGL version.
	b) Check the classpath and make sure to only have jar files of the same LWJGL version in it.
[224月2020 15:16:25.366] [Render thread/INFO] [STDERR/]: [org.lwjgl.system.Library:checkHash:467]: [LWJGL] [ERROR] Incompatible Java and native library versions detected.
Possible reasons:
	a) -Djava.library.path is set to a folder containing shared libraries of an older LWJGL version.
	b) The classpath contains jar files of an older LWJGL version.
Possible solutions:
	a) Make sure to not set -Djava.library.path (it is not needed for developing with LWJGL 3) or make
	   sure the folder it points to contains the shared libraries of the correct LWJGL version.
	b) Check the classpath and make sure to only have jar files of the same LWJGL version in it.
[224月2020 15:16:25.643] [Render thread/ERROR] [net.minecraftforge.eventbus.EventBus/EVENTBUS]: Failed to resolve handler for "net.minecraftforge.fml.network.simple.SimpleChannel$$Lambda$2275/0x00000008019e6840@b332eda"
[224月2020 15:16:25.655] [Render thread/INFO] [STDOUT/]: [net.minecraft.util.registry.Bootstrap:func_179870_a:103]: ---- Minecraft Crash Report ----
// Why is it breaking :(

Time: 2020/04/22 15:16
Description: Initializing game

java.lang.ExceptionInInitializerError: null
	at net.minecraftforge.fml.ModLoader.<init>(ModLoader.java:121) ~[?:?] {re:classloading}
	at net.minecraftforge.fml.ModLoader.get(ModLoader.java:146) ~[?:?] {re:classloading}
	at net.minecraftforge.fml.client.ClientModLoader.lambda$begin$2(ClientModLoader.java:97) ~[?:?] {re:classloading,pl:runtimedistcleaner:A}
	at net.minecraftforge.fml.client.ClientModLoader.lambda$createRunnableWithCatch$5(ClientModLoader.java:113) ~[?:?] {re:classloading,pl:runtimedistcleaner:A}
	at net.minecraftforge.fml.client.ClientModLoader.begin(ClientModLoader.java:97) ~[?:?] {re:classloading,pl:runtimedistcleaner:A}
	at net.minecraft.client.Minecraft.<init>(Minecraft.java:393) ~[?:?] {re:classloading,pl:accesstransformer:B,pl:runtimedistcleaner:A}
	at net.minecraft.client.main.Main.main(SourceFile:166) ~[1.15.2-forge-31.1.0.jar:?] {re:classloading}
	at jdk.internal.reflect.NativeMethodAccessorImpl.invoke0(Native Method) ~[?:?] {}
	at jdk.internal.reflect.NativeMethodAccessorImpl.invoke(NativeMethodAccessorImpl.java:62) ~[?:?] {}
	at jdk.internal.reflect.DelegatingMethodAccessorImpl.invoke(DelegatingMethodAccessorImpl.java:43) ~[?:?] {}
	at java.lang.reflect.Method.invoke(Method.java:567) ~[?:?] {}
	at net.minecraftforge.fml.loading.FMLClientLaunchProvider.lambda$launchService$0(FMLClientLaunchProvider.java:56) ~[forge-1.15.2-31.1.0.jar:31.1] {}
	at cpw.mods.modlauncher.LaunchServiceHandlerDecorator.launch(LaunchServiceHandlerDecorator.java:37) [modlauncher-5.0.0-milestone.4.jar:?] {}
	at cpw.mods.modlauncher.LaunchServiceHandler.launch(LaunchServiceHandler.java:54) [modlauncher-5.0.0-milestone.4.jar:?] {}
	at cpw.mods.modlauncher.LaunchServiceHandler.launch(LaunchServiceHandler.java:72) [modlauncher-5.0.0-milestone.4.jar:?] {}
	at cpw.mods.modlauncher.Launcher.run(Launcher.java:81) [modlauncher-5.0.0-milestone.4.jar:?] {}
	at cpw.mods.modlauncher.Launcher.main(Launcher.java:65) [modlauncher-5.0.0-milestone.4.jar:?] {}
Caused by: java.lang.IllegalStateException: Failed to resolve consumer event type: net.minecraftforge.fml.network.simple.SimpleChannel$$Lambda$2275/0x00000008019e6840@b332eda
	at net.minecraftforge.eventbus.EventBus.addListener(EventBus.java:194) ~[eventbus-2.0.0-milestone.1-service.jar:?] {}
	at net.minecraftforge.eventbus.EventBus.addListener(EventBus.java:161) ~[eventbus-2.0.0-milestone.1-service.jar:?] {}
	at net.minecraftforge.eventbus.EventBus.addListener(EventBus.java:156) ~[eventbus-2.0.0-milestone.1-service.jar:?] {}
	at net.minecraftforge.eventbus.EventBus.addListener(EventBus.java:151) ~[eventbus-2.0.0-milestone.1-service.jar:?] {}
	at net.minecraftforge.fml.network.NetworkInstance.addListener(NetworkInstance.java:65) ~[?:?] {re:classloading}
	at net.minecraftforge.fml.network.simple.SimpleChannel.<init>(SimpleChannel.java:56) ~[?:?] {re:classloading}
	at net.minecraftforge.fml.network.simple.SimpleChannel.<init>(SimpleChannel.java:49) ~[?:?] {re:classloading}
	at net.minecraftforge.fml.network.NetworkRegistry$ChannelBuilder.simpleChannel(NetworkRegistry.java:409) ~[?:?] {re:classloading}
	at net.minecraftforge.fml.network.NetworkInitialization.getHandshakeChannel(NetworkInitialization.java:38) ~[?:?] {re:classloading}
	at net.minecraftforge.fml.network.FMLNetworkConstants.<clinit>(FMLNetworkConstants.java:48) ~[?:?] {re:classloading}
	... 17 more


A detailed walkthrough of the error, its code path and all known details is as follows:
---------------------------------------------------------------------------------------

-- Head --
Thread: Render thread
Stacktrace:
	at net.minecraftforge.fml.ModLoader.<init>(ModLoader.java:121)
	at net.minecraftforge.fml.ModLoader.get(ModLoader.java:146)
	at net.minecraftforge.fml.client.ClientModLoader.lambda$begin$2(ClientModLoader.java:97)
	at net.minecraftforge.fml.client.ClientModLoader.lambda$createRunnableWithCatch$5(ClientModLoader.java:113)
	at net.minecraftforge.fml.client.ClientModLoader.begin(ClientModLoader.java:97)
	at net.minecraft.client.Minecraft.<init>(Minecraft.java:393)

-- Initialization --
Details:
Stacktrace:
	at net.minecraft.client.main.Main.main(SourceFile:166)
	at java.base/jdk.internal.reflect.NativeMethodAccessorImpl.invoke0(Native Method)
	at java.base/jdk.internal.reflect.NativeMethodAccessorImpl.invoke(NativeMethodAccessorImpl.java:62)
	at java.base/jdk.internal.reflect.DelegatingMethodAccessorImpl.invoke(DelegatingMethodAccessorImpl.java:43)
	at java.base/java.lang.reflect.Method.invoke(Method.java:567)
	at net.minecraftforge.fml.loading.FMLClientLaunchProvider.lambda$launchService$0(FMLClientLaunchProvider.java:56)
	at cpw.mods.modlauncher.LaunchServiceHandlerDecorator.launch(LaunchServiceHandlerDecorator.java:37)
	at cpw.mods.modlauncher.LaunchServiceHandler.launch(LaunchServiceHandler.java:54)
	at cpw.mods.modlauncher.LaunchServiceHandler.launch(LaunchServiceHandler.java:72)
	at cpw.mods.modlauncher.Launcher.run(Launcher.java:81)
	at cpw.mods.modlauncher.Launcher.main(Launcher.java:65)

-- System Details --
Details:
	Minecraft Version: 1.15.2
	Minecraft Version ID: 1.15.2
	Operating System: Mac OS X (x86_64) version 10.14.6
	Java Version: 12.0.2, Oracle Corporation
	Java VM Version: Java HotSpot(TM) 64-Bit Server VM (mixed mode, sharing), Oracle Corporation
	Memory: 292485744 bytes (278 MB) / 1070596096 bytes (1021 MB) up to 2147483648 bytes (2048 MB)
	CPUs: 12
	JVM Flags: 1 total; -Xmx2G
	Launched Version: 1.15.2-forge-31.1.0
	Backend library: LWJGL version 3.2.1 build 12
	Backend API: AMD Radeon Pro 555X OpenGL Engine GL version 2.1 ATI-2.11.21, ATI Technologies Inc.
	GL Caps: Using framebuffer using ARB_framebuffer_object extension
	Using VBOs: Yes
	Is Modded: Definitely; Client brand changed to 'forge'
	Type: Client (map_client.txt)
	CPU: 12x Intel(R) Core(TM) i7-9750H CPU @ 2.60GHz
[224月2020 15:16:25.658] [Render thread/INFO] [STDOUT/]: [net.minecraft.util.registry.Bootstrap:func_179870_a:103]: #@!@# Game crashed! Crash report saved to: #@!@# /Users/resetpower/Library/Application Support/minecraft/crash-reports/crash-2020-04-22_15.16.25-client.txt
